{"level":"info","message":" server is running, http://localhost:3000","timestamp":"2025-10-26T18:36:32.333Z"}
{"level":"info","message":"mongoDB connected: ac-8jqrmm4-shard-00-01.sygyztr.mongodb.net","timestamp":"2025-10-26T18:36:35.211Z"}
{"level":"debug","message":"error at Auth controller ","timestamp":"2025-10-26T18:38:11.389Z"}
{"level":"error","message":"Invalid salt. Salt must be in the form of: $Vers$log2(NumRounds)$saltvalue","stack":"Error: Invalid salt. Salt must be in the form of: $Vers$log2(NumRounds)$saltvalue","timestamp":"2025-10-26T18:38:11.393Z"}
{"level":"info","message":"[2025-10-26T18:38:11.398Z] POST /api/user/send-otp 200 - 221ms - IP: ::1-------felwinshaji@gmail.com","timestamp":"2025-10-26T18:38:11.399Z"}
{"level":"debug","message":"error at Auth controller ","timestamp":"2025-10-26T18:38:15.820Z"}
{"level":"error","message":"Invalid salt. Salt must be in the form of: $Vers$log2(NumRounds)$saltvalue","stack":"Error: Invalid salt. Salt must be in the form of: $Vers$log2(NumRounds)$saltvalue","timestamp":"2025-10-26T18:38:15.821Z"}
{"level":"info","message":"[2025-10-26T18:38:15.823Z] POST /api/user/send-otp 200 - 4ms - IP: ::1-------felwinshaji@gmail.com","timestamp":"2025-10-26T18:38:15.823Z"}
{"level":"debug","message":"error at Auth controller ","timestamp":"2025-10-26T18:39:08.124Z"}
{"level":"error","message":"Invalid salt. Salt must be in the form of: $Vers$log2(NumRounds)$saltvalue","stack":"Error: Invalid salt. Salt must be in the form of: $Vers$log2(NumRounds)$saltvalue","timestamp":"2025-10-26T18:39:08.125Z"}
{"level":"info","message":"[2025-10-26T18:39:08.126Z] POST /api/user/send-otp 200 - 3ms - IP: ::1-------felwinshaji@gmail.com","timestamp":"2025-10-26T18:39:08.126Z"}
{"level":"info","message":" server is running, http://localhost:3000","timestamp":"2025-10-26T18:40:18.628Z"}
{"level":"info","message":"mongoDB connected: ac-8jqrmm4-shard-00-02.sygyztr.mongodb.net","timestamp":"2025-10-26T18:40:19.357Z"}
{"level":"debug","message":"error at Auth controller ","timestamp":"2025-10-26T18:40:45.774Z"}
{"level":"error","message":"Invalid salt. Salt must be in the form of: $Vers$log2(NumRounds)$saltvalue","stack":"Error: Invalid salt. Salt must be in the form of: $Vers$log2(NumRounds)$saltvalue","timestamp":"2025-10-26T18:40:45.778Z"}
{"level":"info","message":"[2025-10-26T18:40:45.781Z] POST /api/user/send-otp 200 - 19ms - IP: ::1-------felwinshaji@gmail.com","timestamp":"2025-10-26T18:40:45.781Z"}
{"level":"debug","message":"error at Auth controller ","timestamp":"2025-10-26T18:41:08.271Z"}
{"level":"error","message":"Invalid salt. Salt must be in the form of: $Vers$log2(NumRounds)$saltvalue","stack":"Error: Invalid salt. Salt must be in the form of: $Vers$log2(NumRounds)$saltvalue","timestamp":"2025-10-26T18:41:08.272Z"}
{"level":"info","message":"[2025-10-26T18:41:08.273Z] POST /api/user/send-otp 200 - 3ms - IP: ::1-------felwinshaji@gmail.com","timestamp":"2025-10-26T18:41:08.273Z"}
{"level":"info","message":" server is running, http://localhost:3000","timestamp":"2025-10-26T18:43:09.161Z"}
{"level":"info","message":"mongoDB connected: ac-8jqrmm4-shard-00-02.sygyztr.mongodb.net","timestamp":"2025-10-26T18:43:09.870Z"}
{"level":"debug","message":"error at Auth controller ","timestamp":"2025-10-26T18:43:14.722Z"}
{"level":"error","message":"Invalid salt. Salt must be in the form of: $Vers$log2(NumRounds)$saltvalue","stack":"Error: Invalid salt. Salt must be in the form of: $Vers$log2(NumRounds)$saltvalue","timestamp":"2025-10-26T18:43:14.724Z"}
{"level":"info","message":"[2025-10-26T18:43:14.727Z] POST /api/user/send-otp 200 - 17ms - IP: ::1-------felwinshaji@gmail.com","timestamp":"2025-10-26T18:43:14.727Z"}
{"level":"debug","message":"error at Auth controller ","timestamp":"2025-10-26T18:45:13.372Z"}
{"level":"error","message":"Invalid salt. Salt must be in the form of: $Vers$log2(NumRounds)$saltvalue","stack":"Error: Invalid salt. Salt must be in the form of: $Vers$log2(NumRounds)$saltvalue","timestamp":"2025-10-26T18:45:13.373Z"}
{"level":"info","message":"[2025-10-26T18:45:13.375Z] POST /api/user/send-otp 200 - 3ms - IP: ::1-------felwinshaji@gmail.com","timestamp":"2025-10-26T18:45:13.375Z"}
{"level":"info","message":" server is running, http://localhost:3000","timestamp":"2025-10-26T18:48:15.446Z"}
{"level":"info","message":"mongoDB connected: ac-8jqrmm4-shard-00-01.sygyztr.mongodb.net","timestamp":"2025-10-26T18:48:16.152Z"}
{"level":"debug","message":"error at Auth controller ","timestamp":"2025-10-26T18:48:32.096Z"}
{"level":"error","message":"Invalid OTP. OTP must be a 6-digit numeric string.","stack":"Error: Invalid OTP. OTP must be a 6-digit numeric string.\n    at OtpVo.create (file:///G:/CarryGo/CarryGo_/server/dist/Domain/ValueObjects/otp.valueObject.js:11:19)\n    at SendOtpUseCase.execute (file:///G:/CarryGo/CarryGo_/server/dist/Application/useCase/send-otp.usecase.js:26:39)\n    at process.processTicksAndRejections (node:internal/process/task_queues:105:5)\n    at async sentOtp (file:///G:/CarryGo/CarryGo_/server/dist/Interface_Adapters/controllers/AuthController.js:14:13)","timestamp":"2025-10-26T18:48:32.234Z"}
{"level":"info","message":"[2025-10-26T18:48:32.237Z] POST /api/user/send-otp 200 - 153ms - IP: ::1-------felwinshaji@gmail.com","timestamp":"2025-10-26T18:48:32.237Z"}
{"level":"info","message":" server is running, http://localhost:3000","timestamp":"2025-10-26T18:52:10.296Z"}
{"level":"info","message":"mongoDB connected: ac-8jqrmm4-shard-00-02.sygyztr.mongodb.net","timestamp":"2025-10-26T18:52:12.893Z"}
{"level":"debug","message":"error at Auth controller ","timestamp":"2025-10-26T18:52:16.621Z"}
{"level":"error","message":"Password must be at least 6 characters","stack":"Error: Password must be at least 6 characters\n    at PasswordVo.create (file:///G:/CarryGo/CarryGo_/server/dist/Domain/ValueObjects/password.valueObject.js:11:19)\n    at SendOtpUseCase.execute (file:///G:/CarryGo/CarryGo_/server/dist/Application/useCase/send-otp.usecase.js:18:49)\n    at sentOtp (file:///G:/CarryGo/CarryGo_/server/dist/Interface_Adapters/controllers/AuthController.js:14:40)\n    at Layer.handleRequest (G:\\CarryGo\\CarryGo_\\server\\node_modules\\router\\lib\\layer.js:152:17)\n    at next (G:\\CarryGo\\CarryGo_\\server\\node_modules\\router\\lib\\route.js:157:13)\n    at Route.dispatch (G:\\CarryGo\\CarryGo_\\server\\node_modules\\router\\lib\\route.js:117:3)\n    at handle (G:\\CarryGo\\CarryGo_\\server\\node_modules\\router\\index.js:435:11)\n    at Layer.handleRequest (G:\\CarryGo\\CarryGo_\\server\\node_modules\\router\\lib\\layer.js:152:17)\n    at G:\\CarryGo\\CarryGo_\\server\\node_modules\\router\\index.js:295:15\n    at processParams (G:\\CarryGo\\CarryGo_\\server\\node_modules\\router\\index.js:582:12)","timestamp":"2025-10-26T18:52:16.622Z"}
{"level":"debug","message":"error at Auth controller ","timestamp":"2025-10-26T18:52:16.623Z"}
{"level":"info","message":"[2025-10-26T18:52:16.627Z] POST /api/user/send-otp 500 - 18ms - IP: ::1-------felwinshaji@gmail.com","timestamp":"2025-10-26T18:52:16.627Z"}
{"level":"info","message":" server is running, http://localhost:3000","timestamp":"2025-10-26T18:53:23.154Z"}
{"level":"info","message":"mongoDB connected: ac-8jqrmm4-shard-00-02.sygyztr.mongodb.net","timestamp":"2025-10-26T18:53:23.826Z"}
{"level":"debug","message":"error at Auth controller ","timestamp":"2025-10-26T18:53:26.192Z"}
{"level":"info","message":"[2025-10-26T18:53:31.235Z] POST /api/user/send-otp 200 - 5054ms - IP: ::1-------felwinshaji@gmail.com","timestamp":"2025-10-26T18:53:31.235Z"}
{"level":"info","message":" server is running, http://localhost:3000","timestamp":"2025-10-26T18:55:03.772Z"}
{"level":"info","message":"mongoDB connected: ac-8jqrmm4-shard-00-01.sygyztr.mongodb.net","timestamp":"2025-10-26T18:55:06.285Z"}
{"level":"debug","message":"error at Auth controller ","timestamp":"2025-10-26T18:55:10.783Z"}
{"level":"error","message":"Please wait until the current OTP expires before requesting a new one.","stack":"Error: Please wait until the current OTP expires before requesting a new one.\n    at SendOtpUseCase.execute (file:///G:/CarryGo/CarryGo_/server/dist/Application/useCase/send-otp.usecase.js:24:23)\n    at process.processTicksAndRejections (node:internal/process/task_queues:105:5)\n    at async sentOtp (file:///G:/CarryGo/CarryGo_/server/dist/Interface_Adapters/controllers/AuthController.js:14:13)","timestamp":"2025-10-26T18:55:10.925Z"}
{"level":"debug","message":"error at Auth controller ","timestamp":"2025-10-26T18:55:10.925Z"}
{"level":"info","message":"[2025-10-26T18:55:10.928Z] POST /api/user/send-otp 500 - 157ms - IP: ::1-------felwinshaji@gmail.com","timestamp":"2025-10-26T18:55:10.928Z"}
{"level":"info","message":" server is running, http://localhost:3000","timestamp":"2025-10-26T18:57:50.454Z"}
{"level":"info","message":"mongoDB connected: ac-8jqrmm4-shard-00-02.sygyztr.mongodb.net","timestamp":"2025-10-26T18:57:53.199Z"}
{"level":"debug","message":"error at Auth controller ","timestamp":"2025-10-26T18:57:55.400Z"}
{"level":"info","message":"[2025-10-26T18:58:00.578Z] POST /api/user/send-otp 200 - 5189ms - IP: ::1-------felwinshaji@gmail.com","timestamp":"2025-10-26T18:58:00.578Z"}
