{level:[32minfo[39m ---- message:[32m[2025-11-16T18:37:07.879Z] OPTIONS /api/auth/refresh 204 - 0ms - IP: ::1-------undefined[39m ---- timestamp:2025-11-16T18:37:07.879Z}
{level:[32minfo[39m ---- message:[32m[2025-11-16T18:37:08.058Z] POST /api/auth/refresh 200 - 168ms - IP: ::1-------[object Object][39m ---- timestamp:2025-11-16T18:37:08.058Z}
{level:[32minfo[39m ---- message:[32m[2025-11-16T18:37:08.061Z] POST /api/auth/refresh 200 - 175ms - IP: ::1-------[object Object][39m ---- timestamp:2025-11-16T18:37:08.061Z}
{level:[32minfo[39m ---- message:[32m[2025-11-16T18:37:08.216Z] POST /api/auth/refresh 200 - 127ms - IP: ::1-------[object Object][39m ---- timestamp:2025-11-16T18:37:08.216Z}
{level:[32minfo[39m ---- message:[32m[2025-11-16T18:49:03.143Z] OPTIONS /api/auth/refresh 204 - 0ms - IP: ::1-------undefined[39m ---- timestamp:2025-11-16T18:49:03.143Z}
{level:[32minfo[39m ---- message:[32m[2025-11-16T18:49:03.281Z] POST /api/auth/refresh 200 - 130ms - IP: ::1-------[object Object][39m ---- timestamp:2025-11-16T18:49:03.282Z}
{level:[32minfo[39m ---- message:[32m[2025-11-16T18:49:03.407Z] POST /api/auth/refresh 200 - 259ms - IP: ::1-------[object Object][39m ---- timestamp:2025-11-16T18:49:03.407Z}
{level:[32minfo[39m ---- message:[32m[2025-11-16T18:49:03.466Z] POST /api/auth/refresh 200 - 167ms - IP: ::1-------[object Object][39m ---- timestamp:2025-11-16T18:49:03.466Z}
{level:[32minfo[39m ---- message:[32m[2025-11-16T18:53:59.108Z] OPTIONS /api/auth/refresh 204 - 0ms - IP: ::1-------undefined[39m ---- timestamp:2025-11-16T18:53:59.108Z}
{level:[32minfo[39m ---- message:[32m[2025-11-16T18:53:59.368Z] POST /api/auth/refresh 200 - 257ms - IP: ::1-------[object Object][39m ---- timestamp:2025-11-16T18:53:59.368Z}
{level:[32minfo[39m ---- message:[32m[2025-11-16T18:53:59.377Z] POST /api/auth/refresh 200 - 263ms - IP: ::1-------[object Object][39m ---- timestamp:2025-11-16T18:53:59.377Z}
{level:[32minfo[39m ---- message:[32m[2025-11-16T18:53:59.636Z] POST /api/auth/refresh 200 - 243ms - IP: ::1-------[object Object][39m ---- timestamp:2025-11-16T18:53:59.636Z}
{level:[32minfo[39m ---- message:[32m[2025-11-16T19:01:47.403Z] OPTIONS /api/auth/refresh 204 - 0ms - IP: ::1-------undefined[39m ---- timestamp:2025-11-16T19:01:47.403Z}
{level:[32minfo[39m ---- message:[32m[2025-11-16T19:01:47.406Z] OPTIONS /api/auth/refresh 204 - 1ms - IP: ::1-------undefined[39m ---- timestamp:2025-11-16T19:01:47.406Z}
{level:[32minfo[39m ---- message:[32m[2025-11-16T19:01:47.738Z] POST /api/auth/refresh 200 - 331ms - IP: ::1-------[object Object][39m ---- timestamp:2025-11-16T19:01:47.738Z}
{level:[32minfo[39m ---- message:[32m[2025-11-16T19:01:47.845Z] POST /api/auth/refresh 200 - 436ms - IP: ::1-------[object Object][39m ---- timestamp:2025-11-16T19:01:47.845Z}
{level:[32minfo[39m ---- message:[32m[2025-11-16T19:01:51.522Z] POST /api/auth/refresh 200 - 134ms - IP: ::1-------[object Object][39m ---- timestamp:2025-11-16T19:01:51.522Z}
{level:[32minfo[39m ---- message:[32m[2025-11-16T19:01:51.524Z] POST /api/auth/refresh 200 - 132ms - IP: ::1-------[object Object][39m ---- timestamp:2025-11-16T19:01:51.524Z}
{level:[32minfo[39m ---- message:[32m[2025-11-16T19:03:19.394Z] OPTIONS /api/auth/refresh 204 - 0ms - IP: ::1-------undefined[39m ---- timestamp:2025-11-16T19:03:19.394Z}
{level:[32minfo[39m ---- message:[32m[2025-11-16T19:03:19.584Z] POST /api/auth/refresh 200 - 184ms - IP: ::1-------[object Object][39m ---- timestamp:2025-11-16T19:03:19.584Z}
{level:[32minfo[39m ---- message:[32m[2025-11-16T19:03:19.965Z] POST /api/auth/refresh 200 - 365ms - IP: ::1-------[object Object][39m ---- timestamp:2025-11-16T19:03:19.965Z}
{level:[32minfo[39m ---- message:[32m[2025-11-16T19:03:20.063Z] POST /api/auth/refresh 200 - 665ms - IP: ::1-------[object Object][39m ---- timestamp:2025-11-16T19:03:20.064Z}
{level:[32minfo[39m ---- message:[32m server is running, http://localhost:3000[39m ---- timestamp:2025-11-17T03:51:26.536Z}
{level:[32minfo[39m ---- message:[32mmongoDB connected: ac-8jqrmm4-shard-00-02.sygyztr.mongodb.net[39m ---- timestamp:2025-11-17T03:51:28.139Z}
{level:[32minfo[39m ---- message:[32m[2025-11-17T03:51:47.575Z] OPTIONS /api/auth/refresh 204 - 7ms - IP: ::1-------undefined[39m ---- timestamp:2025-11-17T03:51:47.577Z}
{level:[32minfo[39m ---- message:[32m[2025-11-17T03:51:47.584Z] OPTIONS /api/auth/refresh 204 - 1ms - IP: ::1-------undefined[39m ---- timestamp:2025-11-17T03:51:47.584Z}
{level:[32minfo[39m ---- message:[32m[2025-11-17T03:51:48.526Z] POST /api/auth/refresh 200 - 301ms - IP: ::1-------[object Object][39m ---- timestamp:2025-11-17T03:51:48.527Z}
{level:[32minfo[39m ---- message:[32m[2025-11-17T03:51:48.537Z] POST /api/auth/refresh 200 - 360ms - IP: ::1-------[object Object][39m ---- timestamp:2025-11-17T03:51:48.537Z}
{level:[32minfo[39m ---- message:[32m[2025-11-17T03:51:48.825Z] POST /api/auth/refresh 200 - 276ms - IP: ::1-------[object Object][39m ---- timestamp:2025-11-17T03:51:48.825Z}
{level:[32minfo[39m ---- message:[32m[2025-11-17T03:52:15.807Z] OPTIONS /api/auth/refresh 204 - 1ms - IP: ::1-------undefined[39m ---- timestamp:2025-11-17T03:52:15.808Z}
{level:[32minfo[39m ---- message:[32m[2025-11-17T03:52:15.818Z] POST /api/auth/refresh 200 - 2ms - IP: ::1-------[object Object][39m ---- timestamp:2025-11-17T03:52:15.818Z}
{level:[32minfo[39m ---- message:[32m[2025-11-17T03:52:15.823Z] POST /api/auth/refresh 200 - 2ms - IP: ::1-------[object Object][39m ---- timestamp:2025-11-17T03:52:15.824Z}
{level:[32minfo[39m ---- message:[32m[2025-11-17T03:52:15.853Z] POST /api/auth/refresh 200 - 4ms - IP: ::1-------[object Object][39m ---- timestamp:2025-11-17T03:52:15.854Z}
{level:[32minfo[39m ---- message:[32m[2025-11-17T03:52:30.171Z] OPTIONS /api/auth/login 204 - 1ms - IP: ::1-------undefined[39m ---- timestamp:2025-11-17T03:52:30.172Z}
{level:[31merror[39m ---- message:[31m[POST] /api/auth/login - User not found[39m ---- timestamp:2025-11-17T03:52:30.396Z}
{level:[32minfo[39m ---- message:[32m[2025-11-17T03:52:30.399Z] POST /api/auth/login 404 - 223ms - IP: ::1-------[object Object][39m ---- timestamp:2025-11-17T03:52:30.399Z}
{level:[32minfo[39m ---- message:[32m[2025-11-17T03:52:49.014Z] OPTIONS /api/auth/login 204 - 0ms - IP: ::1-------undefined[39m ---- timestamp:2025-11-17T03:52:49.014Z}
{level:[31merror[39m ---- message:[31m[POST] /api/auth/login - User not found[39m ---- timestamp:2025-11-17T03:52:49.135Z}
{level:[32minfo[39m ---- message:[32m[2025-11-17T03:52:49.137Z] POST /api/auth/login 404 - 119ms - IP: ::1-------[object Object][39m ---- timestamp:2025-11-17T03:52:49.137Z}
{level:[32minfo[39m ---- message:[32m server is running, http://localhost:3000[39m ---- timestamp:2025-11-17T03:54:46.652Z}
{level:[32minfo[39m ---- message:[32mmongoDB connected: ac-8jqrmm4-shard-00-00.sygyztr.mongodb.net[39m ---- timestamp:2025-11-17T03:54:48.642Z}
{level:[32minfo[39m ---- message:[32m[2025-11-17T03:54:59.385Z] OPTIONS /api/auth/login 204 - 5ms - IP: ::1-------undefined[39m ---- timestamp:2025-11-17T03:54:59.386Z}
{level:[32minfo[39m ---- message:[32m[2025-11-17T03:54:59.987Z] POST /api/auth/login 200 - 560ms - IP: ::1-------[object Object][39m ---- timestamp:2025-11-17T03:54:59.987Z}
{level:[32minfo[39m ---- message:[32m[2025-11-17T03:55:09.316Z] OPTIONS /api/auth/refresh 204 - 1ms - IP: ::1-------undefined[39m ---- timestamp:2025-11-17T03:55:09.317Z}
{level:[32minfo[39m ---- message:[32m[2025-11-17T03:55:10.208Z] POST /api/auth/refresh 200 - 869ms - IP: ::1-------[object Object][39m ---- timestamp:2025-11-17T03:55:10.208Z}
{level:[32minfo[39m ---- message:[32m[2025-11-17T03:55:10.218Z] POST /api/auth/refresh 200 - 893ms - IP: ::1-------[object Object][39m ---- timestamp:2025-11-17T03:55:10.218Z}
{level:[32minfo[39m ---- message:[32m[2025-11-17T03:55:11.171Z] POST /api/auth/refresh 200 - 939ms - IP: ::1-------[object Object][39m ---- timestamp:2025-11-17T03:55:11.171Z}
{level:[32minfo[39m ---- message:[32m[2025-11-17T04:01:42.630Z] OPTIONS /api/auth/refresh 204 - 2ms - IP: ::1-------undefined[39m ---- timestamp:2025-11-17T04:01:42.631Z}
{level:[32minfo[39m ---- message:[32m[2025-11-17T04:01:42.965Z] POST /api/auth/refresh 200 - 329ms - IP: ::1-------[object Object][39m ---- timestamp:2025-11-17T04:01:42.965Z}
{level:[32minfo[39m ---- message:[32m[2025-11-17T04:01:43.023Z] POST /api/auth/refresh 200 - 379ms - IP: ::1-------[object Object][39m ---- timestamp:2025-11-17T04:01:43.023Z}
{level:[32minfo[39m ---- message:[32m[2025-11-17T04:01:43.168Z] POST /api/auth/refresh 200 - 168ms - IP: ::1-------[object Object][39m ---- timestamp:2025-11-17T04:01:43.168Z}
{level:[32minfo[39m ---- message:[32m[2025-11-17T04:24:03.553Z] OPTIONS /api/auth/refresh 204 - 1ms - IP: ::1-------undefined[39m ---- timestamp:2025-11-17T04:24:03.553Z}
{level:[32minfo[39m ---- message:[32m[2025-11-17T04:24:03.558Z] POST /api/auth/refresh 200 - 2ms - IP: ::1-------[object Object][39m ---- timestamp:2025-11-17T04:24:03.558Z}
{level:[32minfo[39m ---- message:[32m[2025-11-17T04:24:03.597Z] POST /api/auth/refresh 200 - 3ms - IP: ::1-------[object Object][39m ---- timestamp:2025-11-17T04:24:03.597Z}
{level:[32minfo[39m ---- message:[32m[2025-11-17T04:24:03.711Z] POST /api/auth/refresh 200 - 2ms - IP: ::1-------[object Object][39m ---- timestamp:2025-11-17T04:24:03.712Z}
{level:[32minfo[39m ---- message:[32m[2025-11-17T04:24:34.536Z] OPTIONS /api/auth/login 204 - 1ms - IP: ::1-------undefined[39m ---- timestamp:2025-11-17T04:24:34.536Z}
{level:[32minfo[39m ---- message:[32m[2025-11-17T04:24:36.181Z] POST /api/auth/login 200 - 1641ms - IP: ::1-------[object Object][39m ---- timestamp:2025-11-17T04:24:36.181Z}
{level:[32minfo[39m ---- message:[32m[2025-11-17T04:24:50.997Z] OPTIONS /api/auth/refresh 204 - 0ms - IP: ::1-------undefined[39m ---- timestamp:2025-11-17T04:24:50.997Z}
{level:[32minfo[39m ---- message:[32m[2025-11-17T04:24:51.546Z] POST /api/auth/refresh 200 - 544ms - IP: ::1-------[object Object][39m ---- timestamp:2025-11-17T04:24:51.547Z}
{level:[32minfo[39m ---- message:[32m[2025-11-17T04:24:52.363Z] POST /api/auth/refresh 200 - 789ms - IP: ::1-------[object Object][39m ---- timestamp:2025-11-17T04:24:52.363Z}
{level:[32minfo[39m ---- message:[32m[2025-11-17T04:24:53.101Z] POST /api/auth/refresh 200 - 2084ms - IP: ::1-------[object Object][39m ---- timestamp:2025-11-17T04:24:53.101Z}
{level:[32minfo[39m ---- message:[32m[2025-11-17T04:26:36.867Z] OPTIONS /api/auth/refresh 204 - 1ms - IP: ::1-------undefined[39m ---- timestamp:2025-11-17T04:26:36.867Z}
{level:[32minfo[39m ---- message:[32m[2025-11-17T04:26:36.872Z] POST /api/auth/refresh 200 - 1ms - IP: ::1-------[object Object][39m ---- timestamp:2025-11-17T04:26:36.872Z}
{level:[32minfo[39m ---- message:[32m[2025-11-17T04:26:36.879Z] POST /api/auth/refresh 200 - 2ms - IP: ::1-------[object Object][39m ---- timestamp:2025-11-17T04:26:36.879Z}
{level:[32minfo[39m ---- message:[32m[2025-11-17T04:26:36.937Z] POST /api/auth/refresh 200 - 1ms - IP: ::1-------[object Object][39m ---- timestamp:2025-11-17T04:26:36.938Z}
{level:[32minfo[39m ---- message:[32m[2025-11-17T04:26:46.935Z] OPTIONS /api/auth/login 204 - 1ms - IP: ::1-------undefined[39m ---- timestamp:2025-11-17T04:26:46.935Z}
{level:[32minfo[39m ---- message:[32m[2025-11-17T04:26:48.193Z] POST /api/auth/login 200 - 1254ms - IP: ::1-------[object Object][39m ---- timestamp:2025-11-17T04:26:48.193Z}
{level:[32minfo[39m ---- message:[32m[2025-11-17T04:28:35.764Z] OPTIONS /api/auth/refresh 204 - 1ms - IP: ::1-------undefined[39m ---- timestamp:2025-11-17T04:28:35.764Z}
{level:[32minfo[39m ---- message:[32m[2025-11-17T04:28:36.127Z] POST /api/auth/refresh 200 - 357ms - IP: ::1-------[object Object][39m ---- timestamp:2025-11-17T04:28:36.127Z}
{level:[32minfo[39m ---- message:[32m[2025-11-17T04:28:36.556Z] POST /api/auth/refresh 200 - 781ms - IP: ::1-------[object Object][39m ---- timestamp:2025-11-17T04:28:36.556Z}
{level:[32minfo[39m ---- message:[32m[2025-11-17T04:28:36.742Z] POST /api/auth/refresh 200 - 603ms - IP: ::1-------[object Object][39m ---- timestamp:2025-11-17T04:28:36.742Z}
{level:[32minfo[39m ---- message:[32m[2025-11-17T04:29:21.618Z] OPTIONS /api/auth/refresh 204 - 1ms - IP: ::1-------undefined[39m ---- timestamp:2025-11-17T04:29:21.618Z}
{level:[32minfo[39m ---- message:[32m[2025-11-17T04:29:21.624Z] POST /api/auth/refresh 200 - 1ms - IP: ::1-------[object Object][39m ---- timestamp:2025-11-17T04:29:21.625Z}
{level:[32minfo[39m ---- message:[32m[2025-11-17T04:29:21.631Z] POST /api/auth/refresh 200 - 2ms - IP: ::1-------[object Object][39m ---- timestamp:2025-11-17T04:29:21.631Z}
{level:[32minfo[39m ---- message:[32m[2025-11-17T04:29:21.676Z] POST /api/auth/refresh 200 - 2ms - IP: ::1-------[object Object][39m ---- timestamp:2025-11-17T04:29:21.676Z}
{level:[32minfo[39m ---- message:[32m[2025-11-17T04:29:40.025Z] OPTIONS /api/auth/login 204 - 1ms - IP: ::1-------undefined[39m ---- timestamp:2025-11-17T04:29:40.025Z}
{level:[32minfo[39m ---- message:[32m[2025-11-17T04:29:40.331Z] POST /api/auth/login 200 - 299ms - IP: ::1-------[object Object][39m ---- timestamp:2025-11-17T04:29:40.331Z}
{level:[32minfo[39m ---- message:[32m[2025-11-17T05:37:17.022Z] OPTIONS /api/auth/refresh 204 - 0ms - IP: ::1-------undefined[39m ---- timestamp:2025-11-17T05:37:17.023Z}
{level:[32minfo[39m ---- message:[32m[2025-11-17T05:37:18.538Z] POST /api/auth/refresh 200 - 1511ms - IP: ::1-------[object Object][39m ---- timestamp:2025-11-17T05:37:18.538Z}
{level:[32minfo[39m ---- message:[32m[2025-11-17T05:37:19.053Z] POST /api/auth/refresh 200 - 2007ms - IP: ::1-------[object Object][39m ---- timestamp:2025-11-17T05:37:19.053Z}
{level:[32minfo[39m ---- message:[32m[2025-11-17T05:37:19.386Z] POST /api/auth/refresh 200 - 792ms - IP: ::1-------[object Object][39m ---- timestamp:2025-11-17T05:37:19.386Z}
{level:[32minfo[39m ---- message:[32m[2025-11-17T05:37:39.759Z] OPTIONS /api/auth/refresh 204 - 1ms - IP: ::1-------undefined[39m ---- timestamp:2025-11-17T05:37:39.759Z}
{level:[32minfo[39m ---- message:[32m[2025-11-17T05:37:39.768Z] POST /api/auth/refresh 200 - 2ms - IP: ::1-------[object Object][39m ---- timestamp:2025-11-17T05:37:39.769Z}
{level:[32minfo[39m ---- message:[32m[2025-11-17T05:37:39.774Z] POST /api/auth/refresh 200 - 1ms - IP: ::1-------[object Object][39m ---- timestamp:2025-11-17T05:37:39.774Z}
{level:[32minfo[39m ---- message:[32m[2025-11-17T05:37:39.849Z] POST /api/auth/refresh 200 - 2ms - IP: ::1-------[object Object][39m ---- timestamp:2025-11-17T05:37:39.849Z}
{level:[32minfo[39m ---- message:[32m[2025-11-17T05:37:53.866Z] OPTIONS /api/auth/login 204 - 1ms - IP: ::1-------undefined[39m ---- timestamp:2025-11-17T05:37:53.866Z}
{level:[32minfo[39m ---- message:[32m[2025-11-17T05:37:54.406Z] POST /api/auth/login 200 - 536ms - IP: ::1-------[object Object][39m ---- timestamp:2025-11-17T05:37:54.406Z}
{level:[32minfo[39m ---- message:[32m[2025-11-17T05:39:40.307Z] OPTIONS /api/auth/refresh 204 - 0ms - IP: ::1-------undefined[39m ---- timestamp:2025-11-17T05:39:40.307Z}
{level:[32minfo[39m ---- message:[32m[2025-11-17T05:39:40.700Z] POST /api/auth/refresh 200 - 385ms - IP: ::1-------[object Object][39m ---- timestamp:2025-11-17T05:39:40.700Z}
{level:[32minfo[39m ---- message:[32m[2025-11-17T05:39:40.705Z] POST /api/auth/refresh 200 - 395ms - IP: ::1-------[object Object][39m ---- timestamp:2025-11-17T05:39:40.705Z}
{level:[32minfo[39m ---- message:[32m[2025-11-17T05:39:41.110Z] POST /api/auth/refresh 200 - 383ms - IP: ::1-------[object Object][39m ---- timestamp:2025-11-17T05:39:41.110Z}
{level:[32minfo[39m ---- message:[32m[2025-11-17T05:39:56.355Z] OPTIONS /api/auth/refresh 204 - 1ms - IP: ::1-------undefined[39m ---- timestamp:2025-11-17T05:39:56.355Z}
{level:[32minfo[39m ---- message:[32m[2025-11-17T05:39:56.360Z] POST /api/auth/refresh 200 - 2ms - IP: ::1-------[object Object][39m ---- timestamp:2025-11-17T05:39:56.360Z}
{level:[32minfo[39m ---- message:[32m[2025-11-17T05:39:56.366Z] POST /api/auth/refresh 200 - 2ms - IP: ::1-------[object Object][39m ---- timestamp:2025-11-17T05:39:56.366Z}
{level:[32minfo[39m ---- message:[32m[2025-11-17T05:39:56.397Z] POST /api/auth/refresh 200 - 1ms - IP: ::1-------[object Object][39m ---- timestamp:2025-11-17T05:39:56.398Z}
{level:[32minfo[39m ---- message:[32m[2025-11-17T05:40:09.015Z] OPTIONS /api/auth/login 204 - 0ms - IP: ::1-------undefined[39m ---- timestamp:2025-11-17T05:40:09.015Z}
{level:[32minfo[39m ---- message:[32m[2025-11-17T05:40:09.474Z] POST /api/auth/login 200 - 454ms - IP: ::1-------[object Object][39m ---- timestamp:2025-11-17T05:40:09.474Z}
{level:[32minfo[39m ---- message:[32m[2025-11-17T05:40:31.229Z] OPTIONS /api/auth/refresh 204 - 1ms - IP: ::1-------undefined[39m ---- timestamp:2025-11-17T05:40:31.229Z}
{level:[32minfo[39m ---- message:[32m[2025-11-17T05:40:31.493Z] POST /api/auth/refresh 200 - 243ms - IP: ::1-------[object Object][39m ---- timestamp:2025-11-17T05:40:31.493Z}
{level:[32minfo[39m ---- message:[32m[2025-11-17T05:40:31.499Z] POST /api/auth/refresh 200 - 264ms - IP: ::1-------[object Object][39m ---- timestamp:2025-11-17T05:40:31.499Z}
{level:[32minfo[39m ---- message:[32m[2025-11-17T05:40:31.902Z] POST /api/auth/refresh 200 - 370ms - IP: ::1-------[object Object][39m ---- timestamp:2025-11-17T05:40:31.902Z}
{level:[32minfo[39m ---- message:[32m[2025-11-17T05:42:56.321Z] OPTIONS /api/auth/refresh 204 - 1ms - IP: ::1-------undefined[39m ---- timestamp:2025-11-17T05:42:56.321Z}
{level:[32minfo[39m ---- message:[32m[2025-11-17T05:42:56.328Z] POST /api/auth/refresh 200 - 3ms - IP: ::1-------[object Object][39m ---- timestamp:2025-11-17T05:42:56.328Z}
{level:[32minfo[39m ---- message:[32m[2025-11-17T05:42:56.345Z] POST /api/auth/refresh 200 - 1ms - IP: ::1-------[object Object][39m ---- timestamp:2025-11-17T05:42:56.345Z}
{level:[32minfo[39m ---- message:[32m[2025-11-17T05:42:56.442Z] POST /api/auth/refresh 200 - 1ms - IP: ::1-------[object Object][39m ---- timestamp:2025-11-17T05:42:56.442Z}
{level:[32minfo[39m ---- message:[32m[2025-11-17T05:43:08.328Z] OPTIONS /api/auth/login 204 - 1ms - IP: ::1-------undefined[39m ---- timestamp:2025-11-17T05:43:08.328Z}
{level:[32minfo[39m ---- message:[32m[2025-11-17T05:43:09.191Z] POST /api/auth/login 200 - 858ms - IP: ::1-------[object Object][39m ---- timestamp:2025-11-17T05:43:09.191Z}
{level:[32minfo[39m ---- message:[32m[2025-11-17T05:45:32.194Z] OPTIONS /api/auth/refresh 204 - 1ms - IP: ::1-------undefined[39m ---- timestamp:2025-11-17T05:45:32.194Z}
{level:[32minfo[39m ---- message:[32m[2025-11-17T05:45:32.456Z] POST /api/auth/refresh 200 - 258ms - IP: ::1-------[object Object][39m ---- timestamp:2025-11-17T05:45:32.456Z}
{level:[32minfo[39m ---- message:[32m[2025-11-17T05:45:37.288Z] OPTIONS /api/auth/refresh 204 - 2ms - IP: ::1-------undefined[39m ---- timestamp:2025-11-17T05:45:37.288Z}
{level:[32minfo[39m ---- message:[32m[2025-11-17T05:45:37.474Z] POST /api/auth/refresh 200 - 183ms - IP: ::1-------[object Object][39m ---- timestamp:2025-11-17T05:45:37.474Z}
{level:[32minfo[39m ---- message:[32m[2025-11-17T05:45:37.778Z] POST /api/auth/refresh 200 - 235ms - IP: ::1-------[object Object][39m ---- timestamp:2025-11-17T05:45:37.779Z}
{level:[32minfo[39m ---- message:[32m[2025-11-17T05:45:38.089Z] POST /api/auth/refresh 200 - 759ms - IP: ::1-------[object Object][39m ---- timestamp:2025-11-17T05:45:38.089Z}
{level:[32minfo[39m ---- message:[32m[2025-11-17T05:49:11.237Z] OPTIONS /api/auth/refresh 204 - 1ms - IP: ::1-------undefined[39m ---- timestamp:2025-11-17T05:49:11.237Z}
{level:[32minfo[39m ---- message:[32m[2025-11-17T05:49:11.491Z] POST /api/auth/refresh 200 - 250ms - IP: ::1-------[object Object][39m ---- timestamp:2025-11-17T05:49:11.492Z}
{level:[32minfo[39m ---- message:[32m[2025-11-17T05:49:11.497Z] POST /api/auth/refresh 200 - 237ms - IP: ::1-------[object Object][39m ---- timestamp:2025-11-17T05:49:11.497Z}
{level:[32minfo[39m ---- message:[32m[2025-11-17T05:49:11.798Z] POST /api/auth/refresh 200 - 237ms - IP: ::1-------[object Object][39m ---- timestamp:2025-11-17T05:49:11.798Z}
{level:[32minfo[39m ---- message:[32m[2025-11-17T05:49:13.136Z] OPTIONS /api/auth/logout 204 - 1ms - IP: ::1-------undefined[39m ---- timestamp:2025-11-17T05:49:13.136Z}
{level:[32minfo[39m ---- message:[32m[2025-11-17T05:49:13.333Z] POST /api/auth/logout 200 - 192ms - IP: ::1-------[object Object][39m ---- timestamp:2025-11-17T05:49:13.333Z}
{level:[32minfo[39m ---- message:[32m[2025-11-17T05:49:46.893Z] OPTIONS /api/auth/login 204 - 0ms - IP: ::1-------undefined[39m ---- timestamp:2025-11-17T05:49:46.894Z}
{level:[32minfo[39m ---- message:[32m[2025-11-17T05:49:47.330Z] POST /api/auth/login 200 - 433ms - IP: ::1-------[object Object][39m ---- timestamp:2025-11-17T05:49:47.330Z}
{level:[32minfo[39m ---- message:[32m[2025-11-17T05:50:45.927Z] OPTIONS /api/auth/refresh 204 - 0ms - IP: ::1-------undefined[39m ---- timestamp:2025-11-17T05:50:45.928Z}
{level:[32minfo[39m ---- message:[32m[2025-11-17T05:50:46.315Z] POST /api/auth/refresh 200 - 383ms - IP: ::1-------[object Object][39m ---- timestamp:2025-11-17T05:50:46.315Z}
{level:[32minfo[39m ---- message:[32m[2025-11-17T05:50:46.524Z] POST /api/auth/refresh 200 - 188ms - IP: ::1-------[object Object][39m ---- timestamp:2025-11-17T05:50:46.524Z}
{level:[32minfo[39m ---- message:[32m[2025-11-17T05:50:46.567Z] POST /api/auth/refresh 200 - 628ms - IP: ::1-------[object Object][39m ---- timestamp:2025-11-17T05:50:46.567Z}
{level:[32minfo[39m ---- message:[32m[2025-11-17T05:50:47.123Z] OPTIONS /api/auth/logout 204 - 0ms - IP: ::1-------undefined[39m ---- timestamp:2025-11-17T05:50:47.123Z}
{level:[32minfo[39m ---- message:[32m[2025-11-17T05:50:47.323Z] POST /api/auth/logout 200 - 197ms - IP: ::1-------[object Object][39m ---- timestamp:2025-11-17T05:50:47.323Z}
{level:[32minfo[39m ---- message:[32m[2025-11-17T05:56:16.752Z] OPTIONS /api/auth/refresh 204 - 1ms - IP: ::1-------undefined[39m ---- timestamp:2025-11-17T05:56:16.753Z}
{level:[32minfo[39m ---- message:[32m[2025-11-17T05:56:16.758Z] POST /api/auth/refresh 200 - 2ms - IP: ::1-------[object Object][39m ---- timestamp:2025-11-17T05:56:16.759Z}
{level:[32minfo[39m ---- message:[32m[2025-11-17T05:56:16.764Z] POST /api/auth/refresh 200 - 1ms - IP: ::1-------[object Object][39m ---- timestamp:2025-11-17T05:56:16.765Z}
{level:[32minfo[39m ---- message:[32m[2025-11-17T05:56:16.836Z] POST /api/auth/refresh 200 - 1ms - IP: ::1-------[object Object][39m ---- timestamp:2025-11-17T05:56:16.837Z}
{level:[32minfo[39m ---- message:[32m[2025-11-17T05:56:27.930Z] OPTIONS /api/auth/login 204 - 0ms - IP: ::1-------undefined[39m ---- timestamp:2025-11-17T05:56:27.931Z}
{level:[32minfo[39m ---- message:[32m[2025-11-17T05:56:28.390Z] POST /api/auth/login 200 - 456ms - IP: ::1-------[object Object][39m ---- timestamp:2025-11-17T05:56:28.390Z}
{level:[32minfo[39m ---- message:[32m[2025-11-17T05:56:31.071Z] OPTIONS /api/auth/refresh 204 - 1ms - IP: ::1-------undefined[39m ---- timestamp:2025-11-17T05:56:31.071Z}
{level:[32minfo[39m ---- message:[32m[2025-11-17T05:56:31.719Z] POST /api/auth/refresh 200 - 639ms - IP: ::1-------[object Object][39m ---- timestamp:2025-11-17T05:56:31.719Z}
{level:[32minfo[39m ---- message:[32m[2025-11-17T05:56:31.769Z] POST /api/auth/refresh 200 - 696ms - IP: ::1-------[object Object][39m ---- timestamp:2025-11-17T05:56:31.769Z}
{level:[32minfo[39m ---- message:[32m[2025-11-17T05:56:31.923Z] POST /api/auth/refresh 200 - 192ms - IP: ::1-------[object Object][39m ---- timestamp:2025-11-17T05:56:31.923Z}
{level:[32minfo[39m ---- message:[32m[2025-11-17T05:58:21.893Z] OPTIONS /api/auth/refresh 204 - 1ms - IP: ::1-------undefined[39m ---- timestamp:2025-11-17T05:58:21.893Z}
{level:[32minfo[39m ---- message:[32m[2025-11-17T05:58:22.519Z] POST /api/auth/refresh 200 - 613ms - IP: ::1-------[object Object][39m ---- timestamp:2025-11-17T05:58:22.519Z}
{level:[32minfo[39m ---- message:[32m[2025-11-17T05:58:22.526Z] POST /api/auth/refresh 200 - 628ms - IP: ::1-------[object Object][39m ---- timestamp:2025-11-17T05:58:22.527Z}
{level:[32minfo[39m ---- message:[32m[2025-11-17T05:58:23.133Z] POST /api/auth/refresh 200 - 567ms - IP: ::1-------[object Object][39m ---- timestamp:2025-11-17T05:58:23.133Z}
{level:[32minfo[39m ---- message:[32m[2025-11-17T05:58:23.851Z] OPTIONS /api/auth/logout 204 - 1ms - IP: ::1-------undefined[39m ---- timestamp:2025-11-17T05:58:23.851Z}
{level:[32minfo[39m ---- message:[32m[2025-11-17T05:58:24.155Z] POST /api/auth/logout 200 - 302ms - IP: ::1-------[object Object][39m ---- timestamp:2025-11-17T05:58:24.155Z}
{level:[32minfo[39m ---- message:[32m[2025-11-17T05:58:34.178Z] OPTIONS /api/auth/login 204 - 1ms - IP: ::1-------undefined[39m ---- timestamp:2025-11-17T05:58:34.178Z}
{level:[32minfo[39m ---- message:[32m[2025-11-17T05:58:34.703Z] POST /api/auth/login 200 - 516ms - IP: ::1-------[object Object][39m ---- timestamp:2025-11-17T05:58:34.703Z}
{level:[32minfo[39m ---- message:[32m server is running, http://localhost:3000[39m ---- timestamp:2025-11-17T14:06:13.373Z}
{level:[32minfo[39m ---- message:[32mmongoDB connected: ac-8jqrmm4-shard-00-00.sygyztr.mongodb.net[39m ---- timestamp:2025-11-17T14:06:15.181Z}
{level:[32minfo[39m ---- message:[32m[2025-11-17T14:23:46.363Z] OPTIONS /api/auth/refresh 204 - 6ms - IP: ::1-------undefined[39m ---- timestamp:2025-11-17T14:23:46.364Z}
{level:[32minfo[39m ---- message:[32m[2025-11-17T14:23:46.368Z] OPTIONS /api/auth/refresh 204 - 1ms - IP: ::1-------undefined[39m ---- timestamp:2025-11-17T14:23:46.369Z}
{level:[32minfo[39m ---- message:[32m[2025-11-17T14:23:48.199Z] POST /api/auth/refresh 200 - 1274ms - IP: ::1-------[object Object][39m ---- timestamp:2025-11-17T14:23:48.200Z}
{level:[32minfo[39m ---- message:[32m[2025-11-17T14:23:48.209Z] POST /api/auth/refresh 200 - 1250ms - IP: ::1-------[object Object][39m ---- timestamp:2025-11-17T14:23:48.209Z}
{level:[32minfo[39m ---- message:[32m[2025-11-17T14:23:48.612Z] POST /api/auth/refresh 200 - 289ms - IP: ::1-------[object Object][39m ---- timestamp:2025-11-17T14:23:48.612Z}
{level:[32minfo[39m ---- message:[32m[2025-11-17T14:24:13.123Z] OPTIONS /api/agency/kyc-varification 204 - 3ms - IP: ::1-------undefined[39m ---- timestamp:2025-11-17T14:24:13.123Z}
{level:[32minfo[39m ---- message:[32m[2025-11-17T14:24:13.136Z] POST /api/agency/kyc-varification 404 - 3ms - IP: ::1-------[object Object][39m ---- timestamp:2025-11-17T14:24:13.136Z}
{level:[32minfo[39m ---- message:[32m[2025-11-17T14:24:55.467Z] OPTIONS /api/agency/kyc-varification 204 - 1ms - IP: ::1-------undefined[39m ---- timestamp:2025-11-17T14:24:55.468Z}
{level:[32minfo[39m ---- message:[32m[2025-11-17T14:24:55.475Z] POST /api/agency/kyc-varification 404 - 2ms - IP: ::1-------[object Object][39m ---- timestamp:2025-11-17T14:24:55.475Z}
{level:[32minfo[39m ---- message:[32m[2025-11-17T14:25:35.674Z] OPTIONS /api/agency/kyc-varification 204 - 1ms - IP: ::1-------undefined[39m ---- timestamp:2025-11-17T14:25:35.674Z}
{level:[32minfo[39m ---- message:[32m[2025-11-17T14:25:35.682Z] POST /api/agency/kyc-varification 404 - 1ms - IP: ::1-------[object Object][39m ---- timestamp:2025-11-17T14:25:35.682Z}
{level:[32minfo[39m ---- message:[32m[2025-11-17T14:26:51.180Z] OPTIONS /api/agency/kyc-varification 204 - 1ms - IP: ::1-------undefined[39m ---- timestamp:2025-11-17T14:26:51.180Z}
{level:[32minfo[39m ---- message:[32m[2025-11-17T14:26:51.188Z] POST /api/agency/kyc-varification 404 - 1ms - IP: ::1-------[object Object][39m ---- timestamp:2025-11-17T14:26:51.188Z}
{level:[32minfo[39m ---- message:[32m server is running, http://localhost:3000[39m ---- timestamp:2025-11-17T14:29:46.631Z}
{level:[32minfo[39m ---- message:[32mmongoDB connected: ac-8jqrmm4-shard-00-00.sygyztr.mongodb.net[39m ---- timestamp:2025-11-17T14:29:48.943Z}
{level:[32minfo[39m ---- message:[32m[2025-11-17T14:29:51.998Z] OPTIONS /api/agency/kyc-varification 204 - 9ms - IP: ::1-------undefined[39m ---- timestamp:2025-11-17T14:29:51.999Z}
{level:[32minfo[39m ---- message:[32m[2025-11-17T14:29:52.530Z] POST /api/agency/kyc-varification 201 - 485ms - IP: ::1-------[object Object][39m ---- timestamp:2025-11-17T14:29:52.530Z}
{level:[32minfo[39m ---- message:[32m[2025-11-17T14:30:02.347Z] OPTIONS /api/auth/refresh 204 - 1ms - IP: ::1-------undefined[39m ---- timestamp:2025-11-17T14:30:02.347Z}
{level:[32minfo[39m ---- message:[32m[2025-11-17T14:30:02.771Z] POST /api/auth/refresh 200 - 401ms - IP: ::1-------[object Object][39m ---- timestamp:2025-11-17T14:30:02.771Z}
{level:[32minfo[39m ---- message:[32m[2025-11-17T14:30:02.779Z] POST /api/auth/refresh 200 - 427ms - IP: ::1-------[object Object][39m ---- timestamp:2025-11-17T14:30:02.779Z}
{level:[32minfo[39m ---- message:[32m[2025-11-17T14:30:03.073Z] POST /api/auth/refresh 200 - 249ms - IP: ::1-------[object Object][39m ---- timestamp:2025-11-17T14:30:03.073Z}
{level:[32minfo[39m ---- message:[32m server is running, http://localhost:3000[39m ---- timestamp:2025-11-17T14:34:08.154Z}
{level:[32minfo[39m ---- message:[32mmongoDB connected: ac-8jqrmm4-shard-00-02.sygyztr.mongodb.net[39m ---- timestamp:2025-11-17T14:34:10.072Z}
{level:[32minfo[39m ---- message:[32m[2025-11-17T14:34:53.557Z] OPTIONS /api/agency/kyc-varification 204 - 7ms - IP: ::1-------undefined[39m ---- timestamp:2025-11-17T14:34:53.558Z}
{level:[32minfo[39m ---- message:[32m[2025-11-17T14:34:53.999Z] POST /api/agency/kyc-varification 201 - 400ms - IP: ::1-------[object Object][39m ---- timestamp:2025-11-17T14:34:54.000Z}
{level:[32minfo[39m ---- message:[32m[2025-11-17T14:38:02.926Z] OPTIONS /api/auth/refresh 204 - 1ms - IP: ::1-------undefined[39m ---- timestamp:2025-11-17T14:38:02.926Z}
{level:[32minfo[39m ---- message:[32m[2025-11-17T14:38:03.273Z] POST /api/auth/refresh 200 - 342ms - IP: ::1-------[object Object][39m ---- timestamp:2025-11-17T14:38:03.273Z}
{level:[31merror[39m ---- message:[31m[POST] /api/agency/kyc-varification - Cannot read properties of undefined (reading 'id')[39m ---- timestamp:2025-11-17T14:39:37.778Z}
{level:[32minfo[39m ---- message:[32m[2025-11-17T14:39:37.780Z] POST /api/agency/kyc-varification 500 - 7ms - IP: ::1-------undefined[39m ---- timestamp:2025-11-17T14:39:37.781Z}
{level:[31merror[39m ---- message:[31m[POST] /api/agency/kyc-varification - Cannot read properties of undefined (reading 'id')[39m ---- timestamp:2025-11-17T14:41:04.594Z}
{level:[32minfo[39m ---- message:[32m[2025-11-17T14:41:04.598Z] POST /api/agency/kyc-varification 500 - 7ms - IP: ::1-------undefined[39m ---- timestamp:2025-11-17T14:41:04.598Z}
{level:[32minfo[39m ---- message:[32m server is running, http://localhost:3000[39m ---- timestamp:2025-11-17T14:46:40.564Z}
{level:[32minfo[39m ---- message:[32mmongoDB connected: ac-8jqrmm4-shard-00-02.sygyztr.mongodb.net[39m ---- timestamp:2025-11-17T14:46:44.773Z}
{level:[31merror[39m ---- message:[31m[POST] /api/agency/kyc-varification - Cannot read properties of undefined (reading 'id')[39m ---- timestamp:2025-11-17T14:46:45.497Z}
{level:[32minfo[39m ---- message:[32m[2025-11-17T14:46:45.510Z] POST /api/agency/kyc-varification 500 - 35ms - IP: ::1-------undefined[39m ---- timestamp:2025-11-17T14:46:45.512Z}
{level:[31merror[39m ---- message:[31m[POST] /api/agency/kyc-varification - Cannot read properties of undefined (reading 'id')[39m ---- timestamp:2025-11-17T14:47:20.541Z}
{level:[32minfo[39m ---- message:[32m[2025-11-17T14:47:20.545Z] POST /api/agency/kyc-varification 500 - 11ms - IP: ::1-------undefined[39m ---- timestamp:2025-11-17T14:47:20.545Z}
{level:[32minfo[39m ---- message:[32m server is running, http://localhost:3000[39m ---- timestamp:2025-11-17T14:48:53.824Z}
{level:[32minfo[39m ---- message:[32mmongoDB connected: ac-8jqrmm4-shard-00-00.sygyztr.mongodb.net[39m ---- timestamp:2025-11-17T14:48:56.053Z}
{level:[31merror[39m ---- message:[31m[POST] /api/agency/kyc-varification - Cannot read properties of undefined (reading 'id')[39m ---- timestamp:2025-11-17T14:49:13.926Z}
{level:[32minfo[39m ---- message:[32m[2025-11-17T14:49:13.938Z] POST /api/agency/kyc-varification 500 - 36ms - IP: ::1-------undefined[39m ---- timestamp:2025-11-17T14:49:13.939Z}
{level:[32minfo[39m ---- message:[32m server is running, http://localhost:3000[39m ---- timestamp:2025-11-17T14:50:51.701Z}
{level:[32minfo[39m ---- message:[32mmongoDB connected: ac-8jqrmm4-shard-00-01.sygyztr.mongodb.net[39m ---- timestamp:2025-11-17T14:50:54.739Z}
{level:[31merror[39m ---- message:[31m[POST] /api/agency/kyc-varification - Cannot read properties of undefined (reading 'tradeLicenseNumber')[39m ---- timestamp:2025-11-17T14:51:29.834Z}
{level:[32minfo[39m ---- message:[32m[2025-11-17T14:51:29.857Z] POST /api/agency/kyc-varification 500 - 45ms - IP: ::1-------undefined[39m ---- timestamp:2025-11-17T14:51:29.858Z}
{level:[32minfo[39m ---- message:[32m server is running, http://localhost:3000[39m ---- timestamp:2025-11-17T14:54:09.441Z}
{level:[32minfo[39m ---- message:[32mmongoDB connected: ac-8jqrmm4-shard-00-00.sygyztr.mongodb.net[39m ---- timestamp:2025-11-17T14:54:12.251Z}
{level:[31merror[39m ---- message:[31m[POST] /api/agency/kyc-varification - Unauthorized: Access token missing[39m ---- timestamp:2025-11-17T14:54:14.550Z}
{level:[32minfo[39m ---- message:[32m[2025-11-17T14:54:14.563Z] POST /api/agency/kyc-varification 401 - 20ms - IP: ::1-------undefined[39m ---- timestamp:2025-11-17T14:54:14.565Z}
{level:[32minfo[39m ---- message:[32m[2025-11-17T14:55:58.352Z] OPTIONS /api/auth/refresh 204 - 2ms - IP: ::1-------undefined[39m ---- timestamp:2025-11-17T14:55:58.352Z}
{level:[32minfo[39m ---- message:[32m[2025-11-17T14:55:58.774Z] POST /api/auth/refresh 200 - 377ms - IP: ::1-------[object Object][39m ---- timestamp:2025-11-17T14:55:58.774Z}
{level:[32minfo[39m ---- message:[32m[2025-11-17T14:56:01.842Z] POST /api/auth/refresh 200 - 609ms - IP: ::1-------[object Object][39m ---- timestamp:2025-11-17T14:56:01.842Z}
{level:[32minfo[39m ---- message:[32m[2025-11-17T14:56:06.143Z] POST /api/auth/refresh 200 - 3029ms - IP: ::1-------[object Object][39m ---- timestamp:2025-11-17T14:56:06.143Z}
{level:[32minfo[39m ---- message:[32m server is running, http://localhost:3000[39m ---- timestamp:2025-11-17T15:02:36.103Z}
{level:[32minfo[39m ---- message:[32mmongoDB connected: ac-8jqrmm4-shard-00-01.sygyztr.mongodb.net[39m ---- timestamp:2025-11-17T15:02:37.482Z}
{level:[32minfo[39m ---- message:[32m[2025-11-17T15:04:22.292Z] POST /api/agency/kyc-varification 201 - 9380ms - IP: ::1-------{"tradeLicenseNumber":"11445566","PANnumber":"22222222","gst_number":"2222222","id":"6919a4dfd019d49d804ca294"}[39m ---- timestamp:2025-11-17T15:04:22.293Z}
{level:[32minfo[39m ---- message:[32m[2025-11-17T15:16:40.709Z] OPTIONS /api/auth/refresh 204 - 3ms - IP: ::1-------undefined[39m ---- timestamp:2025-11-17T15:16:40.709Z}
{level:[32minfo[39m ---- message:[32m[2025-11-17T15:16:41.016Z] POST /api/auth/refresh 200 - 250ms - IP: ::1-------{"role":"agency"}[39m ---- timestamp:2025-11-17T15:16:41.016Z}
{level:[32minfo[39m ---- message:[32m[2025-11-17T15:16:41.316Z] POST /api/auth/refresh 200 - 276ms - IP: ::1-------{"role":"agency"}[39m ---- timestamp:2025-11-17T15:16:41.317Z}
{level:[32minfo[39m ---- message:[32m[2025-11-17T15:17:14.259Z] OPTIONS /api/auth/logout 204 - 1ms - IP: ::1-------undefined[39m ---- timestamp:2025-11-17T15:17:14.259Z}
{level:[32minfo[39m ---- message:[32m[2025-11-17T15:17:14.502Z] POST /api/auth/logout 200 - 239ms - IP: ::1-------{"role":"agency","userId":"6919a4dfd019d49d804ca294"}[39m ---- timestamp:2025-11-17T15:17:14.502Z}
{level:[32minfo[39m ---- message:[32m[2025-11-17T15:17:42.387Z] OPTIONS /api/auth/login 204 - 1ms - IP: ::1-------undefined[39m ---- timestamp:2025-11-17T15:17:42.388Z}
{level:[32minfo[39m ---- message:[32m[2025-11-17T15:17:42.812Z] POST /api/auth/login 200 - 418ms - IP: ::1-------{"email":"kickkart@gmail.com","password":"Asdasd12@","role":"agency"}[39m ---- timestamp:2025-11-17T15:17:42.812Z}
{level:[32minfo[39m ---- message:[32m[2025-11-17T15:18:20.436Z] OPTIONS /api/auth/refresh 204 - 1ms - IP: ::1-------undefined[39m ---- timestamp:2025-11-17T15:18:20.437Z}
{level:[32minfo[39m ---- message:[32m[2025-11-17T15:18:21.068Z] POST /api/auth/refresh 200 - 623ms - IP: ::1-------{"role":"agency"}[39m ---- timestamp:2025-11-17T15:18:21.068Z}
{level:[32minfo[39m ---- message:[32m[2025-11-17T15:18:21.121Z] POST /api/auth/refresh 200 - 664ms - IP: ::1-------{"role":"agency"}[39m ---- timestamp:2025-11-17T15:18:21.121Z}
{level:[32minfo[39m ---- message:[32m[2025-11-17T15:18:21.362Z] POST /api/auth/refresh 200 - 233ms - IP: ::1-------{"role":"agency"}[39m ---- timestamp:2025-11-17T15:18:21.362Z}
{level:[32minfo[39m ---- message:[32m[2025-11-17T15:19:03.996Z] POST /api/agency/kyc-varification 201 - 12466ms - IP: ::1-------{"tradeLicenseNumber":"11445566","PANnumber":"22222222","gst_number":"2222222","id":"6919a4dfd019d49d804ca294"}[39m ---- timestamp:2025-11-17T15:19:03.997Z}
{level:[32minfo[39m ---- message:[32m[2025-11-17T15:19:10.104Z] POST /api/agency/kyc-varification 201 - 30584ms - IP: ::1-------{"tradeLicenseNumber":"11445566","PANnumber":"22222222","gst_number":"2222222","id":"6919a4dfd019d49d804ca294"}[39m ---- timestamp:2025-11-17T15:19:10.104Z}
{level:[32minfo[39m ---- message:[32m[2025-11-17T15:19:15.673Z] OPTIONS /api/auth/refresh 204 - 1ms - IP: ::1-------undefined[39m ---- timestamp:2025-11-17T15:19:15.673Z}
{level:[32minfo[39m ---- message:[32m[2025-11-17T15:19:16.259Z] POST /api/auth/refresh 200 - 572ms - IP: ::1-------{"role":"agency"}[39m ---- timestamp:2025-11-17T15:19:16.259Z}
{level:[32minfo[39m ---- message:[32m[2025-11-17T15:19:16.458Z] POST /api/auth/refresh 200 - 781ms - IP: ::1-------{"role":"agency"}[39m ---- timestamp:2025-11-17T15:19:16.458Z}
{level:[32minfo[39m ---- message:[32m[2025-11-17T15:19:16.564Z] POST /api/auth/refresh 200 - 270ms - IP: ::1-------{"role":"agency"}[39m ---- timestamp:2025-11-17T15:19:16.564Z}
{level:[32minfo[39m ---- message:[32m server is running, http://localhost:3000[39m ---- timestamp:2025-11-17T15:23:17.510Z}
{level:[32minfo[39m ---- message:[32mmongoDB connected: ac-8jqrmm4-shard-00-00.sygyztr.mongodb.net[39m ---- timestamp:2025-11-17T15:23:21.914Z}
{level:[32minfo[39m ---- message:[32m[2025-11-17T15:23:24.161Z] OPTIONS /api/auth/login 204 - 10ms - IP: ::1-------undefined[39m ---- timestamp:2025-11-17T15:23:24.162Z}
{level:[32minfo[39m ---- message:[32m[2025-11-17T15:23:25.091Z] POST /api/auth/login 200 - 892ms - IP: ::1-------{"email":"kickkart@gmail.com","password":"Asdasd12@","role":"agency"}[39m ---- timestamp:2025-11-17T15:23:25.092Z}
{level:[32minfo[39m ---- message:[32m[2025-11-17T15:23:52.804Z] OPTIONS /api/auth/refresh 204 - 1ms - IP: ::1-------undefined[39m ---- timestamp:2025-11-17T15:23:52.805Z}
{level:[32minfo[39m ---- message:[32m[2025-11-17T15:23:52.811Z] OPTIONS /api/auth/refresh 204 - 2ms - IP: ::1-------undefined[39m ---- timestamp:2025-11-17T15:23:52.811Z}
{level:[32minfo[39m ---- message:[32m[2025-11-17T15:23:53.150Z] POST /api/auth/refresh 200 - 317ms - IP: ::1-------{"role":"agency"}[39m ---- timestamp:2025-11-17T15:23:53.150Z}
{level:[32minfo[39m ---- message:[32m[2025-11-17T15:23:53.159Z] POST /api/auth/refresh 200 - 344ms - IP: ::1-------{"role":"agency"}[39m ---- timestamp:2025-11-17T15:23:53.160Z}
{level:[32minfo[39m ---- message:[32m[2025-11-17T15:23:54.068Z] POST /api/auth/refresh 200 - 870ms - IP: ::1-------{"role":"agency"}[39m ---- timestamp:2025-11-17T15:23:54.068Z}
{level:[32minfo[39m ---- message:[32m[2025-11-17T15:24:20.262Z] POST /api/agency/kyc-varification 201 - 9416ms - IP: ::1-------{"tradeLicenseNumber":"11445566","PANnumber":"22222222","gst_number":"2222222","id":"6919a4dfd019d49d804ca294"}[39m ---- timestamp:2025-11-17T15:24:20.262Z}
{level:[32minfo[39m ---- message:[32m[2025-11-17T15:28:09.195Z] OPTIONS /api/auth/refresh 204 - 1ms - IP: ::1-------undefined[39m ---- timestamp:2025-11-17T15:28:09.195Z}
{level:[32minfo[39m ---- message:[32m[2025-11-17T15:28:10.192Z] POST /api/auth/refresh 200 - 990ms - IP: ::1-------{"role":"agency"}[39m ---- timestamp:2025-11-17T15:28:10.193Z}
{level:[32minfo[39m ---- message:[32m[2025-11-17T15:28:11.097Z] POST /api/auth/refresh 200 - 894ms - IP: ::1-------{"role":"agency"}[39m ---- timestamp:2025-11-17T15:28:11.097Z}
{level:[32minfo[39m ---- message:[32m[2025-11-17T15:28:12.633Z] POST /api/auth/refresh 200 - 472ms - IP: ::1-------{"role":"agency"}[39m ---- timestamp:2025-11-17T15:28:12.633Z}
{level:[32minfo[39m ---- message:[32m[2025-11-17T16:19:50.052Z] OPTIONS /api/auth/refresh 204 - 0ms - IP: ::1-------undefined[39m ---- timestamp:2025-11-17T16:19:50.052Z}
{level:[32minfo[39m ---- message:[32m[2025-11-17T16:19:50.222Z] POST /api/auth/refresh 200 - 166ms - IP: ::1-------{"role":"agency"}[39m ---- timestamp:2025-11-17T16:19:50.222Z}
{level:[32minfo[39m ---- message:[32m[2025-11-17T16:19:50.227Z] POST /api/auth/refresh 200 - 156ms - IP: ::1-------{"role":"agency"}[39m ---- timestamp:2025-11-17T16:19:50.227Z}
{level:[32minfo[39m ---- message:[32m[2025-11-17T16:19:50.423Z] POST /api/auth/refresh 200 - 156ms - IP: ::1-------{"role":"agency"}[39m ---- timestamp:2025-11-17T16:19:50.423Z}
{level:[32minfo[39m ---- message:[32m server is running, http://localhost:3000[39m ---- timestamp:2025-11-17T16:21:33.733Z}
{level:[32minfo[39m ---- message:[32mmongoDB connected: ac-8jqrmm4-shard-00-00.sygyztr.mongodb.net[39m ---- timestamp:2025-11-17T16:21:34.513Z}
{level:[32minfo[39m ---- message:[32m server is running, http://localhost:3000[39m ---- timestamp:2025-11-17T17:34:44.264Z}
{level:[32minfo[39m ---- message:[32mmongoDB connected: ac-8jqrmm4-shard-00-01.sygyztr.mongodb.net[39m ---- timestamp:2025-11-17T17:34:46.337Z}
{level:[32minfo[39m ---- message:[32m[2025-11-17T17:34:55.341Z] OPTIONS /api/auth/refresh 204 - 4ms - IP: ::1-------undefined[39m ---- timestamp:2025-11-17T17:34:55.341Z}
{level:[32minfo[39m ---- message:[32m[2025-11-17T17:34:55.344Z] OPTIONS /api/auth/refresh 204 - 0ms - IP: ::1-------undefined[39m ---- timestamp:2025-11-17T17:34:55.345Z}
{level:[32minfo[39m ---- message:[32m[2025-11-17T17:34:55.539Z] POST /api/auth/refresh 200 - 165ms - IP: ::1-------{"role":"agency"}[39m ---- timestamp:2025-11-17T17:34:55.540Z}
{level:[32minfo[39m ---- message:[32m[2025-11-17T17:34:55.545Z] POST /api/auth/refresh 200 - 151ms - IP: ::1-------{"role":"agency"}[39m ---- timestamp:2025-11-17T17:34:55.545Z}
{level:[32minfo[39m ---- message:[32m[2025-11-17T17:34:55.731Z] POST /api/auth/refresh 200 - 165ms - IP: ::1-------{"role":"agency"}[39m ---- timestamp:2025-11-17T17:34:55.731Z}
{level:[32minfo[39m ---- message:[32m[2025-11-17T17:34:57.675Z] OPTIONS /api/auth/logout 204 - 0ms - IP: ::1-------undefined[39m ---- timestamp:2025-11-17T17:34:57.676Z}
{level:[32minfo[39m ---- message:[32m[2025-11-17T17:34:58.292Z] POST /api/auth/logout 200 - 615ms - IP: ::1-------{"role":"agency","userId":"6919a4dfd019d49d804ca294"}[39m ---- timestamp:2025-11-17T17:34:58.292Z}
{level:[32minfo[39m ---- message:[32m[2025-11-17T17:35:14.099Z] OPTIONS /api/auth/login 204 - 1ms - IP: ::1-------undefined[39m ---- timestamp:2025-11-17T17:35:14.099Z}
{level:[32minfo[39m ---- message:[32m[2025-11-17T17:35:14.414Z] POST /api/auth/login 200 - 312ms - IP: ::1-------{"email":"kickkartt@gmail.com","password":"Asdasd12@","role":"agency"}[39m ---- timestamp:2025-11-17T17:35:14.415Z}
{level:[32minfo[39m ---- message:[32m[2025-11-17T17:35:51.324Z] POST /api/agency/kyc-varification 200 - 10785ms - IP: ::1-------{"tradeLicenseNumber":"11445566","PANnumber":"22222222","gst_number":"2222222","id":"undefined"}[39m ---- timestamp:2025-11-17T17:35:51.324Z}
{level:[32minfo[39m ---- message:[32m[2025-11-17T17:35:55.665Z] OPTIONS /api/auth/refresh 204 - 0ms - IP: ::1-------undefined[39m ---- timestamp:2025-11-17T17:35:55.665Z}
{level:[32minfo[39m ---- message:[32m[2025-11-17T17:35:55.673Z] OPTIONS /api/auth/refresh 204 - 0ms - IP: ::1-------undefined[39m ---- timestamp:2025-11-17T17:35:55.673Z}
{level:[32minfo[39m ---- message:[32m[2025-11-17T17:35:55.845Z] POST /api/auth/refresh 200 - 169ms - IP: ::1-------{"role":"agency"}[39m ---- timestamp:2025-11-17T17:35:55.845Z}
{level:[32minfo[39m ---- message:[32m[2025-11-17T17:35:55.849Z] POST /api/auth/refresh 200 - 181ms - IP: ::1-------{"role":"agency"}[39m ---- timestamp:2025-11-17T17:35:55.849Z}
{level:[32minfo[39m ---- message:[32m[2025-11-17T17:35:55.989Z] POST /api/auth/refresh 200 - 126ms - IP: ::1-------{"role":"agency"}[39m ---- timestamp:2025-11-17T17:35:55.989Z}
