{level:[32minfo[39m ---- message:[32m[2025-11-11T19:19:26.105Z] POST /api/user/refresh 200 - 193ms - IP: ::1-------undefined[39m ---- timestamp:2025-11-11T19:19:26.105Z}
{level:[32minfo[39m ---- message:[32m[2025-11-11T19:19:26.127Z] POST /api/user/refresh 200 - 223ms - IP: ::1-------undefined[39m ---- timestamp:2025-11-11T19:19:26.128Z}
{level:[32minfo[39m ---- message:[32m[2025-11-11T19:19:26.374Z] POST /api/user/refresh 200 - 228ms - IP: ::1-------undefined[39m ---- timestamp:2025-11-11T19:19:26.374Z}
{level:[32minfo[39m ---- message:[32m[2025-11-11T19:23:59.923Z] POST /api/user/refresh 200 - 143ms - IP: ::1-------undefined[39m ---- timestamp:2025-11-11T19:23:59.924Z}
{level:[32minfo[39m ---- message:[32m[2025-11-11T19:25:39.075Z] POST /api/user/refresh 200 - 299ms - IP: ::1-------undefined[39m ---- timestamp:2025-11-11T19:25:39.075Z}
{level:[32minfo[39m ---- message:[32m[2025-11-11T19:25:39.078Z] POST /api/user/refresh 200 - 305ms - IP: ::1-------undefined[39m ---- timestamp:2025-11-11T19:25:39.078Z}
{level:[32minfo[39m ---- message:[32m[2025-11-11T19:25:39.392Z] POST /api/user/refresh 200 - 297ms - IP: ::1-------undefined[39m ---- timestamp:2025-11-11T19:25:39.393Z}
{level:[32minfo[39m ---- message:[32m[2025-11-11T19:25:42.931Z] POST /api/user/refresh 200 - 153ms - IP: ::1-------undefined[39m ---- timestamp:2025-11-11T19:25:42.931Z}
{level:[32minfo[39m ---- message:[32m[2025-11-11T19:25:43.960Z] POST /api/user/refresh 200 - 179ms - IP: ::1-------undefined[39m ---- timestamp:2025-11-11T19:25:43.960Z}
{level:[32minfo[39m ---- message:[32m[2025-11-11T19:37:08.223Z] POST /api/auth/refresh 404 - 5ms - IP: ::1-------undefined[39m ---- timestamp:2025-11-11T19:37:08.223Z}
{level:[32minfo[39m ---- message:[32m[2025-11-11T19:37:08.224Z] POST /api/auth/refresh 404 - 0ms - IP: ::1-------undefined[39m ---- timestamp:2025-11-11T19:37:08.225Z}
{level:[32minfo[39m ---- message:[32m[2025-11-11T19:37:08.260Z] POST /api/auth/refresh 404 - 0ms - IP: ::1-------undefined[39m ---- timestamp:2025-11-11T19:37:08.261Z}
{level:[32minfo[39m ---- message:[32m[2025-11-11T19:37:08.353Z] POST /api/auth/refresh 404 - 1ms - IP: ::1-------undefined[39m ---- timestamp:2025-11-11T19:37:08.353Z}
{level:[32minfo[39m ---- message:[32m[2025-11-11T19:37:08.425Z] POST /api/auth/refresh 404 - 0ms - IP: ::1-------undefined[39m ---- timestamp:2025-11-11T19:37:08.425Z}
{level:[32minfo[39m ---- message:[32m[2025-11-11T19:37:08.488Z] POST /api/auth/refresh 404 - 1ms - IP: ::1-------undefined[39m ---- timestamp:2025-11-11T19:37:08.488Z}
{level:[32minfo[39m ---- message:[32m[2025-11-11T19:37:10.801Z] POST /api/auth/refresh 404 - 0ms - IP: ::1-------undefined[39m ---- timestamp:2025-11-11T19:37:10.801Z}
{level:[32minfo[39m ---- message:[32m[2025-11-11T19:37:10.805Z] POST /api/auth/refresh 404 - 1ms - IP: ::1-------undefined[39m ---- timestamp:2025-11-11T19:37:10.805Z}
{level:[32minfo[39m ---- message:[32m[2025-11-11T19:37:10.848Z] POST /api/auth/refresh 404 - 1ms - IP: ::1-------undefined[39m ---- timestamp:2025-11-11T19:37:10.848Z}
{level:[32minfo[39m ---- message:[32m[2025-11-11T19:37:20.220Z] POST /api/auth/refresh 404 - 1ms - IP: ::1-------undefined[39m ---- timestamp:2025-11-11T19:37:20.220Z}
{level:[32minfo[39m ---- message:[32m[2025-11-11T19:37:20.222Z] POST /api/auth/refresh 404 - 0ms - IP: ::1-------undefined[39m ---- timestamp:2025-11-11T19:37:20.223Z}
{level:[32minfo[39m ---- message:[32m[2025-11-11T19:37:20.278Z] POST /api/auth/refresh 404 - 0ms - IP: ::1-------undefined[39m ---- timestamp:2025-11-11T19:37:20.278Z}
{level:[32minfo[39m ---- message:[32m[2025-11-11T19:37:29.332Z] POST /api/auth/refresh 404 - 0ms - IP: ::1-------undefined[39m ---- timestamp:2025-11-11T19:37:29.333Z}
{level:[32minfo[39m ---- message:[32m[2025-11-11T19:37:29.335Z] POST /api/auth/refresh 404 - 0ms - IP: ::1-------undefined[39m ---- timestamp:2025-11-11T19:37:29.335Z}
{level:[32minfo[39m ---- message:[32m[2025-11-11T19:37:29.355Z] POST /api/auth/refresh 404 - 0ms - IP: ::1-------undefined[39m ---- timestamp:2025-11-11T19:37:29.355Z}
{level:[32minfo[39m ---- message:[32m[2025-11-11T19:37:46.814Z] POST /api/auth/refresh 404 - 0ms - IP: ::1-------undefined[39m ---- timestamp:2025-11-11T19:37:46.814Z}
{level:[32minfo[39m ---- message:[32m[2025-11-11T19:37:46.817Z] POST /api/auth/refresh 404 - 1ms - IP: ::1-------undefined[39m ---- timestamp:2025-11-11T19:37:46.817Z}
{level:[32minfo[39m ---- message:[32m[2025-11-11T19:37:46.846Z] POST /api/auth/refresh 404 - 1ms - IP: ::1-------undefined[39m ---- timestamp:2025-11-11T19:37:46.846Z}
{level:[32minfo[39m ---- message:[32m[2025-11-11T19:38:00.013Z] OPTIONS /api/auth/login 204 - 1ms - IP: ::1-------undefined[39m ---- timestamp:2025-11-11T19:38:00.013Z}
{level:[32minfo[39m ---- message:[32m[2025-11-11T19:38:00.043Z] POST /api/auth/login 404 - 1ms - IP: ::1-------[object Object][39m ---- timestamp:2025-11-11T19:38:00.043Z}
{level:[32minfo[39m ---- message:[32m[2025-11-11T19:38:16.008Z] OPTIONS /api/auth/login 204 - 0ms - IP: ::1-------undefined[39m ---- timestamp:2025-11-11T19:38:16.008Z}
{level:[32minfo[39m ---- message:[32m[2025-11-11T19:38:16.011Z] POST /api/auth/login 404 - 1ms - IP: ::1-------[object Object][39m ---- timestamp:2025-11-11T19:38:16.011Z}
{level:[32minfo[39m ---- message:[32m[2025-11-11T19:39:06.121Z] OPTIONS /api/auth/login 204 - 1ms - IP: ::1-------undefined[39m ---- timestamp:2025-11-11T19:39:06.121Z}
{level:[32minfo[39m ---- message:[32m[2025-11-11T19:39:06.123Z] POST /api/auth/login 404 - 0ms - IP: ::1-------[object Object][39m ---- timestamp:2025-11-11T19:39:06.123Z}
{level:[32minfo[39m ---- message:[32m[2025-11-11T19:40:30.840Z] OPTIONS /api/auth/login 204 - 0ms - IP: ::1-------undefined[39m ---- timestamp:2025-11-11T19:40:30.840Z}
{level:[32minfo[39m ---- message:[32m[2025-11-11T19:40:30.846Z] POST /api/auth/login 404 - 0ms - IP: ::1-------[object Object][39m ---- timestamp:2025-11-11T19:40:30.846Z}
{level:[32minfo[39m ---- message:[32m[2025-11-11T19:40:35.382Z] POST /api/auth/refresh 404 - 1ms - IP: ::1-------undefined[39m ---- timestamp:2025-11-11T19:40:35.382Z}
{level:[32minfo[39m ---- message:[32m[2025-11-11T19:40:35.385Z] POST /api/auth/refresh 404 - 0ms - IP: ::1-------undefined[39m ---- timestamp:2025-11-11T19:40:35.385Z}
{level:[32minfo[39m ---- message:[32m[2025-11-11T19:40:35.433Z] POST /api/auth/refresh 404 - 0ms - IP: ::1-------undefined[39m ---- timestamp:2025-11-11T19:40:35.433Z}
{level:[32minfo[39m ---- message:[32m[2025-11-11T19:42:24.141Z] OPTIONS /api/auth/login 204 - 1ms - IP: ::1-------undefined[39m ---- timestamp:2025-11-11T19:42:24.141Z}
{level:[32minfo[39m ---- message:[32m[2025-11-11T19:42:24.144Z] POST /api/auth/login 404 - 1ms - IP: ::1-------[object Object][39m ---- timestamp:2025-11-11T19:42:24.144Z}
{level:[32minfo[39m ---- message:[32m[2025-11-11T19:42:33.402Z] POST /api/auth/refresh 404 - 0ms - IP: ::1-------undefined[39m ---- timestamp:2025-11-11T19:42:33.403Z}
{level:[32minfo[39m ---- message:[32m[2025-11-11T19:42:33.405Z] POST /api/auth/refresh 404 - 1ms - IP: ::1-------undefined[39m ---- timestamp:2025-11-11T19:42:33.405Z}
{level:[32minfo[39m ---- message:[32m[2025-11-11T19:42:33.444Z] POST /api/auth/refresh 404 - 1ms - IP: ::1-------undefined[39m ---- timestamp:2025-11-11T19:42:33.444Z}
{level:[32minfo[39m ---- message:[32m[2025-11-11T19:42:51.531Z] OPTIONS /api/auth/login 204 - 1ms - IP: ::1-------undefined[39m ---- timestamp:2025-11-11T19:42:51.531Z}
{level:[32minfo[39m ---- message:[32m[2025-11-11T19:42:51.533Z] POST /api/auth/login 404 - 0ms - IP: ::1-------[object Object][39m ---- timestamp:2025-11-11T19:42:51.533Z}
{level:[32minfo[39m ---- message:[32m[2025-11-11T19:43:07.007Z] POST /api/auth/refresh 404 - 1ms - IP: ::1-------undefined[39m ---- timestamp:2025-11-11T19:43:07.007Z}
{level:[32minfo[39m ---- message:[32m[2025-11-11T19:43:07.010Z] POST /api/auth/refresh 404 - 1ms - IP: ::1-------undefined[39m ---- timestamp:2025-11-11T19:43:07.010Z}
{level:[32minfo[39m ---- message:[32m[2025-11-11T19:43:07.042Z] POST /api/auth/refresh 404 - 1ms - IP: ::1-------undefined[39m ---- timestamp:2025-11-11T19:43:07.042Z}
{level:[32minfo[39m ---- message:[32m[2025-11-11T19:43:18.198Z] POST /api/auth/refresh 404 - 1ms - IP: ::1-------undefined[39m ---- timestamp:2025-11-11T19:43:18.198Z}
{level:[32minfo[39m ---- message:[32m[2025-11-11T19:43:18.201Z] POST /api/auth/refresh 404 - 0ms - IP: ::1-------undefined[39m ---- timestamp:2025-11-11T19:43:18.201Z}
{level:[32minfo[39m ---- message:[32m[2025-11-11T19:43:18.228Z] POST /api/auth/refresh 404 - 0ms - IP: ::1-------undefined[39m ---- timestamp:2025-11-11T19:43:18.229Z}
{level:[32minfo[39m ---- message:[32m server is running, http://localhost:3000[39m ---- timestamp:2025-11-11T19:44:50.021Z}
{level:[32minfo[39m ---- message:[32mmongoDB connected: ac-8jqrmm4-shard-00-00.sygyztr.mongodb.net[39m ---- timestamp:2025-11-11T19:44:52.119Z}
{level:[32minfo[39m ---- message:[32m[2025-11-11T19:44:58.719Z] POST /api/auth/refresh 200 - 251ms - IP: ::1-------undefined[39m ---- timestamp:2025-11-11T19:44:58.719Z}
{level:[32minfo[39m ---- message:[32m[2025-11-11T19:44:59.059Z] POST /api/auth/refresh 200 - 327ms - IP: ::1-------undefined[39m ---- timestamp:2025-11-11T19:44:59.059Z}
{level:[32minfo[39m ---- message:[32m[2025-11-11T19:44:59.063Z] POST /api/auth/refresh 200 - 580ms - IP: ::1-------undefined[39m ---- timestamp:2025-11-11T19:44:59.063Z}
{level:[32minfo[39m ---- message:[32m[2025-11-11T19:45:22.951Z] POST /api/auth/refresh 200 - 0ms - IP: ::1-------undefined[39m ---- timestamp:2025-11-11T19:45:22.952Z}
{level:[32minfo[39m ---- message:[32m[2025-11-11T19:45:22.954Z] POST /api/auth/refresh 200 - 1ms - IP: ::1-------undefined[39m ---- timestamp:2025-11-11T19:45:22.954Z}
{level:[32minfo[39m ---- message:[32m[2025-11-11T19:45:22.971Z] POST /api/auth/refresh 200 - 1ms - IP: ::1-------undefined[39m ---- timestamp:2025-11-11T19:45:22.971Z}
{level:[32minfo[39m ---- message:[32m[2025-11-11T19:45:59.150Z] POST /api/auth/refresh 200 - 1ms - IP: ::1-------undefined[39m ---- timestamp:2025-11-11T19:45:59.150Z}
{level:[32minfo[39m ---- message:[32m[2025-11-11T19:45:59.153Z] POST /api/auth/refresh 200 - 1ms - IP: ::1-------undefined[39m ---- timestamp:2025-11-11T19:45:59.153Z}
{level:[32minfo[39m ---- message:[32m[2025-11-11T19:45:59.172Z] POST /api/auth/refresh 200 - 1ms - IP: ::1-------undefined[39m ---- timestamp:2025-11-11T19:45:59.173Z}
{level:[32minfo[39m ---- message:[32m[2025-11-11T19:46:09.353Z] POST /api/auth/refresh 200 - 1ms - IP: ::1-------undefined[39m ---- timestamp:2025-11-11T19:46:09.353Z}
{level:[32minfo[39m ---- message:[32m[2025-11-11T19:46:09.355Z] POST /api/auth/refresh 200 - 0ms - IP: ::1-------undefined[39m ---- timestamp:2025-11-11T19:46:09.355Z}
{level:[32minfo[39m ---- message:[32m[2025-11-11T19:46:09.378Z] POST /api/auth/refresh 200 - 2ms - IP: ::1-------undefined[39m ---- timestamp:2025-11-11T19:46:09.378Z}
{level:[32minfo[39m ---- message:[32m[2025-11-11T19:46:11.132Z] OPTIONS /api/auth/login 204 - 0ms - IP: ::1-------undefined[39m ---- timestamp:2025-11-11T19:46:11.132Z}
{level:[32minfo[39m ---- message:[32m[2025-11-11T19:46:11.479Z] POST /api/auth/login 404 - 325ms - IP: ::1-------[object Object][39m ---- timestamp:2025-11-11T19:46:11.479Z}
{level:[32minfo[39m ---- message:[32m[2025-11-11T19:46:24.063Z] OPTIONS /api/auth/login 204 - 1ms - IP: ::1-------undefined[39m ---- timestamp:2025-11-11T19:46:24.063Z}
{level:[32minfo[39m ---- message:[32m[2025-11-11T19:46:24.178Z] POST /api/auth/login 404 - 113ms - IP: ::1-------[object Object][39m ---- timestamp:2025-11-11T19:46:24.178Z}
{level:[32minfo[39m ---- message:[32m[2025-11-11T19:48:51.307Z] OPTIONS /api/auth/login 204 - 1ms - IP: ::1-------undefined[39m ---- timestamp:2025-11-11T19:48:51.307Z}
{level:[32minfo[39m ---- message:[32m[2025-11-11T19:48:51.648Z] POST /api/auth/login 200 - 339ms - IP: ::1-------[object Object][39m ---- timestamp:2025-11-11T19:48:51.648Z}
{level:[32minfo[39m ---- message:[32m[2025-11-11T19:48:59.063Z] POST /api/auth/refresh 200 - 451ms - IP: ::1-------undefined[39m ---- timestamp:2025-11-11T19:48:59.063Z}
{level:[32minfo[39m ---- message:[32m[2025-11-11T19:48:59.066Z] POST /api/auth/refresh 200 - 458ms - IP: ::1-------undefined[39m ---- timestamp:2025-11-11T19:48:59.066Z}
{level:[32minfo[39m ---- message:[32m[2025-11-11T19:48:59.206Z] POST /api/auth/refresh 200 - 120ms - IP: ::1-------undefined[39m ---- timestamp:2025-11-11T19:48:59.206Z}
{level:[32minfo[39m ---- message:[32m[2025-11-11T19:49:08.562Z] POST /api/auth/refresh 200 - 137ms - IP: ::1-------undefined[39m ---- timestamp:2025-11-11T19:49:08.563Z}
{level:[32minfo[39m ---- message:[32m[2025-11-11T19:49:08.683Z] POST /api/auth/refresh 200 - 262ms - IP: ::1-------undefined[39m ---- timestamp:2025-11-11T19:49:08.683Z}
{level:[32minfo[39m ---- message:[32m[2025-11-11T19:49:08.762Z] POST /api/auth/refresh 200 - 191ms - IP: ::1-------undefined[39m ---- timestamp:2025-11-11T19:49:08.763Z}
{level:[32minfo[39m ---- message:[32m[2025-11-11T19:49:22.965Z] POST /api/auth/refresh 200 - 0ms - IP: ::1-------undefined[39m ---- timestamp:2025-11-11T19:49:22.965Z}
{level:[32minfo[39m ---- message:[32m[2025-11-11T19:49:22.968Z] POST /api/auth/refresh 200 - 0ms - IP: ::1-------undefined[39m ---- timestamp:2025-11-11T19:49:22.968Z}
{level:[32minfo[39m ---- message:[32m[2025-11-11T19:49:22.987Z] POST /api/auth/refresh 200 - 0ms - IP: ::1-------undefined[39m ---- timestamp:2025-11-11T19:49:22.988Z}
{level:[32minfo[39m ---- message:[32m[2025-11-11T19:49:31.846Z] POST /api/auth/refresh 200 - 1ms - IP: ::1-------undefined[39m ---- timestamp:2025-11-11T19:49:31.846Z}
{level:[32minfo[39m ---- message:[32m[2025-11-11T19:49:31.848Z] POST /api/auth/refresh 200 - 0ms - IP: ::1-------undefined[39m ---- timestamp:2025-11-11T19:49:31.848Z}
{level:[32minfo[39m ---- message:[32m[2025-11-11T19:49:31.869Z] POST /api/auth/refresh 200 - 0ms - IP: ::1-------undefined[39m ---- timestamp:2025-11-11T19:49:31.869Z}
{level:[32minfo[39m ---- message:[32m[2025-11-11T19:49:44.936Z] OPTIONS /api/auth/login 204 - 0ms - IP: ::1-------undefined[39m ---- timestamp:2025-11-11T19:49:44.936Z}
{level:[32minfo[39m ---- message:[32m[2025-11-11T19:49:45.116Z] POST /api/auth/login 404 - 178ms - IP: ::1-------[object Object][39m ---- timestamp:2025-11-11T19:49:45.117Z}
{level:[32minfo[39m ---- message:[32m server is running, http://localhost:3000[39m ---- timestamp:2025-11-11T19:55:00.894Z}
{level:[32minfo[39m ---- message:[32mmongoDB connected: ac-8jqrmm4-shard-00-00.sygyztr.mongodb.net[39m ---- timestamp:2025-11-11T19:55:02.079Z}
{level:[32minfo[39m ---- message:[32m[2025-11-11T19:55:08.653Z] OPTIONS /api/auth/login 204 - 3ms - IP: ::1-------undefined[39m ---- timestamp:2025-11-11T19:55:08.653Z}
{level:[32minfo[39m ---- message:[32m[2025-11-11T19:55:08.754Z] POST /api/auth/login 404 - 78ms - IP: ::1-------[object Object][39m ---- timestamp:2025-11-11T19:55:08.754Z}
{level:[32minfo[39m ---- message:[32m[2025-11-11T19:55:21.100Z] OPTIONS /api/auth/login 204 - 0ms - IP: ::1-------undefined[39m ---- timestamp:2025-11-11T19:55:21.100Z}
{level:[32minfo[39m ---- message:[32m[2025-11-11T19:55:21.182Z] POST /api/auth/login 404 - 79ms - IP: ::1-------[object Object][39m ---- timestamp:2025-11-11T19:55:21.182Z}
{level:[32minfo[39m ---- message:[32m[2025-11-11T20:09:40.871Z] OPTIONS /api/auth/login 204 - 0ms - IP: ::1-------undefined[39m ---- timestamp:2025-11-11T20:09:40.871Z}
{level:[32minfo[39m ---- message:[32m[2025-11-11T20:09:40.938Z] POST /api/auth/login 404 - 64ms - IP: ::1-------[object Object][39m ---- timestamp:2025-11-11T20:09:40.938Z}
{level:[32minfo[39m ---- message:[32m server is running, http://localhost:3000[39m ---- timestamp:2025-11-11T20:15:32.110Z}
{level:[32minfo[39m ---- message:[32mmongoDB connected: ac-8jqrmm4-shard-00-02.sygyztr.mongodb.net[39m ---- timestamp:2025-11-11T20:15:32.898Z}
{level:[32minfo[39m ---- message:[32m[2025-11-11T20:15:43.383Z] OPTIONS /api/auth/login 204 - 2ms - IP: ::1-------undefined[39m ---- timestamp:2025-11-11T20:15:43.384Z}
{level:[31merror[39m ---- message:[31m[POST] /api/auth/login - User not found[39m ---- timestamp:2025-11-11T20:15:43.628Z}
{level:[32minfo[39m ---- message:[32m[2025-11-11T20:15:43.632Z] POST /api/auth/login 404 - 233ms - IP: ::1-------[object Object][39m ---- timestamp:2025-11-11T20:15:43.632Z}
{level:[32minfo[39m ---- message:[32m[2025-11-11T20:15:58.226Z] OPTIONS /api/auth/login 204 - 0ms - IP: ::1-------undefined[39m ---- timestamp:2025-11-11T20:15:58.226Z}
{level:[31merror[39m ---- message:[31m[POST] /api/auth/login - wrong password[39m ---- timestamp:2025-11-11T20:15:58.429Z}
{level:[32minfo[39m ---- message:[32m[2025-11-11T20:15:58.431Z] POST /api/auth/login 401 - 199ms - IP: ::1-------[object Object][39m ---- timestamp:2025-11-11T20:15:58.431Z}
{level:[32minfo[39m ---- message:[32m[2025-11-11T20:16:04.741Z] OPTIONS /api/auth/login 204 - 0ms - IP: ::1-------undefined[39m ---- timestamp:2025-11-11T20:16:04.742Z}
{level:[31merror[39m ---- message:[31m[POST] /api/auth/login - wrong password[39m ---- timestamp:2025-11-11T20:16:04.907Z}
{level:[32minfo[39m ---- message:[32m[2025-11-11T20:16:04.908Z] POST /api/auth/login 401 - 164ms - IP: ::1-------[object Object][39m ---- timestamp:2025-11-11T20:16:04.908Z}
{level:[32minfo[39m ---- message:[32m[2025-11-11T20:16:42.234Z] OPTIONS /api/auth/login 204 - 0ms - IP: ::1-------undefined[39m ---- timestamp:2025-11-11T20:16:42.234Z}
{level:[31merror[39m ---- message:[31m[POST] /api/auth/login - wrong password[39m ---- timestamp:2025-11-11T20:16:42.447Z}
{level:[32minfo[39m ---- message:[32m[2025-11-11T20:16:42.448Z] POST /api/auth/login 401 - 211ms - IP: ::1-------[object Object][39m ---- timestamp:2025-11-11T20:16:42.448Z}
{level:[32minfo[39m ---- message:[32m[2025-11-11T20:17:26.139Z] OPTIONS /api/auth/login 204 - 0ms - IP: ::1-------undefined[39m ---- timestamp:2025-11-11T20:17:26.140Z}
{level:[31merror[39m ---- message:[31m[POST] /api/auth/login - User not found[39m ---- timestamp:2025-11-11T20:17:26.213Z}
{level:[32minfo[39m ---- message:[32m[2025-11-11T20:17:26.215Z] POST /api/auth/login 404 - 72ms - IP: ::1-------[object Object][39m ---- timestamp:2025-11-11T20:17:26.216Z}
{level:[32minfo[39m ---- message:[32m[2025-11-11T20:17:44.809Z] OPTIONS /api/auth/login 204 - 0ms - IP: ::1-------undefined[39m ---- timestamp:2025-11-11T20:17:44.809Z}
{level:[31merror[39m ---- message:[31m[POST] /api/auth/login - User not found[39m ---- timestamp:2025-11-11T20:17:44.883Z}
{level:[32minfo[39m ---- message:[32m[2025-11-11T20:17:44.884Z] POST /api/auth/login 404 - 73ms - IP: ::1-------[object Object][39m ---- timestamp:2025-11-11T20:17:44.884Z}
{level:[32minfo[39m ---- message:[32m[2025-11-11T20:18:13.962Z] OPTIONS /api/auth/login 204 - 0ms - IP: ::1-------undefined[39m ---- timestamp:2025-11-11T20:18:13.962Z}
{level:[31merror[39m ---- message:[31m[POST] /api/auth/login - User not found[39m ---- timestamp:2025-11-11T20:18:14.094Z}
{level:[32minfo[39m ---- message:[32m[2025-11-11T20:18:14.095Z] POST /api/auth/login 404 - 130ms - IP: ::1-------[object Object][39m ---- timestamp:2025-11-11T20:18:14.095Z}
{level:[32minfo[39m ---- message:[32m[2025-11-11T20:18:50.343Z] OPTIONS /api/auth/login 204 - 0ms - IP: ::1-------undefined[39m ---- timestamp:2025-11-11T20:18:50.343Z}
{level:[31merror[39m ---- message:[31m[POST] /api/auth/login - wrong password[39m ---- timestamp:2025-11-11T20:18:50.510Z}
{level:[32minfo[39m ---- message:[32m[2025-11-11T20:18:50.511Z] POST /api/auth/login 401 - 165ms - IP: ::1-------[object Object][39m ---- timestamp:2025-11-11T20:18:50.511Z}
{level:[32minfo[39m ---- message:[32m[2025-11-11T20:18:53.832Z] POST /api/auth/refresh 200 - 2ms - IP: ::1-------undefined[39m ---- timestamp:2025-11-11T20:18:53.832Z}
{level:[32minfo[39m ---- message:[32m[2025-11-11T20:18:53.844Z] POST /api/auth/refresh 200 - 1ms - IP: ::1-------undefined[39m ---- timestamp:2025-11-11T20:18:53.844Z}
{level:[32minfo[39m ---- message:[32m[2025-11-11T20:18:53.945Z] POST /api/auth/refresh 200 - 2ms - IP: ::1-------undefined[39m ---- timestamp:2025-11-11T20:18:53.945Z}
{level:[32minfo[39m ---- message:[32m[2025-11-11T20:19:16.960Z] OPTIONS /api/auth/login 204 - 1ms - IP: ::1-------undefined[39m ---- timestamp:2025-11-11T20:19:16.960Z}
{level:[31merror[39m ---- message:[31m[POST] /api/auth/login - wrong password[39m ---- timestamp:2025-11-11T20:19:17.307Z}
{level:[32minfo[39m ---- message:[32m[2025-11-11T20:19:17.309Z] POST /api/auth/login 401 - 347ms - IP: ::1-------[object Object][39m ---- timestamp:2025-11-11T20:19:17.309Z}
{level:[32minfo[39m ---- message:[32m[2025-11-11T20:20:57.538Z] OPTIONS /api/auth/login 204 - 1ms - IP: ::1-------undefined[39m ---- timestamp:2025-11-11T20:20:57.538Z}
{level:[31merror[39m ---- message:[31m[POST] /api/auth/login - User not found[39m ---- timestamp:2025-11-11T20:20:57.606Z}
{level:[32minfo[39m ---- message:[32m[2025-11-11T20:20:57.607Z] POST /api/auth/login 404 - 66ms - IP: ::1-------[object Object][39m ---- timestamp:2025-11-11T20:20:57.608Z}
{level:[32minfo[39m ---- message:[32m[2025-11-11T20:21:09.624Z] OPTIONS /api/auth/login 204 - 0ms - IP: ::1-------undefined[39m ---- timestamp:2025-11-11T20:21:09.624Z}
{level:[31merror[39m ---- message:[31m[POST] /api/auth/login - User not found[39m ---- timestamp:2025-11-11T20:21:09.686Z}
{level:[32minfo[39m ---- message:[32m[2025-11-11T20:21:09.688Z] POST /api/auth/login 404 - 62ms - IP: ::1-------[object Object][39m ---- timestamp:2025-11-11T20:21:09.688Z}
{level:[32minfo[39m ---- message:[32m[2025-11-11T20:21:46.782Z] OPTIONS /api/auth/login 204 - 0ms - IP: ::1-------undefined[39m ---- timestamp:2025-11-11T20:21:46.782Z}
{level:[31merror[39m ---- message:[31m[POST] /api/auth/login - wrong password[39m ---- timestamp:2025-11-11T20:21:46.909Z}
{level:[32minfo[39m ---- message:[32m[2025-11-11T20:21:46.910Z] POST /api/auth/login 401 - 126ms - IP: ::1-------[object Object][39m ---- timestamp:2025-11-11T20:21:46.911Z}
{level:[32minfo[39m ---- message:[32m[2025-11-11T20:23:00.649Z] OPTIONS /api/auth/login 204 - 0ms - IP: ::1-------undefined[39m ---- timestamp:2025-11-11T20:23:00.649Z}
{level:[31merror[39m ---- message:[31m[POST] /api/auth/login - wrong password[39m ---- timestamp:2025-11-11T20:23:00.834Z}
{level:[32minfo[39m ---- message:[32m[2025-11-11T20:23:00.835Z] POST /api/auth/login 401 - 182ms - IP: ::1-------[object Object][39m ---- timestamp:2025-11-11T20:23:00.835Z}
{level:[32minfo[39m ---- message:[32m[2025-11-11T20:23:45.018Z] OPTIONS /api/auth/login 204 - 1ms - IP: ::1-------undefined[39m ---- timestamp:2025-11-11T20:23:45.018Z}
{level:[31merror[39m ---- message:[31m[POST] /api/auth/login - wrong password[39m ---- timestamp:2025-11-11T20:23:45.159Z}
{level:[32minfo[39m ---- message:[32m[2025-11-11T20:23:45.161Z] POST /api/auth/login 401 - 141ms - IP: ::1-------[object Object][39m ---- timestamp:2025-11-11T20:23:45.161Z}
{level:[32minfo[39m ---- message:[32m[2025-11-11T20:27:32.606Z] OPTIONS /api/auth/login 204 - 0ms - IP: ::1-------undefined[39m ---- timestamp:2025-11-11T20:27:32.606Z}
{level:[31merror[39m ---- message:[31m[POST] /api/auth/login - wrong password[39m ---- timestamp:2025-11-11T20:27:32.732Z}
{level:[32minfo[39m ---- message:[32m[2025-11-11T20:27:32.734Z] POST /api/auth/login 401 - 125ms - IP: ::1-------[object Object][39m ---- timestamp:2025-11-11T20:27:32.734Z}
{level:[32minfo[39m ---- message:[32m[2025-11-11T20:27:44.540Z] OPTIONS /api/auth/login 204 - 0ms - IP: ::1-------undefined[39m ---- timestamp:2025-11-11T20:27:44.540Z}
{level:[31merror[39m ---- message:[31m[POST] /api/auth/login - wrong password[39m ---- timestamp:2025-11-11T20:27:44.675Z}
{level:[32minfo[39m ---- message:[32m[2025-11-11T20:27:44.676Z] POST /api/auth/login 401 - 133ms - IP: ::1-------[object Object][39m ---- timestamp:2025-11-11T20:27:44.677Z}
{level:[32minfo[39m ---- message:[32m[2025-11-11T20:27:58.916Z] OPTIONS /api/auth/login 204 - 1ms - IP: ::1-------undefined[39m ---- timestamp:2025-11-11T20:27:58.916Z}
{level:[31merror[39m ---- message:[31m[POST] /api/auth/login - User not found[39m ---- timestamp:2025-11-11T20:27:58.997Z}
{level:[32minfo[39m ---- message:[32m[2025-11-11T20:27:58.998Z] POST /api/auth/login 404 - 80ms - IP: ::1-------[object Object][39m ---- timestamp:2025-11-11T20:27:58.998Z}
{level:[32minfo[39m ---- message:[32m[2025-11-11T20:28:31.485Z] OPTIONS /api/auth/login 204 - 0ms - IP: ::1-------undefined[39m ---- timestamp:2025-11-11T20:28:31.485Z}
{level:[31merror[39m ---- message:[31m[POST] /api/auth/login - User not found[39m ---- timestamp:2025-11-11T20:28:31.577Z}
{level:[32minfo[39m ---- message:[32m[2025-11-11T20:28:31.578Z] POST /api/auth/login 404 - 90ms - IP: ::1-------[object Object][39m ---- timestamp:2025-11-11T20:28:31.578Z}
{level:[32minfo[39m ---- message:[32m[2025-11-11T20:28:51.079Z] OPTIONS /api/auth/login 204 - 0ms - IP: ::1-------undefined[39m ---- timestamp:2025-11-11T20:28:51.079Z}
{level:[31merror[39m ---- message:[31m[POST] /api/auth/login - User not found[39m ---- timestamp:2025-11-11T20:28:51.154Z}
{level:[32minfo[39m ---- message:[32m[2025-11-11T20:28:51.155Z] POST /api/auth/login 404 - 73ms - IP: ::1-------[object Object][39m ---- timestamp:2025-11-11T20:28:51.155Z}
{level:[32minfo[39m ---- message:[32m[2025-11-11T20:29:04.001Z] OPTIONS /api/auth/login 204 - 0ms - IP: ::1-------undefined[39m ---- timestamp:2025-11-11T20:29:04.001Z}
{level:[31merror[39m ---- message:[31m[POST] /api/auth/login - wrong password[39m ---- timestamp:2025-11-11T20:29:04.280Z}
{level:[32minfo[39m ---- message:[32m[2025-11-11T20:29:04.281Z] POST /api/auth/login 401 - 278ms - IP: ::1-------[object Object][39m ---- timestamp:2025-11-11T20:29:04.282Z}
{level:[32minfo[39m ---- message:[32m[2025-11-11T20:30:28.360Z] POST /api/auth/refresh 200 - 0ms - IP: ::1-------undefined[39m ---- timestamp:2025-11-11T20:30:28.361Z}
{level:[32minfo[39m ---- message:[32m[2025-11-11T20:30:28.891Z] POST /api/auth/refresh 200 - 0ms - IP: ::1-------undefined[39m ---- timestamp:2025-11-11T20:30:28.891Z}
{level:[32minfo[39m ---- message:[32m[2025-11-11T20:30:30.345Z] POST /api/auth/refresh 200 - 1ms - IP: ::1-------undefined[39m ---- timestamp:2025-11-11T20:30:30.345Z}
{level:[32minfo[39m ---- message:[32m[2025-11-11T20:30:32.837Z] POST /api/auth/refresh 200 - 1ms - IP: ::1-------undefined[39m ---- timestamp:2025-11-11T20:30:32.837Z}
{level:[32minfo[39m ---- message:[32m[2025-11-11T20:30:38.059Z] POST /api/auth/refresh 200 - 1ms - IP: ::1-------undefined[39m ---- timestamp:2025-11-11T20:30:38.059Z}
{level:[32minfo[39m ---- message:[32m[2025-11-11T20:31:05.484Z] OPTIONS /api/auth/login 204 - 1ms - IP: ::1-------undefined[39m ---- timestamp:2025-11-11T20:31:05.484Z}
{level:[31merror[39m ---- message:[31m[POST] /api/auth/login - wrong password[39m ---- timestamp:2025-11-11T20:31:05.713Z}
{level:[32minfo[39m ---- message:[32m[2025-11-11T20:31:05.714Z] POST /api/auth/login 401 - 228ms - IP: ::1-------[object Object][39m ---- timestamp:2025-11-11T20:31:05.714Z}
{level:[32minfo[39m ---- message:[32m[2025-11-11T20:33:30.791Z] POST /api/auth/refresh 200 - 1ms - IP: ::1-------undefined[39m ---- timestamp:2025-11-11T20:33:30.791Z}
{level:[32minfo[39m ---- message:[32m[2025-11-11T20:34:02.785Z] POST /api/auth/refresh 200 - 0ms - IP: ::1-------undefined[39m ---- timestamp:2025-11-11T20:34:02.786Z}
{level:[32minfo[39m ---- message:[32m[2025-11-11T20:34:15.775Z] POST /api/auth/refresh 200 - 1ms - IP: ::1-------undefined[39m ---- timestamp:2025-11-11T20:34:15.775Z}
{level:[32minfo[39m ---- message:[32m[2025-11-11T20:34:18.785Z] POST /api/auth/refresh 200 - 0ms - IP: ::1-------undefined[39m ---- timestamp:2025-11-11T20:34:18.785Z}
{level:[32minfo[39m ---- message:[32m[2025-11-11T20:34:25.792Z] POST /api/auth/refresh 200 - 1ms - IP: ::1-------undefined[39m ---- timestamp:2025-11-11T20:34:25.792Z}
{level:[32minfo[39m ---- message:[32m[2025-11-11T20:35:12.786Z] POST /api/auth/refresh 200 - 1ms - IP: ::1-------undefined[39m ---- timestamp:2025-11-11T20:35:12.786Z}
{level:[32minfo[39m ---- message:[32m[2025-11-11T20:35:22.779Z] POST /api/auth/refresh 200 - 1ms - IP: ::1-------undefined[39m ---- timestamp:2025-11-11T20:35:22.779Z}
{level:[32minfo[39m ---- message:[32m[2025-11-11T20:35:30.456Z] OPTIONS /api/auth/login 204 - 0ms - IP: ::1-------undefined[39m ---- timestamp:2025-11-11T20:35:30.456Z}
{level:[31merror[39m ---- message:[31m[POST] /api/auth/login - wrong password[39m ---- timestamp:2025-11-11T20:35:30.583Z}
{level:[32minfo[39m ---- message:[32m[2025-11-11T20:35:30.584Z] POST /api/auth/login 401 - 126ms - IP: ::1-------[object Object][39m ---- timestamp:2025-11-11T20:35:30.584Z}
{level:[31merror[39m ---- message:[31m[POST] /api/auth/login - wrong password[39m ---- timestamp:2025-11-11T20:35:32.602Z}
{level:[32minfo[39m ---- message:[32m[2025-11-11T20:35:32.603Z] POST /api/auth/login 401 - 120ms - IP: ::1-------[object Object][39m ---- timestamp:2025-11-11T20:35:32.603Z}
{level:[31merror[39m ---- message:[31m[POST] /api/auth/login - wrong password[39m ---- timestamp:2025-11-11T20:35:33.246Z}
{level:[32minfo[39m ---- message:[32m[2025-11-11T20:35:33.248Z] POST /api/auth/login 401 - 181ms - IP: ::1-------[object Object][39m ---- timestamp:2025-11-11T20:35:33.248Z}
{level:[31merror[39m ---- message:[31m[POST] /api/auth/login - wrong password[39m ---- timestamp:2025-11-11T20:35:33.366Z}
{level:[32minfo[39m ---- message:[32m[2025-11-11T20:35:33.367Z] POST /api/auth/login 401 - 125ms - IP: ::1-------[object Object][39m ---- timestamp:2025-11-11T20:35:33.367Z}
{level:[31merror[39m ---- message:[31m[POST] /api/auth/login - wrong password[39m ---- timestamp:2025-11-11T20:35:33.562Z}
{level:[32minfo[39m ---- message:[32m[2025-11-11T20:35:33.563Z] POST /api/auth/login 401 - 137ms - IP: ::1-------[object Object][39m ---- timestamp:2025-11-11T20:35:33.563Z}
{level:[32minfo[39m ---- message:[32m server is running, http://localhost:3000[39m ---- timestamp:2025-11-12T08:36:33.128Z}
{level:[32minfo[39m ---- message:[32mmongoDB connected: ac-8jqrmm4-shard-00-02.sygyztr.mongodb.net[39m ---- timestamp:2025-11-12T08:36:35.031Z}
{level:[32minfo[39m ---- message:[32m[2025-11-12T08:36:58.476Z] POST /api/auth/refresh 200 - 8ms - IP: ::1-------undefined[39m ---- timestamp:2025-11-12T08:36:58.477Z}
{level:[32minfo[39m ---- message:[32m[2025-11-12T08:36:58.484Z] POST /api/auth/refresh 200 - 2ms - IP: ::1-------undefined[39m ---- timestamp:2025-11-12T08:36:58.484Z}
{level:[32minfo[39m ---- message:[32m[2025-11-12T08:37:00.520Z] POST /api/auth/refresh 200 - 1ms - IP: ::1-------undefined[39m ---- timestamp:2025-11-12T08:37:00.520Z}
{level:[32minfo[39m ---- message:[32m[2025-11-12T08:37:00.536Z] POST /api/auth/refresh 200 - 2ms - IP: ::1-------undefined[39m ---- timestamp:2025-11-12T08:37:00.536Z}
{level:[32minfo[39m ---- message:[32m[2025-11-12T08:37:01.380Z] POST /api/auth/refresh 200 - 2ms - IP: ::1-------undefined[39m ---- timestamp:2025-11-12T08:37:01.381Z}
{level:[32minfo[39m ---- message:[32m[2025-11-12T08:37:01.412Z] POST /api/auth/refresh 200 - 2ms - IP: ::1-------undefined[39m ---- timestamp:2025-11-12T08:37:01.412Z}
{level:[32minfo[39m ---- message:[32m[2025-11-12T08:37:06.227Z] POST /api/auth/refresh 200 - 1ms - IP: ::1-------undefined[39m ---- timestamp:2025-11-12T08:37:06.228Z}
{level:[32minfo[39m ---- message:[32m[2025-11-12T08:37:06.245Z] POST /api/auth/refresh 200 - 2ms - IP: ::1-------undefined[39m ---- timestamp:2025-11-12T08:37:06.245Z}
{level:[32minfo[39m ---- message:[32m[2025-11-12T08:37:06.486Z] POST /api/auth/refresh 200 - 2ms - IP: ::1-------undefined[39m ---- timestamp:2025-11-12T08:37:06.486Z}
{level:[32minfo[39m ---- message:[32m[2025-11-12T08:37:06.500Z] POST /api/auth/refresh 200 - 1ms - IP: ::1-------undefined[39m ---- timestamp:2025-11-12T08:37:06.500Z}
{level:[32minfo[39m ---- message:[32m[2025-11-12T08:37:11.124Z] POST /api/auth/refresh 200 - 1ms - IP: ::1-------undefined[39m ---- timestamp:2025-11-12T08:37:11.124Z}
{level:[32minfo[39m ---- message:[32m[2025-11-12T08:37:11.143Z] POST /api/auth/refresh 200 - 2ms - IP: ::1-------undefined[39m ---- timestamp:2025-11-12T08:37:11.144Z}
{level:[32minfo[39m ---- message:[32m[2025-11-12T08:37:13.353Z] POST /api/auth/refresh 200 - 1ms - IP: ::1-------undefined[39m ---- timestamp:2025-11-12T08:37:13.353Z}
{level:[32minfo[39m ---- message:[32m[2025-11-12T08:37:13.375Z] POST /api/auth/refresh 200 - 1ms - IP: ::1-------undefined[39m ---- timestamp:2025-11-12T08:37:13.375Z}
{level:[32minfo[39m ---- message:[32m[2025-11-12T08:37:13.538Z] POST /api/auth/refresh 200 - 0ms - IP: ::1-------undefined[39m ---- timestamp:2025-11-12T08:37:13.539Z}
{level:[32minfo[39m ---- message:[32m[2025-11-12T08:37:13.570Z] POST /api/auth/refresh 200 - 1ms - IP: ::1-------undefined[39m ---- timestamp:2025-11-12T08:37:13.571Z}
{level:[32minfo[39m ---- message:[32m[2025-11-12T08:37:14.320Z] POST /api/auth/refresh 200 - 1ms - IP: ::1-------undefined[39m ---- timestamp:2025-11-12T08:37:14.320Z}
{level:[32minfo[39m ---- message:[32m[2025-11-12T08:37:14.340Z] POST /api/auth/refresh 200 - 1ms - IP: ::1-------undefined[39m ---- timestamp:2025-11-12T08:37:14.341Z}
{level:[32minfo[39m ---- message:[32m[2025-11-12T08:37:14.489Z] POST /api/auth/refresh 200 - 1ms - IP: ::1-------undefined[39m ---- timestamp:2025-11-12T08:37:14.489Z}
{level:[32minfo[39m ---- message:[32m[2025-11-12T08:37:14.506Z] POST /api/auth/refresh 200 - 1ms - IP: ::1-------undefined[39m ---- timestamp:2025-11-12T08:37:14.506Z}
{level:[32minfo[39m ---- message:[32m[2025-11-12T08:37:18.844Z] POST /api/auth/refresh 200 - 1ms - IP: ::1-------undefined[39m ---- timestamp:2025-11-12T08:37:18.844Z}
{level:[32minfo[39m ---- message:[32m[2025-11-12T08:37:18.861Z] POST /api/auth/refresh 200 - 2ms - IP: ::1-------undefined[39m ---- timestamp:2025-11-12T08:37:18.861Z}
{level:[32minfo[39m ---- message:[32m[2025-11-12T08:38:42.696Z] POST /api/auth/refresh 200 - 1ms - IP: ::1-------undefined[39m ---- timestamp:2025-11-12T08:38:42.696Z}
{level:[32minfo[39m ---- message:[32m[2025-11-12T08:38:42.726Z] POST /api/auth/refresh 200 - 1ms - IP: ::1-------undefined[39m ---- timestamp:2025-11-12T08:38:42.726Z}
{level:[32minfo[39m ---- message:[32m[2025-11-12T08:38:43.631Z] POST /api/auth/refresh 200 - 1ms - IP: ::1-------undefined[39m ---- timestamp:2025-11-12T08:38:43.631Z}
{level:[32minfo[39m ---- message:[32m[2025-11-12T08:38:43.660Z] POST /api/auth/refresh 200 - 0ms - IP: ::1-------undefined[39m ---- timestamp:2025-11-12T08:38:43.661Z}
{level:[32minfo[39m ---- message:[32m[2025-11-12T08:38:47.698Z] POST /api/auth/refresh 200 - 1ms - IP: ::1-------undefined[39m ---- timestamp:2025-11-12T08:38:47.698Z}
{level:[32minfo[39m ---- message:[32m[2025-11-12T08:38:47.722Z] POST /api/auth/refresh 200 - 1ms - IP: ::1-------undefined[39m ---- timestamp:2025-11-12T08:38:47.722Z}
{level:[32minfo[39m ---- message:[32m[2025-11-12T08:38:48.647Z] POST /api/auth/refresh 200 - 1ms - IP: ::1-------undefined[39m ---- timestamp:2025-11-12T08:38:48.648Z}
{level:[32minfo[39m ---- message:[32m[2025-11-12T08:38:48.682Z] POST /api/auth/refresh 200 - 2ms - IP: ::1-------undefined[39m ---- timestamp:2025-11-12T08:38:48.682Z}
{level:[32minfo[39m ---- message:[32m[2025-11-12T08:39:03.639Z] POST /api/auth/refresh 200 - 1ms - IP: ::1-------undefined[39m ---- timestamp:2025-11-12T08:39:03.639Z}
{level:[32minfo[39m ---- message:[32m[2025-11-12T08:39:03.680Z] POST /api/auth/refresh 200 - 1ms - IP: ::1-------undefined[39m ---- timestamp:2025-11-12T08:39:03.680Z}
{level:[32minfo[39m ---- message:[32m[2025-11-12T08:39:06.630Z] POST /api/auth/refresh 200 - 1ms - IP: ::1-------undefined[39m ---- timestamp:2025-11-12T08:39:06.630Z}
{level:[32minfo[39m ---- message:[32m[2025-11-12T08:39:06.648Z] POST /api/auth/refresh 200 - 1ms - IP: ::1-------undefined[39m ---- timestamp:2025-11-12T08:39:06.648Z}
{level:[32minfo[39m ---- message:[32m[2025-11-12T08:39:07.622Z] POST /api/auth/refresh 200 - 1ms - IP: ::1-------undefined[39m ---- timestamp:2025-11-12T08:39:07.622Z}
{level:[32minfo[39m ---- message:[32m[2025-11-12T08:39:07.642Z] POST /api/auth/refresh 200 - 1ms - IP: ::1-------undefined[39m ---- timestamp:2025-11-12T08:39:07.642Z}
{level:[32minfo[39m ---- message:[32m[2025-11-12T08:39:08.613Z] POST /api/auth/refresh 200 - 1ms - IP: ::1-------undefined[39m ---- timestamp:2025-11-12T08:39:08.613Z}
{level:[32minfo[39m ---- message:[32m[2025-11-12T08:39:08.634Z] POST /api/auth/refresh 200 - 0ms - IP: ::1-------undefined[39m ---- timestamp:2025-11-12T08:39:08.634Z}
{level:[32minfo[39m ---- message:[32m[2025-11-12T08:39:11.628Z] POST /api/auth/refresh 200 - 1ms - IP: ::1-------undefined[39m ---- timestamp:2025-11-12T08:39:11.628Z}
{level:[32minfo[39m ---- message:[32m[2025-11-12T08:39:11.649Z] POST /api/auth/refresh 200 - 2ms - IP: ::1-------undefined[39m ---- timestamp:2025-11-12T08:39:11.649Z}
{level:[32minfo[39m ---- message:[32m[2025-11-12T08:39:12.636Z] POST /api/auth/refresh 200 - 1ms - IP: ::1-------undefined[39m ---- timestamp:2025-11-12T08:39:12.636Z}
{level:[32minfo[39m ---- message:[32m[2025-11-12T08:39:12.656Z] POST /api/auth/refresh 200 - 1ms - IP: ::1-------undefined[39m ---- timestamp:2025-11-12T08:39:12.657Z}
{level:[32minfo[39m ---- message:[32m[2025-11-12T08:39:15.614Z] POST /api/auth/refresh 200 - 0ms - IP: ::1-------undefined[39m ---- timestamp:2025-11-12T08:39:15.615Z}
{level:[32minfo[39m ---- message:[32m[2025-11-12T08:39:15.632Z] POST /api/auth/refresh 200 - 1ms - IP: ::1-------undefined[39m ---- timestamp:2025-11-12T08:39:15.632Z}
{level:[32minfo[39m ---- message:[32m[2025-11-12T08:39:21.702Z] POST /api/auth/refresh 200 - 2ms - IP: ::1-------undefined[39m ---- timestamp:2025-11-12T08:39:21.702Z}
{level:[32minfo[39m ---- message:[32m[2025-11-12T08:39:21.724Z] POST /api/auth/refresh 200 - 1ms - IP: ::1-------undefined[39m ---- timestamp:2025-11-12T08:39:21.724Z}
{level:[32minfo[39m ---- message:[32m[2025-11-12T08:39:23.618Z] POST /api/auth/refresh 200 - 1ms - IP: ::1-------undefined[39m ---- timestamp:2025-11-12T08:39:23.618Z}
{level:[32minfo[39m ---- message:[32m[2025-11-12T08:39:23.644Z] POST /api/auth/refresh 200 - 2ms - IP: ::1-------undefined[39m ---- timestamp:2025-11-12T08:39:23.644Z}
{level:[32minfo[39m ---- message:[32m[2025-11-12T08:39:36.624Z] POST /api/auth/refresh 200 - 1ms - IP: ::1-------undefined[39m ---- timestamp:2025-11-12T08:39:36.625Z}
{level:[32minfo[39m ---- message:[32m[2025-11-12T08:39:36.647Z] POST /api/auth/refresh 200 - 1ms - IP: ::1-------undefined[39m ---- timestamp:2025-11-12T08:39:36.648Z}
{level:[32minfo[39m ---- message:[32m[2025-11-12T08:39:43.271Z] POST /api/auth/refresh 200 - 3ms - IP: ::1-------undefined[39m ---- timestamp:2025-11-12T08:39:43.271Z}
{level:[32minfo[39m ---- message:[32m[2025-11-12T08:39:43.282Z] POST /api/auth/refresh 200 - 2ms - IP: ::1-------undefined[39m ---- timestamp:2025-11-12T08:39:43.282Z}
{level:[32minfo[39m ---- message:[32m[2025-11-12T08:39:55.464Z] POST /api/auth/refresh 200 - 2ms - IP: ::1-------undefined[39m ---- timestamp:2025-11-12T08:39:55.464Z}
{level:[32minfo[39m ---- message:[32m[2025-11-12T08:39:55.486Z] POST /api/auth/refresh 200 - 1ms - IP: ::1-------undefined[39m ---- timestamp:2025-11-12T08:39:55.487Z}
{level:[32minfo[39m ---- message:[32m[2025-11-12T08:40:01.593Z] POST /api/auth/refresh 200 - 1ms - IP: ::1-------undefined[39m ---- timestamp:2025-11-12T08:40:01.593Z}
{level:[32minfo[39m ---- message:[32m[2025-11-12T08:40:01.617Z] POST /api/auth/refresh 200 - 2ms - IP: ::1-------undefined[39m ---- timestamp:2025-11-12T08:40:01.617Z}
{level:[32minfo[39m ---- message:[32m[2025-11-12T08:40:24.912Z] POST /api/auth/refresh 200 - 1ms - IP: ::1-------undefined[39m ---- timestamp:2025-11-12T08:40:24.912Z}
{level:[32minfo[39m ---- message:[32m[2025-11-12T08:40:24.918Z] POST /api/auth/refresh 200 - 1ms - IP: ::1-------undefined[39m ---- timestamp:2025-11-12T08:40:24.918Z}
{level:[32minfo[39m ---- message:[32m[2025-11-12T08:41:45.230Z] POST /api/auth/refresh 200 - 2ms - IP: ::1-------undefined[39m ---- timestamp:2025-11-12T08:41:45.230Z}
{level:[32minfo[39m ---- message:[32m[2025-11-12T08:41:45.249Z] POST /api/auth/refresh 200 - 1ms - IP: ::1-------undefined[39m ---- timestamp:2025-11-12T08:41:45.250Z}
{level:[32minfo[39m ---- message:[32m[2025-11-12T08:41:45.495Z] POST /api/auth/refresh 200 - 1ms - IP: ::1-------undefined[39m ---- timestamp:2025-11-12T08:41:45.495Z}
{level:[32minfo[39m ---- message:[32m[2025-11-12T08:41:45.521Z] POST /api/auth/refresh 200 - 1ms - IP: ::1-------undefined[39m ---- timestamp:2025-11-12T08:41:45.521Z}
{level:[32minfo[39m ---- message:[32m[2025-11-12T08:41:45.745Z] POST /api/auth/refresh 200 - 1ms - IP: ::1-------undefined[39m ---- timestamp:2025-11-12T08:41:45.745Z}
{level:[32minfo[39m ---- message:[32m[2025-11-12T08:41:45.761Z] POST /api/auth/refresh 200 - 0ms - IP: ::1-------undefined[39m ---- timestamp:2025-11-12T08:41:45.761Z}
{level:[32minfo[39m ---- message:[32m[2025-11-12T08:41:45.985Z] POST /api/auth/refresh 200 - 2ms - IP: ::1-------undefined[39m ---- timestamp:2025-11-12T08:41:45.985Z}
{level:[32minfo[39m ---- message:[32m[2025-11-12T08:41:46.004Z] POST /api/auth/refresh 200 - 1ms - IP: ::1-------undefined[39m ---- timestamp:2025-11-12T08:41:46.004Z}
{level:[32minfo[39m ---- message:[32m[2025-11-12T08:41:46.184Z] POST /api/auth/refresh 200 - 1ms - IP: ::1-------undefined[39m ---- timestamp:2025-11-12T08:41:46.184Z}
{level:[32minfo[39m ---- message:[32m[2025-11-12T08:41:46.198Z] POST /api/auth/refresh 200 - 1ms - IP: ::1-------undefined[39m ---- timestamp:2025-11-12T08:41:46.198Z}
{level:[32minfo[39m ---- message:[32m[2025-11-12T08:41:46.363Z] POST /api/auth/refresh 200 - 1ms - IP: ::1-------undefined[39m ---- timestamp:2025-11-12T08:41:46.363Z}
{level:[32minfo[39m ---- message:[32m[2025-11-12T08:41:46.382Z] POST /api/auth/refresh 200 - 0ms - IP: ::1-------undefined[39m ---- timestamp:2025-11-12T08:41:46.383Z}
{level:[32minfo[39m ---- message:[32m[2025-11-12T08:41:46.554Z] POST /api/auth/refresh 200 - 1ms - IP: ::1-------undefined[39m ---- timestamp:2025-11-12T08:41:46.554Z}
{level:[32minfo[39m ---- message:[32m[2025-11-12T08:41:46.569Z] POST /api/auth/refresh 200 - 1ms - IP: ::1-------undefined[39m ---- timestamp:2025-11-12T08:41:46.569Z}
{level:[32minfo[39m ---- message:[32m[2025-11-12T08:41:46.781Z] POST /api/auth/refresh 200 - 0ms - IP: ::1-------undefined[39m ---- timestamp:2025-11-12T08:41:46.781Z}
{level:[32minfo[39m ---- message:[32m[2025-11-12T08:41:46.797Z] POST /api/auth/refresh 200 - 2ms - IP: ::1-------undefined[39m ---- timestamp:2025-11-12T08:41:46.797Z}
{level:[32minfo[39m ---- message:[32m[2025-11-12T08:41:46.996Z] POST /api/auth/refresh 200 - 1ms - IP: ::1-------undefined[39m ---- timestamp:2025-11-12T08:41:46.996Z}
{level:[32minfo[39m ---- message:[32m[2025-11-12T08:41:47.011Z] POST /api/auth/refresh 200 - 1ms - IP: ::1-------undefined[39m ---- timestamp:2025-11-12T08:41:47.011Z}
{level:[32minfo[39m ---- message:[32m[2025-11-12T08:41:47.170Z] POST /api/auth/refresh 200 - 1ms - IP: ::1-------undefined[39m ---- timestamp:2025-11-12T08:41:47.170Z}
{level:[32minfo[39m ---- message:[32m[2025-11-12T08:41:47.184Z] POST /api/auth/refresh 200 - 1ms - IP: ::1-------undefined[39m ---- timestamp:2025-11-12T08:41:47.184Z}
{level:[32minfo[39m ---- message:[32m[2025-11-12T08:41:47.385Z] POST /api/auth/refresh 200 - 1ms - IP: ::1-------undefined[39m ---- timestamp:2025-11-12T08:41:47.385Z}
{level:[32minfo[39m ---- message:[32m[2025-11-12T08:41:47.405Z] POST /api/auth/refresh 200 - 1ms - IP: ::1-------undefined[39m ---- timestamp:2025-11-12T08:41:47.405Z}
{level:[32minfo[39m ---- message:[32m[2025-11-12T08:41:47.650Z] POST /api/auth/refresh 200 - 0ms - IP: ::1-------undefined[39m ---- timestamp:2025-11-12T08:41:47.650Z}
{level:[32minfo[39m ---- message:[32m[2025-11-12T08:41:47.667Z] POST /api/auth/refresh 200 - 1ms - IP: ::1-------undefined[39m ---- timestamp:2025-11-12T08:41:47.667Z}
{level:[32minfo[39m ---- message:[32m[2025-11-12T08:41:47.849Z] POST /api/auth/refresh 200 - 1ms - IP: ::1-------undefined[39m ---- timestamp:2025-11-12T08:41:47.849Z}
{level:[32minfo[39m ---- message:[32m[2025-11-12T08:41:47.868Z] POST /api/auth/refresh 200 - 1ms - IP: ::1-------undefined[39m ---- timestamp:2025-11-12T08:41:47.868Z}
{level:[32minfo[39m ---- message:[32m[2025-11-12T08:41:48.612Z] POST /api/auth/refresh 200 - 1ms - IP: ::1-------undefined[39m ---- timestamp:2025-11-12T08:41:48.612Z}
{level:[32minfo[39m ---- message:[32m[2025-11-12T08:41:48.627Z] POST /api/auth/refresh 200 - 1ms - IP: ::1-------undefined[39m ---- timestamp:2025-11-12T08:41:48.627Z}
{level:[32minfo[39m ---- message:[32m[2025-11-12T08:41:48.793Z] POST /api/auth/refresh 200 - 1ms - IP: ::1-------undefined[39m ---- timestamp:2025-11-12T08:41:48.793Z}
{level:[32minfo[39m ---- message:[32m[2025-11-12T08:41:48.808Z] POST /api/auth/refresh 200 - 1ms - IP: ::1-------undefined[39m ---- timestamp:2025-11-12T08:41:48.808Z}
{level:[32minfo[39m ---- message:[32m[2025-11-12T08:41:48.980Z] POST /api/auth/refresh 200 - 1ms - IP: ::1-------undefined[39m ---- timestamp:2025-11-12T08:41:48.981Z}
{level:[32minfo[39m ---- message:[32m[2025-11-12T08:41:49.005Z] POST /api/auth/refresh 200 - 1ms - IP: ::1-------undefined[39m ---- timestamp:2025-11-12T08:41:49.005Z}
{level:[32minfo[39m ---- message:[32m[2025-11-12T08:41:49.120Z] POST /api/auth/refresh 200 - 0ms - IP: ::1-------undefined[39m ---- timestamp:2025-11-12T08:41:49.120Z}
{level:[32minfo[39m ---- message:[32m[2025-11-12T08:41:49.136Z] POST /api/auth/refresh 200 - 1ms - IP: ::1-------undefined[39m ---- timestamp:2025-11-12T08:41:49.136Z}
{level:[32minfo[39m ---- message:[32m[2025-11-12T08:41:49.284Z] POST /api/auth/refresh 200 - 0ms - IP: ::1-------undefined[39m ---- timestamp:2025-11-12T08:41:49.284Z}
{level:[32minfo[39m ---- message:[32m[2025-11-12T08:41:49.304Z] POST /api/auth/refresh 200 - 1ms - IP: ::1-------undefined[39m ---- timestamp:2025-11-12T08:41:49.304Z}
{level:[32minfo[39m ---- message:[32m[2025-11-12T08:41:49.476Z] POST /api/auth/refresh 200 - 1ms - IP: ::1-------undefined[39m ---- timestamp:2025-11-12T08:41:49.476Z}
{level:[32minfo[39m ---- message:[32m[2025-11-12T08:41:49.497Z] POST /api/auth/refresh 200 - 1ms - IP: ::1-------undefined[39m ---- timestamp:2025-11-12T08:41:49.497Z}
{level:[32minfo[39m ---- message:[32m[2025-11-12T08:41:49.681Z] POST /api/auth/refresh 200 - 1ms - IP: ::1-------undefined[39m ---- timestamp:2025-11-12T08:41:49.681Z}
{level:[32minfo[39m ---- message:[32m[2025-11-12T08:41:49.701Z] POST /api/auth/refresh 200 - 1ms - IP: ::1-------undefined[39m ---- timestamp:2025-11-12T08:41:49.701Z}
{level:[32minfo[39m ---- message:[32m[2025-11-12T08:41:50.021Z] POST /api/auth/refresh 200 - 1ms - IP: ::1-------undefined[39m ---- timestamp:2025-11-12T08:41:50.021Z}
{level:[32minfo[39m ---- message:[32m[2025-11-12T08:41:50.038Z] POST /api/auth/refresh 200 - 1ms - IP: ::1-------undefined[39m ---- timestamp:2025-11-12T08:41:50.038Z}
{level:[32minfo[39m ---- message:[32m[2025-11-12T08:41:50.215Z] POST /api/auth/refresh 200 - 1ms - IP: ::1-------undefined[39m ---- timestamp:2025-11-12T08:41:50.215Z}
{level:[32minfo[39m ---- message:[32m[2025-11-12T08:41:50.234Z] POST /api/auth/refresh 200 - 0ms - IP: ::1-------undefined[39m ---- timestamp:2025-11-12T08:41:50.235Z}
{level:[32minfo[39m ---- message:[32m[2025-11-12T08:41:50.381Z] POST /api/auth/refresh 200 - 1ms - IP: ::1-------undefined[39m ---- timestamp:2025-11-12T08:41:50.381Z}
{level:[32minfo[39m ---- message:[32m[2025-11-12T08:41:50.398Z] POST /api/auth/refresh 200 - 2ms - IP: ::1-------undefined[39m ---- timestamp:2025-11-12T08:41:50.398Z}
{level:[32minfo[39m ---- message:[32m[2025-11-12T08:41:50.557Z] POST /api/auth/refresh 200 - 1ms - IP: ::1-------undefined[39m ---- timestamp:2025-11-12T08:41:50.558Z}
{level:[32minfo[39m ---- message:[32m[2025-11-12T08:41:50.573Z] POST /api/auth/refresh 200 - 1ms - IP: ::1-------undefined[39m ---- timestamp:2025-11-12T08:41:50.573Z}
{level:[32minfo[39m ---- message:[32m[2025-11-12T08:41:50.720Z] POST /api/auth/refresh 200 - 1ms - IP: ::1-------undefined[39m ---- timestamp:2025-11-12T08:41:50.720Z}
{level:[32minfo[39m ---- message:[32m[2025-11-12T08:41:50.733Z] POST /api/auth/refresh 200 - 1ms - IP: ::1-------undefined[39m ---- timestamp:2025-11-12T08:41:50.733Z}
{level:[32minfo[39m ---- message:[32m[2025-11-12T08:41:50.902Z] POST /api/auth/refresh 200 - 0ms - IP: ::1-------undefined[39m ---- timestamp:2025-11-12T08:41:50.902Z}
{level:[32minfo[39m ---- message:[32m[2025-11-12T08:41:50.926Z] POST /api/auth/refresh 200 - 1ms - IP: ::1-------undefined[39m ---- timestamp:2025-11-12T08:41:50.926Z}
{level:[32minfo[39m ---- message:[32m[2025-11-12T08:41:52.568Z] POST /api/auth/refresh 200 - 1ms - IP: ::1-------undefined[39m ---- timestamp:2025-11-12T08:41:52.568Z}
{level:[32minfo[39m ---- message:[32m[2025-11-12T08:41:52.581Z] POST /api/auth/refresh 200 - 1ms - IP: ::1-------undefined[39m ---- timestamp:2025-11-12T08:41:52.581Z}
{level:[32minfo[39m ---- message:[32m[2025-11-12T08:41:52.761Z] POST /api/auth/refresh 200 - 1ms - IP: ::1-------undefined[39m ---- timestamp:2025-11-12T08:41:52.761Z}
{level:[32minfo[39m ---- message:[32m[2025-11-12T08:41:52.774Z] POST /api/auth/refresh 200 - 1ms - IP: ::1-------undefined[39m ---- timestamp:2025-11-12T08:41:52.774Z}
{level:[32minfo[39m ---- message:[32m[2025-11-12T08:41:52.961Z] POST /api/auth/refresh 200 - 1ms - IP: ::1-------undefined[39m ---- timestamp:2025-11-12T08:41:52.961Z}
{level:[32minfo[39m ---- message:[32m[2025-11-12T08:41:52.978Z] POST /api/auth/refresh 200 - 1ms - IP: ::1-------undefined[39m ---- timestamp:2025-11-12T08:41:52.978Z}
{level:[32minfo[39m ---- message:[32m[2025-11-12T08:41:53.127Z] POST /api/auth/refresh 200 - 1ms - IP: ::1-------undefined[39m ---- timestamp:2025-11-12T08:41:53.128Z}
{level:[32minfo[39m ---- message:[32m[2025-11-12T08:41:53.144Z] POST /api/auth/refresh 200 - 1ms - IP: ::1-------undefined[39m ---- timestamp:2025-11-12T08:41:53.144Z}
{level:[32minfo[39m ---- message:[32m[2025-11-12T08:41:53.330Z] POST /api/auth/refresh 200 - 1ms - IP: ::1-------undefined[39m ---- timestamp:2025-11-12T08:41:53.330Z}
{level:[32minfo[39m ---- message:[32m[2025-11-12T08:41:53.345Z] POST /api/auth/refresh 200 - 0ms - IP: ::1-------undefined[39m ---- timestamp:2025-11-12T08:41:53.346Z}
{level:[32minfo[39m ---- message:[32m[2025-11-12T08:41:53.553Z] POST /api/auth/refresh 200 - 1ms - IP: ::1-------undefined[39m ---- timestamp:2025-11-12T08:41:53.553Z}
{level:[32minfo[39m ---- message:[32m[2025-11-12T08:41:53.567Z] POST /api/auth/refresh 200 - 1ms - IP: ::1-------undefined[39m ---- timestamp:2025-11-12T08:41:53.567Z}
{level:[32minfo[39m ---- message:[32m[2025-11-12T08:41:53.771Z] POST /api/auth/refresh 200 - 1ms - IP: ::1-------undefined[39m ---- timestamp:2025-11-12T08:41:53.771Z}
{level:[32minfo[39m ---- message:[32m[2025-11-12T08:41:53.784Z] POST /api/auth/refresh 200 - 0ms - IP: ::1-------undefined[39m ---- timestamp:2025-11-12T08:41:53.784Z}
{level:[32minfo[39m ---- message:[32m[2025-11-12T08:42:09.605Z] POST /api/auth/refresh 200 - 0ms - IP: ::1-------undefined[39m ---- timestamp:2025-11-12T08:42:09.605Z}
{level:[32minfo[39m ---- message:[32m[2025-11-12T08:42:09.623Z] POST /api/auth/refresh 200 - 0ms - IP: ::1-------undefined[39m ---- timestamp:2025-11-12T08:42:09.624Z}
{level:[32minfo[39m ---- message:[32m[2025-11-12T08:42:14.690Z] POST /api/auth/refresh 200 - 1ms - IP: ::1-------undefined[39m ---- timestamp:2025-11-12T08:42:14.690Z}
{level:[32minfo[39m ---- message:[32m[2025-11-12T08:42:14.713Z] POST /api/auth/refresh 200 - 2ms - IP: ::1-------undefined[39m ---- timestamp:2025-11-12T08:42:14.713Z}
{level:[32minfo[39m ---- message:[32m[2025-11-12T08:42:19.588Z] POST /api/auth/refresh 200 - 1ms - IP: ::1-------undefined[39m ---- timestamp:2025-11-12T08:42:19.588Z}
{level:[32minfo[39m ---- message:[32m[2025-11-12T08:42:19.602Z] POST /api/auth/refresh 200 - 1ms - IP: ::1-------undefined[39m ---- timestamp:2025-11-12T08:42:19.602Z}
{level:[32minfo[39m ---- message:[32m[2025-11-12T08:42:37.101Z] POST /api/auth/refresh 200 - 2ms - IP: ::1-------undefined[39m ---- timestamp:2025-11-12T08:42:37.101Z}
{level:[32minfo[39m ---- message:[32m[2025-11-12T08:42:37.118Z] POST /api/auth/refresh 200 - 2ms - IP: ::1-------undefined[39m ---- timestamp:2025-11-12T08:42:37.118Z}
{level:[32minfo[39m ---- message:[32m[2025-11-12T08:42:37.238Z] POST /api/auth/refresh 200 - 2ms - IP: ::1-------undefined[39m ---- timestamp:2025-11-12T08:42:37.238Z}
{level:[32minfo[39m ---- message:[32m[2025-11-12T08:42:50.323Z] OPTIONS /api/auth/login 204 - 1ms - IP: ::1-------undefined[39m ---- timestamp:2025-11-12T08:42:50.323Z}
{level:[31merror[39m ---- message:[31m[POST] /api/auth/login - User not found[39m ---- timestamp:2025-11-12T08:42:50.465Z}
{level:[32minfo[39m ---- message:[32m[2025-11-12T08:42:50.467Z] POST /api/auth/login 404 - 95ms - IP: ::1-------[object Object][39m ---- timestamp:2025-11-12T08:42:50.468Z}
{level:[32minfo[39m ---- message:[32m[2025-11-12T08:43:13.203Z] OPTIONS /api/auth/login 204 - 1ms - IP: ::1-------undefined[39m ---- timestamp:2025-11-12T08:43:13.203Z}
{level:[31merror[39m ---- message:[31m[POST] /api/auth/login - wrong password[39m ---- timestamp:2025-11-12T08:43:13.507Z}
{level:[32minfo[39m ---- message:[32m[2025-11-12T08:43:13.509Z] POST /api/auth/login 401 - 302ms - IP: ::1-------[object Object][39m ---- timestamp:2025-11-12T08:43:13.509Z}
{level:[32minfo[39m ---- message:[32m[2025-11-12T08:43:19.280Z] OPTIONS /api/auth/login 204 - 1ms - IP: ::1-------undefined[39m ---- timestamp:2025-11-12T08:43:19.280Z}
{level:[32minfo[39m ---- message:[32m[2025-11-12T08:43:19.884Z] POST /api/auth/login 200 - 602ms - IP: ::1-------[object Object][39m ---- timestamp:2025-11-12T08:43:19.884Z}
{level:[32minfo[39m ---- message:[32m[2025-11-12T08:43:36.725Z] POST /api/auth/refresh 200 - 246ms - IP: ::1-------undefined[39m ---- timestamp:2025-11-12T08:43:36.725Z}
{level:[32minfo[39m ---- message:[32m[2025-11-12T08:43:37.010Z] POST /api/auth/refresh 200 - 520ms - IP: ::1-------undefined[39m ---- timestamp:2025-11-12T08:43:37.010Z}
{level:[32minfo[39m ---- message:[32m[2025-11-12T08:43:37.235Z] POST /api/auth/refresh 200 - 457ms - IP: ::1-------undefined[39m ---- timestamp:2025-11-12T08:43:37.235Z}
{level:[32minfo[39m ---- message:[32m[2025-11-12T08:43:44.829Z] OPTIONS /api/auth/logout 204 - 0ms - IP: ::1-------undefined[39m ---- timestamp:2025-11-12T08:43:44.830Z}
{level:[32minfo[39m ---- message:[32m[2025-11-12T08:43:44.837Z] POST /api/auth/logout 404 - 2ms - IP: ::1-------[object Object][39m ---- timestamp:2025-11-12T08:43:44.837Z}
{level:[32minfo[39m ---- message:[32m[2025-11-12T08:43:55.711Z] OPTIONS /api/auth/logout 204 - 1ms - IP: ::1-------undefined[39m ---- timestamp:2025-11-12T08:43:55.711Z}
{level:[32minfo[39m ---- message:[32m[2025-11-12T08:43:55.716Z] POST /api/auth/logout 404 - 1ms - IP: ::1-------[object Object][39m ---- timestamp:2025-11-12T08:43:55.716Z}
{level:[32minfo[39m ---- message:[32m server is running, http://localhost:3000[39m ---- timestamp:2025-11-12T08:46:00.539Z}
{level:[32minfo[39m ---- message:[32mmongoDB connected: ac-8jqrmm4-shard-00-00.sygyztr.mongodb.net[39m ---- timestamp:2025-11-12T08:46:02.441Z}
{level:[32minfo[39m ---- message:[32m[2025-11-12T08:46:07.522Z] OPTIONS /api/auth/logout 204 - 5ms - IP: ::1-------undefined[39m ---- timestamp:2025-11-12T08:46:07.522Z}
{level:[32minfo[39m ---- message:[32m[2025-11-12T08:46:07.664Z] POST /api/auth/logout 200 - 108ms - IP: ::1-------[object Object][39m ---- timestamp:2025-11-12T08:46:07.665Z}
{level:[32minfo[39m ---- message:[32m[2025-11-12T08:46:14.705Z] POST /api/auth/refresh 200 - 2ms - IP: ::1-------undefined[39m ---- timestamp:2025-11-12T08:46:14.706Z}
{level:[32minfo[39m ---- message:[32m[2025-11-12T08:46:14.710Z] POST /api/auth/refresh 200 - 1ms - IP: ::1-------undefined[39m ---- timestamp:2025-11-12T08:46:14.710Z}
{level:[32minfo[39m ---- message:[32m[2025-11-12T08:46:14.761Z] POST /api/auth/refresh 200 - 1ms - IP: ::1-------undefined[39m ---- timestamp:2025-11-12T08:46:14.761Z}
{level:[32minfo[39m ---- message:[32m[2025-11-12T10:15:13.516Z] POST /api/auth/refresh 200 - 2ms - IP: ::1-------undefined[39m ---- timestamp:2025-11-12T10:15:13.516Z}
{level:[32minfo[39m ---- message:[32m[2025-11-12T10:15:13.522Z] POST /api/auth/refresh 200 - 1ms - IP: ::1-------undefined[39m ---- timestamp:2025-11-12T10:15:13.522Z}
{level:[32minfo[39m ---- message:[32m[2025-11-12T10:15:13.639Z] POST /api/auth/refresh 200 - 1ms - IP: ::1-------undefined[39m ---- timestamp:2025-11-12T10:15:13.639Z}
{level:[32minfo[39m ---- message:[32m[2025-11-12T10:15:28.443Z] OPTIONS /api/auth/login 204 - 1ms - IP: ::1-------undefined[39m ---- timestamp:2025-11-12T10:15:28.443Z}
{level:[31merror[39m ---- message:[31m[POST] /api/auth/login - User not found[39m ---- timestamp:2025-11-12T10:15:29.751Z}
{level:[32minfo[39m ---- message:[32m[2025-11-12T10:15:29.754Z] POST /api/auth/login 404 - 1303ms - IP: ::1-------[object Object][39m ---- timestamp:2025-11-12T10:15:29.754Z}
{level:[32minfo[39m ---- message:[32m[2025-11-12T10:15:34.651Z] OPTIONS /api/auth/login 204 - 1ms - IP: ::1-------undefined[39m ---- timestamp:2025-11-12T10:15:34.651Z}
{level:[32minfo[39m ---- message:[32m[2025-11-12T10:15:35.056Z] POST /api/auth/login 200 - 402ms - IP: ::1-------[object Object][39m ---- timestamp:2025-11-12T10:15:35.056Z}
{level:[32minfo[39m ---- message:[32m[2025-11-12T10:15:38.356Z] POST /api/auth/refresh 200 - 340ms - IP: ::1-------undefined[39m ---- timestamp:2025-11-12T10:15:38.356Z}
{level:[32minfo[39m ---- message:[32m[2025-11-12T10:15:38.764Z] POST /api/auth/refresh 200 - 378ms - IP: ::1-------undefined[39m ---- timestamp:2025-11-12T10:15:38.764Z}
{level:[32minfo[39m ---- message:[32m[2025-11-12T10:15:39.277Z] POST /api/auth/refresh 200 - 1254ms - IP: ::1-------undefined[39m ---- timestamp:2025-11-12T10:15:39.277Z}
{level:[32minfo[39m ---- message:[32m[2025-11-12T10:15:46.961Z] POST /api/auth/refresh 200 - 747ms - IP: ::1-------undefined[39m ---- timestamp:2025-11-12T10:15:46.961Z}
{level:[32minfo[39m ---- message:[32m[2025-11-12T10:15:46.970Z] POST /api/auth/refresh 200 - 747ms - IP: ::1-------undefined[39m ---- timestamp:2025-11-12T10:15:46.970Z}
{level:[32minfo[39m ---- message:[32m[2025-11-12T10:15:47.185Z] POST /api/auth/refresh 200 - 158ms - IP: ::1-------undefined[39m ---- timestamp:2025-11-12T10:15:47.185Z}
{level:[32minfo[39m ---- message:[32m[2025-11-12T10:15:50.728Z] POST /api/auth/refresh 200 - 282ms - IP: ::1-------undefined[39m ---- timestamp:2025-11-12T10:15:50.728Z}
{level:[32minfo[39m ---- message:[32m[2025-11-12T10:15:50.734Z] POST /api/auth/refresh 200 - 293ms - IP: ::1-------undefined[39m ---- timestamp:2025-11-12T10:15:50.734Z}
{level:[32minfo[39m ---- message:[32m[2025-11-12T10:15:51.072Z] POST /api/auth/refresh 200 - 302ms - IP: ::1-------undefined[39m ---- timestamp:2025-11-12T10:15:51.073Z}
{level:[32minfo[39m ---- message:[32m[2025-11-12T10:16:09.335Z] OPTIONS /api/auth/logout 204 - 1ms - IP: ::1-------undefined[39m ---- timestamp:2025-11-12T10:16:09.335Z}
{level:[32minfo[39m ---- message:[32m[2025-11-12T10:16:10.006Z] POST /api/auth/logout 200 - 667ms - IP: ::1-------[object Object][39m ---- timestamp:2025-11-12T10:16:10.006Z}
{level:[32minfo[39m ---- message:[32m[2025-11-12T10:17:13.892Z] POST /api/auth/refresh 200 - 1ms - IP: ::1-------undefined[39m ---- timestamp:2025-11-12T10:17:13.892Z}
{level:[32minfo[39m ---- message:[32m[2025-11-12T10:17:13.899Z] POST /api/auth/refresh 200 - 2ms - IP: ::1-------undefined[39m ---- timestamp:2025-11-12T10:17:13.899Z}
{level:[32minfo[39m ---- message:[32m[2025-11-12T10:17:13.939Z] POST /api/auth/refresh 200 - 1ms - IP: ::1-------undefined[39m ---- timestamp:2025-11-12T10:17:13.940Z}
{level:[32minfo[39m ---- message:[32m[2025-11-12T10:17:20.666Z] POST /api/auth/refresh 200 - 2ms - IP: ::1-------undefined[39m ---- timestamp:2025-11-12T10:17:20.666Z}
{level:[32minfo[39m ---- message:[32m[2025-11-12T10:17:20.672Z] POST /api/auth/refresh 200 - 1ms - IP: ::1-------undefined[39m ---- timestamp:2025-11-12T10:17:20.672Z}
{level:[32minfo[39m ---- message:[32m[2025-11-12T10:17:20.764Z] POST /api/auth/refresh 200 - 2ms - IP: ::1-------undefined[39m ---- timestamp:2025-11-12T10:17:20.764Z}
{level:[32minfo[39m ---- message:[32m[2025-11-12T10:17:30.492Z] OPTIONS /api/auth/login 204 - 0ms - IP: ::1-------undefined[39m ---- timestamp:2025-11-12T10:17:30.492Z}
{level:[32minfo[39m ---- message:[32m[2025-11-12T10:17:30.892Z] POST /api/auth/login 200 - 395ms - IP: ::1-------[object Object][39m ---- timestamp:2025-11-12T10:17:30.892Z}
{level:[32minfo[39m ---- message:[32m[2025-11-12T10:18:27.832Z] POST /api/auth/refresh 200 - 404ms - IP: ::1-------undefined[39m ---- timestamp:2025-11-12T10:18:27.832Z}
{level:[32minfo[39m ---- message:[32m[2025-11-12T10:18:27.839Z] POST /api/auth/refresh 200 - 420ms - IP: ::1-------undefined[39m ---- timestamp:2025-11-12T10:18:27.839Z}
{level:[32minfo[39m ---- message:[32m[2025-11-12T10:18:28.445Z] POST /api/auth/refresh 200 - 276ms - IP: ::1-------undefined[39m ---- timestamp:2025-11-12T10:18:28.445Z}
{level:[32minfo[39m ---- message:[32m[2025-11-12T10:18:28.451Z] POST /api/auth/refresh 200 - 288ms - IP: ::1-------undefined[39m ---- timestamp:2025-11-12T10:18:28.451Z}
{level:[32minfo[39m ---- message:[32m[2025-11-12T10:18:28.752Z] POST /api/auth/refresh 200 - 270ms - IP: ::1-------undefined[39m ---- timestamp:2025-11-12T10:18:28.752Z}
{level:[32minfo[39m ---- message:[32m[2025-11-12T10:18:40.735Z] POST /api/auth/refresh 200 - 283ms - IP: ::1-------undefined[39m ---- timestamp:2025-11-12T10:18:40.735Z}
{level:[32minfo[39m ---- message:[32m[2025-11-12T10:18:40.743Z] POST /api/auth/refresh 200 - 287ms - IP: ::1-------undefined[39m ---- timestamp:2025-11-12T10:18:40.743Z}
{level:[32minfo[39m ---- message:[32m[2025-11-12T10:18:41.252Z] POST /api/auth/refresh 200 - 328ms - IP: ::1-------undefined[39m ---- timestamp:2025-11-12T10:18:41.252Z}
{level:[32minfo[39m ---- message:[32m[2025-11-12T10:18:41.280Z] POST /api/auth/refresh 200 - 363ms - IP: ::1-------undefined[39m ---- timestamp:2025-11-12T10:18:41.281Z}
{level:[32minfo[39m ---- message:[32m[2025-11-12T10:18:41.553Z] POST /api/auth/refresh 200 - 229ms - IP: ::1-------undefined[39m ---- timestamp:2025-11-12T10:18:41.553Z}
{level:[32minfo[39m ---- message:[32m[2025-11-12T10:18:41.560Z] POST /api/auth/refresh 200 - 230ms - IP: ::1-------undefined[39m ---- timestamp:2025-11-12T10:18:41.560Z}
{level:[32minfo[39m ---- message:[32m[2025-11-12T10:18:42.016Z] POST /api/auth/refresh 200 - 147ms - IP: ::1-------undefined[39m ---- timestamp:2025-11-12T10:18:42.016Z}
{level:[32minfo[39m ---- message:[32m[2025-11-12T10:18:42.022Z] POST /api/auth/refresh 200 - 157ms - IP: ::1-------undefined[39m ---- timestamp:2025-11-12T10:18:42.022Z}
{level:[32minfo[39m ---- message:[32m[2025-11-12T10:18:42.474Z] POST /api/auth/refresh 200 - 422ms - IP: ::1-------undefined[39m ---- timestamp:2025-11-12T10:18:42.474Z}
{level:[32minfo[39m ---- message:[32m[2025-11-12T10:18:46.506Z] POST /api/auth/refresh 200 - 288ms - IP: ::1-------undefined[39m ---- timestamp:2025-11-12T10:18:46.506Z}
{level:[32minfo[39m ---- message:[32m[2025-11-12T10:18:46.515Z] POST /api/auth/refresh 200 - 301ms - IP: ::1-------undefined[39m ---- timestamp:2025-11-12T10:18:46.515Z}
{level:[32minfo[39m ---- message:[32m[2025-11-12T10:18:46.774Z] POST /api/auth/refresh 200 - 226ms - IP: ::1-------undefined[39m ---- timestamp:2025-11-12T10:18:46.774Z}
{level:[32minfo[39m ---- message:[32m[2025-11-12T10:33:37.967Z] POST /api/auth/refresh 200 - 358ms - IP: ::1-------undefined[39m ---- timestamp:2025-11-12T10:33:37.967Z}
{level:[32minfo[39m ---- message:[32m[2025-11-12T10:33:38.192Z] POST /api/auth/refresh 200 - 575ms - IP: ::1-------undefined[39m ---- timestamp:2025-11-12T10:33:38.192Z}
{level:[32minfo[39m ---- message:[32m[2025-11-12T10:33:38.254Z] POST /api/auth/refresh 200 - 191ms - IP: ::1-------undefined[39m ---- timestamp:2025-11-12T10:33:38.254Z}
{level:[32minfo[39m ---- message:[32m[2025-11-12T10:34:17.818Z] POST /api/auth/refresh 200 - 196ms - IP: ::1-------undefined[39m ---- timestamp:2025-11-12T10:34:17.818Z}
{level:[32minfo[39m ---- message:[32m[2025-11-12T10:34:17.823Z] POST /api/auth/refresh 200 - 212ms - IP: ::1-------undefined[39m ---- timestamp:2025-11-12T10:34:17.823Z}
{level:[32minfo[39m ---- message:[32m[2025-11-12T10:34:18.097Z] POST /api/auth/refresh 200 - 246ms - IP: ::1-------undefined[39m ---- timestamp:2025-11-12T10:34:18.097Z}
{level:[32minfo[39m ---- message:[32m[2025-11-12T10:34:38.874Z] POST /api/auth/refresh 200 - 228ms - IP: ::1-------undefined[39m ---- timestamp:2025-11-12T10:34:38.874Z}
{level:[32minfo[39m ---- message:[32m[2025-11-12T10:34:38.879Z] POST /api/auth/refresh 200 - 224ms - IP: ::1-------undefined[39m ---- timestamp:2025-11-12T10:34:38.879Z}
{level:[32minfo[39m ---- message:[32m[2025-11-12T10:34:40.636Z] POST /api/auth/refresh 200 - 1041ms - IP: ::1-------undefined[39m ---- timestamp:2025-11-12T10:34:40.636Z}
{level:[32minfo[39m ---- message:[32m[2025-11-12T10:34:40.645Z] POST /api/auth/refresh 200 - 1044ms - IP: ::1-------undefined[39m ---- timestamp:2025-11-12T10:34:40.645Z}
{level:[32minfo[39m ---- message:[32m[2025-11-12T10:34:43.805Z] POST /api/auth/refresh 200 - 198ms - IP: ::1-------undefined[39m ---- timestamp:2025-11-12T10:34:43.805Z}
{level:[32minfo[39m ---- message:[32m[2025-11-12T10:34:43.812Z] POST /api/auth/refresh 200 - 210ms - IP: ::1-------undefined[39m ---- timestamp:2025-11-12T10:34:43.812Z}
{level:[32minfo[39m ---- message:[32m[2025-11-12T10:34:44.239Z] POST /api/auth/refresh 200 - 376ms - IP: ::1-------undefined[39m ---- timestamp:2025-11-12T10:34:44.239Z}
{level:[32minfo[39m ---- message:[32m[2025-11-12T10:40:39.268Z] POST /api/auth/refresh 200 - 232ms - IP: ::1-------undefined[39m ---- timestamp:2025-11-12T10:40:39.268Z}
{level:[32minfo[39m ---- message:[32m[2025-11-12T10:40:39.274Z] POST /api/auth/refresh 200 - 230ms - IP: ::1-------undefined[39m ---- timestamp:2025-11-12T10:40:39.274Z}
{level:[32minfo[39m ---- message:[32m[2025-11-12T10:40:39.518Z] POST /api/auth/refresh 200 - 200ms - IP: ::1-------undefined[39m ---- timestamp:2025-11-12T10:40:39.518Z}
{level:[32minfo[39m ---- message:[32m[2025-11-12T10:40:42.159Z] OPTIONS /api/auth/logout 204 - 0ms - IP: ::1-------undefined[39m ---- timestamp:2025-11-12T10:40:42.160Z}
{level:[32minfo[39m ---- message:[32m[2025-11-12T10:40:42.440Z] POST /api/auth/logout 200 - 277ms - IP: ::1-------[object Object][39m ---- timestamp:2025-11-12T10:40:42.440Z}
{level:[32minfo[39m ---- message:[32m[2025-11-12T10:41:02.964Z] OPTIONS /api/auth/login 204 - 1ms - IP: ::1-------undefined[39m ---- timestamp:2025-11-12T10:41:02.964Z}
{level:[32minfo[39m ---- message:[32m[2025-11-12T10:41:03.638Z] POST /api/auth/login 200 - 670ms - IP: ::1-------[object Object][39m ---- timestamp:2025-11-12T10:41:03.638Z}
{level:[32minfo[39m ---- message:[32m[2025-11-12T10:41:06.711Z] POST /api/auth/refresh 200 - 361ms - IP: ::1-------undefined[39m ---- timestamp:2025-11-12T10:41:06.711Z}
{level:[32minfo[39m ---- message:[32m[2025-11-12T10:41:06.718Z] POST /api/auth/refresh 200 - 361ms - IP: ::1-------undefined[39m ---- timestamp:2025-11-12T10:41:06.718Z}
{level:[32minfo[39m ---- message:[32m[2025-11-12T10:41:07.020Z] POST /api/auth/refresh 200 - 257ms - IP: ::1-------undefined[39m ---- timestamp:2025-11-12T10:41:07.020Z}
{level:[32minfo[39m ---- message:[32m[2025-11-12T10:41:28.795Z] OPTIONS /api/auth/logout 204 - 0ms - IP: ::1-------undefined[39m ---- timestamp:2025-11-12T10:41:28.796Z}
{level:[32minfo[39m ---- message:[32m[2025-11-12T10:41:29.034Z] POST /api/auth/logout 200 - 235ms - IP: ::1-------[object Object][39m ---- timestamp:2025-11-12T10:41:29.034Z}
{level:[32minfo[39m ---- message:[32m[2025-11-12T10:41:32.552Z] POST /api/auth/refresh 200 - 2ms - IP: ::1-------undefined[39m ---- timestamp:2025-11-12T10:41:32.552Z}
{level:[32minfo[39m ---- message:[32m[2025-11-12T10:41:32.556Z] POST /api/auth/refresh 200 - 1ms - IP: ::1-------undefined[39m ---- timestamp:2025-11-12T10:41:32.556Z}
{level:[32minfo[39m ---- message:[32m[2025-11-12T10:41:32.621Z] POST /api/auth/refresh 200 - 1ms - IP: ::1-------undefined[39m ---- timestamp:2025-11-12T10:41:32.621Z}
{level:[32minfo[39m ---- message:[32m[2025-11-12T10:41:45.655Z] OPTIONS /api/auth/login 204 - 1ms - IP: ::1-------undefined[39m ---- timestamp:2025-11-12T10:41:45.655Z}
{level:[32minfo[39m ---- message:[32m[2025-11-12T10:41:46.135Z] POST /api/auth/login 200 - 474ms - IP: ::1-------[object Object][39m ---- timestamp:2025-11-12T10:41:46.136Z}
{level:[32minfo[39m ---- message:[32m[2025-11-12T10:42:13.826Z] POST /api/auth/refresh 200 - 360ms - IP: ::1-------undefined[39m ---- timestamp:2025-11-12T10:42:13.826Z}
{level:[32minfo[39m ---- message:[32m[2025-11-12T10:42:14.197Z] POST /api/auth/refresh 200 - 722ms - IP: ::1-------undefined[39m ---- timestamp:2025-11-12T10:42:14.197Z}
{level:[32minfo[39m ---- message:[32m[2025-11-12T10:42:22.082Z] POST /api/auth/refresh 200 - 325ms - IP: ::1-------undefined[39m ---- timestamp:2025-11-12T10:42:22.082Z}
{level:[32minfo[39m ---- message:[32m[2025-11-12T10:42:22.088Z] POST /api/auth/refresh 200 - 324ms - IP: ::1-------undefined[39m ---- timestamp:2025-11-12T10:42:22.088Z}
{level:[32minfo[39m ---- message:[32m[2025-11-12T10:42:22.694Z] POST /api/auth/refresh 200 - 337ms - IP: ::1-------undefined[39m ---- timestamp:2025-11-12T10:42:22.694Z}
{level:[32minfo[39m ---- message:[32m[2025-11-12T10:42:22.700Z] POST /api/auth/refresh 200 - 339ms - IP: ::1-------undefined[39m ---- timestamp:2025-11-12T10:42:22.700Z}
{level:[32minfo[39m ---- message:[32m[2025-11-12T10:42:23.411Z] POST /api/auth/refresh 200 - 373ms - IP: ::1-------undefined[39m ---- timestamp:2025-11-12T10:42:23.411Z}
{level:[32minfo[39m ---- message:[32m[2025-11-12T10:42:23.414Z] POST /api/auth/refresh 200 - 379ms - IP: ::1-------undefined[39m ---- timestamp:2025-11-12T10:42:23.415Z}
{level:[32minfo[39m ---- message:[32m[2025-11-12T10:42:24.949Z] POST /api/auth/refresh 200 - 443ms - IP: ::1-------undefined[39m ---- timestamp:2025-11-12T10:42:24.949Z}
{level:[32minfo[39m ---- message:[32m[2025-11-12T10:42:24.953Z] POST /api/auth/refresh 200 - 441ms - IP: ::1-------undefined[39m ---- timestamp:2025-11-12T10:42:24.953Z}
{level:[32minfo[39m ---- message:[32m[2025-11-12T10:42:27.712Z] POST /api/auth/refresh 200 - 238ms - IP: ::1-------undefined[39m ---- timestamp:2025-11-12T10:42:27.712Z}
{level:[32minfo[39m ---- message:[32m[2025-11-12T10:42:27.719Z] POST /api/auth/refresh 200 - 239ms - IP: ::1-------undefined[39m ---- timestamp:2025-11-12T10:42:27.720Z}
{level:[32minfo[39m ---- message:[32m[2025-11-12T10:42:28.430Z] POST /api/auth/refresh 200 - 682ms - IP: ::1-------undefined[39m ---- timestamp:2025-11-12T10:42:28.430Z}
{level:[32minfo[39m ---- message:[32m[2025-11-12T10:42:42.663Z] POST /api/auth/refresh 200 - 190ms - IP: ::1-------undefined[39m ---- timestamp:2025-11-12T10:42:42.663Z}
{level:[32minfo[39m ---- message:[32m[2025-11-12T10:42:42.668Z] POST /api/auth/refresh 200 - 190ms - IP: ::1-------undefined[39m ---- timestamp:2025-11-12T10:42:42.668Z}
{level:[32minfo[39m ---- message:[32m[2025-11-12T10:42:42.971Z] POST /api/auth/refresh 200 - 272ms - IP: ::1-------undefined[39m ---- timestamp:2025-11-12T10:42:42.971Z}
{level:[32minfo[39m ---- message:[32m[2025-11-12T10:42:47.071Z] OPTIONS /api/auth/logout 204 - 1ms - IP: ::1-------undefined[39m ---- timestamp:2025-11-12T10:42:47.071Z}
{level:[32minfo[39m ---- message:[32m[2025-11-12T10:42:47.167Z] POST /api/auth/logout 200 - 93ms - IP: ::1-------[object Object][39m ---- timestamp:2025-11-12T10:42:47.167Z}
{level:[32minfo[39m ---- message:[32m[2025-11-12T10:42:57.281Z] OPTIONS /api/auth/login 204 - 0ms - IP: ::1-------undefined[39m ---- timestamp:2025-11-12T10:42:57.281Z}
{level:[32minfo[39m ---- message:[32m[2025-11-12T10:42:57.802Z] POST /api/auth/login 200 - 516ms - IP: ::1-------[object Object][39m ---- timestamp:2025-11-12T10:42:57.802Z}
{level:[32minfo[39m ---- message:[32m[2025-11-12T10:43:01.300Z] POST /api/auth/refresh 200 - 290ms - IP: ::1-------undefined[39m ---- timestamp:2025-11-12T10:43:01.300Z}
{level:[32minfo[39m ---- message:[32m[2025-11-12T10:43:01.505Z] POST /api/auth/refresh 200 - 503ms - IP: ::1-------undefined[39m ---- timestamp:2025-11-12T10:43:01.505Z}
{level:[32minfo[39m ---- message:[32m[2025-11-12T10:43:01.709Z] POST /api/auth/refresh 200 - 374ms - IP: ::1-------undefined[39m ---- timestamp:2025-11-12T10:43:01.709Z}
{level:[32minfo[39m ---- message:[32m[2025-11-12T10:43:09.083Z] POST /api/auth/refresh 200 - 306ms - IP: ::1-------undefined[39m ---- timestamp:2025-11-12T10:43:09.083Z}
{level:[32minfo[39m ---- message:[32m[2025-11-12T10:43:09.092Z] POST /api/auth/refresh 200 - 310ms - IP: ::1-------undefined[39m ---- timestamp:2025-11-12T10:43:09.092Z}
{level:[32minfo[39m ---- message:[32m[2025-11-12T10:43:09.389Z] POST /api/auth/refresh 200 - 264ms - IP: ::1-------undefined[39m ---- timestamp:2025-11-12T10:43:09.389Z}
{level:[32minfo[39m ---- message:[32m[2025-11-12T10:43:12.052Z] POST /api/auth/refresh 200 - 419ms - IP: ::1-------undefined[39m ---- timestamp:2025-11-12T10:43:12.052Z}
{level:[32minfo[39m ---- message:[32m[2025-11-12T10:43:12.055Z] POST /api/auth/refresh 200 - 419ms - IP: ::1-------undefined[39m ---- timestamp:2025-11-12T10:43:12.055Z}
{level:[32minfo[39m ---- message:[32m[2025-11-12T10:43:12.359Z] POST /api/auth/refresh 200 - 285ms - IP: ::1-------undefined[39m ---- timestamp:2025-11-12T10:43:12.360Z}
