{"level":"info","message":" server is running, http://localhost:3000","timestamp":"2025-11-05T19:07:28.586Z"}
{"level":"info","message":"mongoDB connected: ac-8jqrmm4-shard-00-01.sygyztr.mongodb.net","timestamp":"2025-11-05T19:07:33.064Z"}
{"level":"info","message":"[2025-11-05T19:07:47.994Z] OPTIONS /api/user/send-otp 204 - 4ms - IP: ::1-------undefined","timestamp":"2025-11-05T19:07:47.994Z"}
{"level":"error","message":"[POST] /api/user/send-otp - User already registered","timestamp":"2025-11-05T19:07:48.371Z"}
{"level":"info","message":"[2025-11-05T19:07:48.374Z] POST /api/user/send-otp 500 - 358ms - IP: ::1-------[object Object]","timestamp":"2025-11-05T19:07:48.374Z"}
{"level":"info","message":"[2025-11-05T19:08:00.191Z] OPTIONS /api/user/send-otp 204 - 0ms - IP: ::1-------undefined","timestamp":"2025-11-05T19:08:00.192Z"}
{"level":"error","message":"[POST] /api/user/send-otp - User already registered","timestamp":"2025-11-05T19:08:00.350Z"}
{"level":"info","message":"[2025-11-05T19:08:00.352Z] POST /api/user/send-otp 500 - 158ms - IP: ::1-------[object Object]","timestamp":"2025-11-05T19:08:00.352Z"}
{"level":"info","message":"[2025-11-05T19:08:17.905Z] OPTIONS /api/user/send-otp 204 - 0ms - IP: ::1-------undefined","timestamp":"2025-11-05T19:08:17.906Z"}
{"level":"info","message":"[2025-11-05T19:08:23.055Z] POST /api/user/send-otp 200 - 5148ms - IP: ::1-------[object Object]","timestamp":"2025-11-05T19:08:23.055Z"}
{"level":"\u001b[32minfo\u001b[39m","message":"\u001b[32m server is running, http://localhost:3000\u001b[39m","timestamp":"2025-11-05T19:12:44.188Z"}
{"level":"\u001b[32minfo\u001b[39m","message":"\u001b[32mmongoDB connected: ac-8jqrmm4-shard-00-00.sygyztr.mongodb.net\u001b[39m","timestamp":"2025-11-05T19:12:45.365Z"}
[2025-11-05T19:18:10.296Z] [32minfo[39m: [32m server is running, http://localhost:3000[39m
[2025-11-05T19:18:11.118Z] [32minfo[39m: [32mmongoDB connected: ac-8jqrmm4-shard-00-02.sygyztr.mongodb.net[39m
[2025-11-05T19:18:38.774Z] [32minfo[39m: [32m[2025-11-05T19:18:38.773Z] OPTIONS /api/user/send-otp 204 - 2ms - IP: ::1-------undefined[39m
[2025-11-05T19:18:38.932Z] [31merror[39m: [31m[POST] /api/user/send-otp - User already registered[39m
[2025-11-05T19:18:38.935Z] [32minfo[39m: [32m[2025-11-05T19:18:38.935Z] POST /api/user/send-otp 500 - 146ms - IP: ::1-------[object Object][39m
[2025-11-05T19:19:11.439Z] [32minfo[39m: [32m[2025-11-05T19:19:11.439Z] OPTIONS /api/user/send-otp 204 - 0ms - IP: ::1-------undefined[39m
[2025-11-05T19:19:11.569Z] [31merror[39m: [31m[POST] /api/user/send-otp - User already registered[39m
[2025-11-05T19:19:11.570Z] [32minfo[39m: [32m[2025-11-05T19:19:11.570Z] POST /api/user/send-otp 500 - 129ms - IP: ::1-------[object Object][39m
{"level":"\u001b[32minfo\u001b[39m","message":"\u001b[32m server is running, http://localhost:3000\u001b[39m","timestamp":"2025-11-05T19:20:09.733Z"}
{"level":"\u001b[32minfo\u001b[39m","message":"\u001b[32mmongoDB connected: ac-8jqrmm4-shard-00-02.sygyztr.mongodb.net\u001b[39m","timestamp":"2025-11-05T19:20:11.292Z"}
[2025-11-05T19:20:43.227Z] [32minfo[39m: [32m server is running, http://localhost:3000[39m
[2025-11-05T19:20:47.870Z] [32minfo[39m: [32mmongoDB connected: ac-8jqrmm4-shard-00-01.sygyztr.mongodb.net[39m
{"level":"info","message":" server is running, http://localhost:3000","timestamp":"2025-11-05T19:21:46.469Z"}
{"level":"info","message":"mongoDB connected: ac-8jqrmm4-shard-00-00.sygyztr.mongodb.net","timestamp":"2025-11-05T19:21:48.584Z"}
{"level":"\u001b[32minfo\u001b[39m","message":"\u001b[32m server is running, http://localhost:3000\u001b[39m","timestamp":"2025-11-05T19:27:23.960Z"}
{"level":"\u001b[32minfo\u001b[39m","message":"\u001b[32mmongoDB connected: ac-8jqrmm4-shard-00-02.sygyztr.mongodb.net\u001b[39m","timestamp":"2025-11-05T19:27:24.716Z"}
{level:[32minfo[39m ---- message:[32m server is running, http://localhost:3000[39m ---- timestamp:2025-11-05T19:32:00.186Z}
{level:[32minfo[39m ---- message:[32mmongoDB connected: ac-8jqrmm4-shard-00-00.sygyztr.mongodb.net[39m ---- timestamp:2025-11-05T19:32:01.803Z}
{level:[32minfo[39m ---- message:[32m[2025-11-05T19:33:05.637Z] OPTIONS /api/user/send-otp 204 - 3ms - IP: ::1-------undefined[39m ---- timestamp:2025-11-05T19:33:05.637Z}
{level:[31merror[39m ---- message:[31m[POST] /api/user/send-otp - User already registered[39m ---- timestamp:2025-11-05T19:33:05.901Z}
{level:[32minfo[39m ---- message:[32m[2025-11-05T19:33:05.904Z] POST /api/user/send-otp 500 - 253ms - IP: ::1-------[object Object][39m ---- timestamp:2025-11-05T19:33:05.904Z}
{level:[32minfo[39m ---- message:[32m server is running, http://localhost:3000[39m ---- timestamp:2025-11-05T19:45:50.258Z}
{level:[32minfo[39m ---- message:[32mmongoDB connected: ac-8jqrmm4-shard-00-00.sygyztr.mongodb.net[39m ---- timestamp:2025-11-05T19:45:52.190Z}
{level:[32minfo[39m ---- message:[32m[2025-11-05T19:45:54.784Z] OPTIONS /api/user/send-otp 204 - 2ms - IP: ::1-------undefined[39m ---- timestamp:2025-11-05T19:45:54.785Z}
{level:[31merror[39m ---- message:[31m[POST] /api/user/send-otp - User already registered[39m ---- timestamp:2025-11-05T19:45:54.940Z}
{level:[32minfo[39m ---- message:[32m[2025-11-05T19:45:54.943Z] POST /api/user/send-otp 500 - 146ms - IP: ::1-------[object Object][39m ---- timestamp:2025-11-05T19:45:54.943Z}
{level:[32minfo[39m ---- message:[32m[2025-11-05T19:46:05.611Z] OPTIONS /api/user/send-otp 204 - 0ms - IP: ::1-------undefined[39m ---- timestamp:2025-11-05T19:46:05.611Z}
{level:[31merror[39m ---- message:[31m[POST] /api/user/send-otp - Please wait until the current OTP expires before requesting a new one.[39m ---- timestamp:2025-11-05T19:46:06.212Z}
{level:[32minfo[39m ---- message:[32m[2025-11-05T19:46:06.213Z] POST /api/user/send-otp 500 - 600ms - IP: ::1-------[object Object][39m ---- timestamp:2025-11-05T19:46:06.213Z}
{level:[32minfo[39m ---- message:[32m[2025-11-05T19:46:31.266Z] OPTIONS /api/user/send-otp 204 - 1ms - IP: ::1-------undefined[39m ---- timestamp:2025-11-05T19:46:31.266Z}
{level:[31merror[39m ---- message:[31m[POST] /api/user/send-otp - Please wait until the current OTP expires before requesting a new one.[39m ---- timestamp:2025-11-05T19:46:31.671Z}
{level:[32minfo[39m ---- message:[32m[2025-11-05T19:46:31.673Z] POST /api/user/send-otp 500 - 406ms - IP: ::1-------[object Object][39m ---- timestamp:2025-11-05T19:46:31.673Z}
{level:[31merror[39m ---- message:[31m[POST] /api/user/send-otp - Please wait until the current OTP expires before requesting a new one.[39m ---- timestamp:2025-11-05T19:46:34.216Z}
{level:[32minfo[39m ---- message:[32m[2025-11-05T19:46:34.217Z] POST /api/user/send-otp 500 - 1072ms - IP: ::1-------[object Object][39m ---- timestamp:2025-11-05T19:46:34.217Z}
{level:[32minfo[39m ---- message:[32m[2025-11-05T19:46:40.634Z] OPTIONS /api/user/send-otp 204 - 1ms - IP: ::1-------undefined[39m ---- timestamp:2025-11-05T19:46:40.634Z}
{level:[32minfo[39m ---- message:[32m[2025-11-05T19:46:47.327Z] POST /api/user/send-otp 200 - 6692ms - IP: ::1-------[object Object][39m ---- timestamp:2025-11-05T19:46:47.327Z}
{level:[32minfo[39m ---- message:[32m[2025-11-05T19:48:42.029Z] OPTIONS /api/user/send-otp 204 - 0ms - IP: ::1-------undefined[39m ---- timestamp:2025-11-05T19:48:42.029Z}
{level:[31merror[39m ---- message:[31m[POST] /api/user/send-otp - Please wait until the current OTP expires before requesting a new one.[39m ---- timestamp:2025-11-05T19:48:42.884Z}
{level:[32minfo[39m ---- message:[32m[2025-11-05T19:48:42.885Z] POST /api/user/send-otp 500 - 854ms - IP: ::1-------[object Object][39m ---- timestamp:2025-11-05T19:48:42.885Z}
{level:[32minfo[39m ---- message:[32m[2025-11-05T19:49:00.992Z] OPTIONS /api/user/send-otp 204 - 0ms - IP: ::1-------undefined[39m ---- timestamp:2025-11-05T19:49:00.992Z}
{level:[31merror[39m ---- message:[31m[POST] /api/user/send-otp - Please wait until the current OTP expires before requesting a new one.[39m ---- timestamp:2025-11-05T19:49:01.397Z}
{level:[32minfo[39m ---- message:[32m[2025-11-05T19:49:01.399Z] POST /api/user/send-otp 500 - 405ms - IP: ::1-------[object Object][39m ---- timestamp:2025-11-05T19:49:01.399Z}
{level:[32minfo[39m ---- message:[32m[2025-11-05T19:52:04.817Z] OPTIONS /api/user/send-otp 204 - 1ms - IP: ::1-------undefined[39m ---- timestamp:2025-11-05T19:52:04.817Z}
{level:[32minfo[39m ---- message:[32m[2025-11-05T19:52:09.340Z] POST /api/user/send-otp 200 - 4521ms - IP: ::1-------[object Object][39m ---- timestamp:2025-11-05T19:52:09.340Z}
{level:[32minfo[39m ---- message:[32m[2025-11-05T19:52:28.638Z] OPTIONS /api/user/send-otp 204 - 1ms - IP: ::1-------undefined[39m ---- timestamp:2025-11-05T19:52:28.638Z}
{level:[32minfo[39m ---- message:[32m[2025-11-05T19:52:33.198Z] POST /api/user/send-otp 200 - 4558ms - IP: ::1-------[object Object][39m ---- timestamp:2025-11-05T19:52:33.198Z}
{level:[32minfo[39m ---- message:[32m server is running, http://localhost:3000[39m ---- timestamp:2025-11-05T20:01:41.756Z}
{level:[32minfo[39m ---- message:[32mmongoDB connected: ac-8jqrmm4-shard-00-02.sygyztr.mongodb.net[39m ---- timestamp:2025-11-05T20:01:43.772Z}
{level:[32minfo[39m ---- message:[32m[2025-11-05T20:02:46.488Z] OPTIONS /api/user/send-otp 204 - 2ms - IP: ::1-------undefined[39m ---- timestamp:2025-11-05T20:02:46.488Z}
{level:[32minfo[39m ---- message:[32m[2025-11-05T20:02:56.608Z] OPTIONS /api/user/send-otp 204 - 0ms - IP: ::1-------undefined[39m ---- timestamp:2025-11-05T20:02:56.609Z}
{level:[31merror[39m ---- message:[31m[POST] /api/user/send-otp - Please wait until the current OTP expires before requesting a new one.[39m ---- timestamp:2025-11-05T20:02:57.010Z}
{level:[32minfo[39m ---- message:[32m[2025-11-05T20:02:57.013Z] POST /api/user/send-otp 500 - 403ms - IP: ::1-------[object Object][39m ---- timestamp:2025-11-05T20:02:57.013Z}
{level:[32minfo[39m ---- message:[32m[2025-11-05T20:03:09.091Z] POST /api/user/send-otp 200 - 22589ms - IP: ::1-------[object Object][39m ---- timestamp:2025-11-05T20:03:09.092Z}
{level:[32minfo[39m ---- message:[32m[2025-11-05T20:03:53.614Z] OPTIONS /api/user/send-otp 204 - 0ms - IP: ::1-------undefined[39m ---- timestamp:2025-11-05T20:03:53.615Z}
{level:[31merror[39m ---- message:[31m[POST] /api/user/send-otp - Please wait until the current OTP expires before requesting a new one.[39m ---- timestamp:2025-11-05T20:03:53.807Z}
{level:[32minfo[39m ---- message:[32m[2025-11-05T20:03:53.808Z] POST /api/user/send-otp 500 - 192ms - IP: ::1-------[object Object][39m ---- timestamp:2025-11-05T20:03:53.808Z}
{level:[32minfo[39m ---- message:[32m[2025-11-05T20:05:50.655Z] OPTIONS /api/user/send-otp 204 - 1ms - IP: ::1-------undefined[39m ---- timestamp:2025-11-05T20:05:50.655Z}
{level:[32minfo[39m ---- message:[32m[2025-11-05T20:05:55.370Z] POST /api/user/send-otp 200 - 4713ms - IP: ::1-------[object Object][39m ---- timestamp:2025-11-05T20:05:55.370Z}
{level:[32minfo[39m ---- message:[32m[2025-11-05T20:08:23.326Z] OPTIONS /api/user/send-otp 204 - 1ms - IP: ::1-------undefined[39m ---- timestamp:2025-11-05T20:08:23.326Z}
{level:[31merror[39m ---- message:[31m[POST] /api/user/send-otp - Please wait until the current OTP expires before requesting a new one.[39m ---- timestamp:2025-11-05T20:08:23.528Z}
{level:[32minfo[39m ---- message:[32m[2025-11-05T20:08:23.529Z] POST /api/user/send-otp 500 - 202ms - IP: ::1-------[object Object][39m ---- timestamp:2025-11-05T20:08:23.529Z}
{level:[32minfo[39m ---- message:[32m server is running, http://localhost:3000[39m ---- timestamp:2025-11-05T20:10:29.379Z}
{level:[32minfo[39m ---- message:[32mmongoDB connected: ac-8jqrmm4-shard-00-02.sygyztr.mongodb.net[39m ---- timestamp:2025-11-05T20:10:31.463Z}
{level:[32minfo[39m ---- message:[32m[2025-11-05T20:11:03.613Z] OPTIONS /api/user/send-otp 204 - 3ms - IP: ::1-------undefined[39m ---- timestamp:2025-11-05T20:11:03.613Z}
{level:[32minfo[39m ---- message:[32m[2025-11-05T20:11:11.058Z] POST /api/user/send-otp 200 - 7432ms - IP: ::1-------[object Object][39m ---- timestamp:2025-11-05T20:11:11.058Z}
{level:[32minfo[39m ---- message:[32m[2025-11-05T20:13:59.236Z] OPTIONS /api/user/send-otp 204 - 0ms - IP: ::1-------undefined[39m ---- timestamp:2025-11-05T20:13:59.236Z}
{level:[31merror[39m ---- message:[31m[POST] /api/user/send-otp - Please wait until the current OTP expires before requesting a new one.[39m ---- timestamp:2025-11-05T20:13:59.719Z}
{level:[32minfo[39m ---- message:[32m[2025-11-05T20:13:59.720Z] POST /api/user/send-otp 500 - 482ms - IP: ::1-------[object Object][39m ---- timestamp:2025-11-05T20:13:59.720Z}
{level:[32minfo[39m ---- message:[32m server is running, http://localhost:3000[39m ---- timestamp:2025-11-05T20:17:10.718Z}
{level:[32minfo[39m ---- message:[32mmongoDB connected: ac-8jqrmm4-shard-00-02.sygyztr.mongodb.net[39m ---- timestamp:2025-11-05T20:17:12.742Z}
{level:[32minfo[39m ---- message:[32m[2025-11-05T20:17:17.785Z] OPTIONS /api/user/send-otp 204 - 2ms - IP: ::1-------undefined[39m ---- timestamp:2025-11-05T20:17:17.785Z}
{level:[32minfo[39m ---- message:[32m[2025-11-05T20:17:23.388Z] POST /api/user/send-otp 200 - 5589ms - IP: ::1-------[object Object][39m ---- timestamp:2025-11-05T20:17:23.389Z}
{level:[32minfo[39m ---- message:[32m[2025-11-05T20:19:36.346Z] OPTIONS /api/user/send-otp 204 - 0ms - IP: ::1-------undefined[39m ---- timestamp:2025-11-05T20:19:36.346Z}
{level:[31merror[39m ---- message:[31m[POST] /api/user/send-otp - Please wait until the current OTP expires before requesting a new one.[39m ---- timestamp:2025-11-05T20:19:36.765Z}
{level:[32minfo[39m ---- message:[32m[2025-11-05T20:19:36.766Z] POST /api/user/send-otp 500 - 418ms - IP: ::1-------[object Object][39m ---- timestamp:2025-11-05T20:19:36.766Z}
{level:[31merror[39m ---- message:[31m[POST] /api/user/send-otp - Please wait until the current OTP expires before requesting a new one.[39m ---- timestamp:2025-11-05T20:19:39.228Z}
{level:[32minfo[39m ---- message:[32m[2025-11-05T20:19:39.229Z] POST /api/user/send-otp 500 - 428ms - IP: ::1-------[object Object][39m ---- timestamp:2025-11-05T20:19:39.229Z}
{level:[32minfo[39m ---- message:[32m[2025-11-05T20:19:52.599Z] OPTIONS /api/user/send-otp 204 - 1ms - IP: ::1-------undefined[39m ---- timestamp:2025-11-05T20:19:52.599Z}
{level:[32minfo[39m ---- message:[32m[2025-11-05T20:19:57.984Z] POST /api/user/send-otp 200 - 5384ms - IP: ::1-------[object Object][39m ---- timestamp:2025-11-05T20:19:57.984Z}
{level:[32minfo[39m ---- message:[32m server is running, http://localhost:3000[39m ---- timestamp:2025-11-06T05:18:34.936Z}
{level:[32minfo[39m ---- message:[32mmongoDB connected: ac-8jqrmm4-shard-00-00.sygyztr.mongodb.net[39m ---- timestamp:2025-11-06T05:18:36.589Z}
{level:[32minfo[39m ---- message:[32m[2025-11-06T05:19:15.153Z] OPTIONS /api/user/send-otp 204 - 3ms - IP: ::1-------undefined[39m ---- timestamp:2025-11-06T05:19:15.153Z}
{level:[32minfo[39m ---- message:[32m[2025-11-06T05:19:19.751Z] POST /api/user/send-otp 200 - 4572ms - IP: ::1-------[object Object][39m ---- timestamp:2025-11-06T05:19:19.751Z}
{level:[32minfo[39m ---- message:[32m[2025-11-06T05:19:40.706Z] OPTIONS /api/user/verify-otp 204 - 1ms - IP: ::1-------undefined[39m ---- timestamp:2025-11-06T05:19:40.706Z}
{level:[32minfo[39m ---- message:[32mUser registered successfully with email: asdasd12@gmail.com[39m ---- timestamp:2025-11-06T05:19:41.508Z}
{level:[32minfo[39m ---- message:[32m[2025-11-06T05:19:41.509Z] POST /api/user/verify-otp 200 - 801ms - IP: ::1-------[object Object][39m ---- timestamp:2025-11-06T05:19:41.509Z}
{level:[32minfo[39m ---- message:[32m[2025-11-06T05:28:06.963Z] OPTIONS /api/user/verify-otp 204 - 1ms - IP: ::1-------undefined[39m ---- timestamp:2025-11-06T05:28:06.963Z}
{level:[31merror[39m ---- message:[31m[POST] /api/user/verify-otp - OTP not found or expired.[39m ---- timestamp:2025-11-06T05:28:07.045Z}
{level:[32minfo[39m ---- message:[32m[2025-11-06T05:28:07.047Z] POST /api/user/verify-otp 500 - 83ms - IP: ::1-------[object Object][39m ---- timestamp:2025-11-06T05:28:07.047Z}
