{level:[32minfo[39m ---- message:[32m server is running, http://localhost:3000[39m ---- timestamp:2025-11-10T04:25:20.081Z}
{level:[32minfo[39m ---- message:[32mmongoDB connected: ac-8jqrmm4-shard-00-01.sygyztr.mongodb.net[39m ---- timestamp:2025-11-10T04:25:24.537Z}
{level:[32minfo[39m ---- message:[32m[2025-11-10T04:28:28.767Z] OPTIONS /api/user/send-otp 204 - 4ms - IP: ::1-------undefined[39m ---- timestamp:2025-11-10T04:28:28.767Z}
{level:[31merror[39m ---- message:[31m[POST] /api/user/send-otp - User already registered[39m ---- timestamp:2025-11-10T04:28:29.130Z}
{level:[32minfo[39m ---- message:[32m[2025-11-10T04:28:29.133Z] POST /api/user/send-otp 500 - 133ms - IP: ::1-------[object Object][39m ---- timestamp:2025-11-10T04:28:29.133Z}
{level:[32minfo[39m ---- message:[32m[2025-11-10T04:28:49.404Z] OPTIONS /api/user/send-otp 204 - 0ms - IP: ::1-------undefined[39m ---- timestamp:2025-11-10T04:28:49.404Z}
{level:[32minfo[39m ---- message:[32m[2025-11-10T04:28:55.594Z] POST /api/user/send-otp 200 - 6188ms - IP: ::1-------[object Object][39m ---- timestamp:2025-11-10T04:28:55.594Z}
{level:[32minfo[39m ---- message:[32m[2025-11-10T04:29:21.892Z] OPTIONS /api/user/verify-otp 204 - 1ms - IP: ::1-------undefined[39m ---- timestamp:2025-11-10T04:29:21.892Z}
{level:[32minfo[39m ---- message:[32m[2025-11-10T04:29:22.263Z] POST /api/user/verify-otp 201 - 369ms - IP: ::1-------[object Object][39m ---- timestamp:2025-11-10T04:29:22.263Z}
{level:[32minfo[39m ---- message:[32m server is running, http://localhost:3000[39m ---- timestamp:2025-11-10T04:31:02.191Z}
{level:[32minfo[39m ---- message:[32mmongoDB connected: ac-8jqrmm4-shard-00-02.sygyztr.mongodb.net[39m ---- timestamp:2025-11-10T04:31:03.293Z}
{level:[32minfo[39m ---- message:[32m[2025-11-10T04:31:36.361Z] OPTIONS /api/user/send-otp 204 - 2ms - IP: ::1-------undefined[39m ---- timestamp:2025-11-10T04:31:36.362Z}
{level:[32minfo[39m ---- message:[32m[2025-11-10T04:31:41.060Z] POST /api/user/send-otp 200 - 4683ms - IP: ::1-------[object Object][39m ---- timestamp:2025-11-10T04:31:41.061Z}
{level:[32minfo[39m ---- message:[32m[2025-11-10T04:31:48.751Z] OPTIONS /api/user/verify-otp 204 - 0ms - IP: ::1-------undefined[39m ---- timestamp:2025-11-10T04:31:48.751Z}
{level:[32minfo[39m ---- message:[32m[2025-11-10T04:31:49.583Z] POST /api/user/verify-otp 201 - 830ms - IP: ::1-------[object Object][39m ---- timestamp:2025-11-10T04:31:49.583Z}
{level:[32minfo[39m ---- message:[32m server is running, http://localhost:3000[39m ---- timestamp:2025-11-10T04:38:03.286Z}
{level:[32minfo[39m ---- message:[32mmongoDB connected: ac-8jqrmm4-shard-00-01.sygyztr.mongodb.net[39m ---- timestamp:2025-11-10T04:38:04.272Z}
{level:[32minfo[39m ---- message:[32m[2025-11-10T04:41:15.745Z] OPTIONS /api/user/send-otp 204 - 2ms - IP: ::1-------undefined[39m ---- timestamp:2025-11-10T04:41:15.746Z}
{level:[32minfo[39m ---- message:[32m[2025-11-10T04:41:21.095Z] POST /api/user/send-otp 200 - 5336ms - IP: ::1-------[object Object][39m ---- timestamp:2025-11-10T04:41:21.095Z}
{level:[32minfo[39m ---- message:[32m[2025-11-10T04:41:30.038Z] OPTIONS /api/user/verify-otp 204 - 1ms - IP: ::1-------undefined[39m ---- timestamp:2025-11-10T04:41:30.038Z}
{level:[32minfo[39m ---- message:[32m[2025-11-10T04:41:30.504Z] POST /api/user/verify-otp 201 - 464ms - IP: ::1-------[object Object][39m ---- timestamp:2025-11-10T04:41:30.504Z}
{level:[32minfo[39m ---- message:[32m[2025-11-10T04:46:03.518Z] OPTIONS /api/user/send-otp 204 - 0ms - IP: ::1-------undefined[39m ---- timestamp:2025-11-10T04:46:03.519Z}
{level:[32minfo[39m ---- message:[32m[2025-11-10T04:46:07.654Z] POST /api/user/send-otp 200 - 4134ms - IP: ::1-------[object Object][39m ---- timestamp:2025-11-10T04:46:07.654Z}
{level:[32minfo[39m ---- message:[32m[2025-11-10T04:51:09.905Z] OPTIONS /api/user/send-otp 204 - 0ms - IP: ::1-------undefined[39m ---- timestamp:2025-11-10T04:51:09.905Z}
{level:[32minfo[39m ---- message:[32m[2025-11-10T04:51:14.355Z] POST /api/user/send-otp 200 - 4448ms - IP: ::1-------[object Object][39m ---- timestamp:2025-11-10T04:51:14.355Z}
{level:[32minfo[39m ---- message:[32m[2025-11-10T05:03:58.957Z] OPTIONS /api/user/send-otp 204 - 0ms - IP: ::1-------undefined[39m ---- timestamp:2025-11-10T05:03:58.957Z}
{level:[32minfo[39m ---- message:[32m[2025-11-10T05:04:03.562Z] POST /api/user/send-otp 200 - 4603ms - IP: ::1-------[object Object][39m ---- timestamp:2025-11-10T05:04:03.562Z}
{level:[32minfo[39m ---- message:[32m server is running, http://localhost:3000[39m ---- timestamp:2025-11-10T05:04:39.251Z}
{level:[32minfo[39m ---- message:[32mmongoDB connected: ac-8jqrmm4-shard-00-00.sygyztr.mongodb.net[39m ---- timestamp:2025-11-10T05:04:41.451Z}
{level:[32minfo[39m ---- message:[32m[2025-11-10T05:05:04.400Z] OPTIONS /api/user/send-otp 204 - 3ms - IP: ::1-------undefined[39m ---- timestamp:2025-11-10T05:05:04.400Z}
{level:[32minfo[39m ---- message:[32m[2025-11-10T05:05:09.712Z] POST /api/user/send-otp 200 - 5298ms - IP: ::1-------[object Object][39m ---- timestamp:2025-11-10T05:05:09.712Z}
{level:[32minfo[39m ---- message:[32m[2025-11-10T05:05:45.383Z] OPTIONS /api/user/verify-otp 204 - 0ms - IP: ::1-------undefined[39m ---- timestamp:2025-11-10T05:05:45.383Z}
{level:[32minfo[39m ---- message:[32m[2025-11-10T05:05:46.471Z] POST /api/user/verify-otp 201 - 1085ms - IP: ::1-------[object Object][39m ---- timestamp:2025-11-10T05:05:46.471Z}
{level:[32minfo[39m ---- message:[32m server is running, http://localhost:3000[39m ---- timestamp:2025-11-10T09:49:13.352Z}
{level:[32minfo[39m ---- message:[32mmongoDB connected: ac-8jqrmm4-shard-00-00.sygyztr.mongodb.net[39m ---- timestamp:2025-11-10T09:49:14.557Z}
{level:[32minfo[39m ---- message:[32m[2025-11-10T09:49:42.844Z] OPTIONS /api/user/send-otp 204 - 3ms - IP: ::1-------undefined[39m ---- timestamp:2025-11-10T09:49:42.844Z}
{level:[32minfo[39m ---- message:[32m[2025-11-10T09:49:47.421Z] POST /api/user/send-otp 200 - 4556ms - IP: ::1-------[object Object][39m ---- timestamp:2025-11-10T09:49:47.421Z}
{level:[32minfo[39m ---- message:[32m[2025-11-10T09:50:09.725Z] OPTIONS /api/user/verify-otp 204 - 0ms - IP: ::1-------undefined[39m ---- timestamp:2025-11-10T09:50:09.726Z}
{level:[32minfo[39m ---- message:[32m[2025-11-10T09:50:10.199Z] POST /api/user/verify-otp 201 - 471ms - IP: ::1-------[object Object][39m ---- timestamp:2025-11-10T09:50:10.199Z}
{level:[32minfo[39m ---- message:[32m server is running, http://localhost:3000[39m ---- timestamp:2025-11-10T09:52:26.894Z}
{level:[32minfo[39m ---- message:[32mmongoDB connected: ac-8jqrmm4-shard-00-01.sygyztr.mongodb.net[39m ---- timestamp:2025-11-10T09:52:28.300Z}
{level:[32minfo[39m ---- message:[32m[2025-11-10T09:52:52.686Z] OPTIONS /api/user/send-otp 204 - 2ms - IP: ::1-------undefined[39m ---- timestamp:2025-11-10T09:52:52.687Z}
{level:[32minfo[39m ---- message:[32m[2025-11-10T09:52:57.725Z] POST /api/user/send-otp 200 - 5025ms - IP: ::1-------[object Object][39m ---- timestamp:2025-11-10T09:52:57.725Z}
{level:[32minfo[39m ---- message:[32m[2025-11-10T09:53:07.615Z] OPTIONS /api/user/verify-otp 204 - 0ms - IP: ::1-------undefined[39m ---- timestamp:2025-11-10T09:53:07.615Z}
{level:[32minfo[39m ---- message:[32m[2025-11-10T09:53:08.265Z] POST /api/user/verify-otp 201 - 647ms - IP: ::1-------[object Object][39m ---- timestamp:2025-11-10T09:53:08.265Z}
{level:[32minfo[39m ---- message:[32m[2025-11-10T10:14:33.802Z] POST /api/user/refresh 404 - 3ms - IP: ::1-------undefined[39m ---- timestamp:2025-11-10T10:14:33.802Z}
{level:[32minfo[39m ---- message:[32m[2025-11-10T10:14:33.806Z] POST /api/user/refresh 404 - 1ms - IP: ::1-------undefined[39m ---- timestamp:2025-11-10T10:14:33.806Z}
{level:[32minfo[39m ---- message:[32m[2025-11-10T10:14:35.771Z] POST /api/user/refresh 404 - 0ms - IP: ::1-------undefined[39m ---- timestamp:2025-11-10T10:14:35.771Z}
{level:[32minfo[39m ---- message:[32m[2025-11-10T10:14:43.906Z] POST /api/user/refresh 404 - 1ms - IP: ::1-------undefined[39m ---- timestamp:2025-11-10T10:14:43.906Z}
{level:[32minfo[39m ---- message:[32m[2025-11-10T10:14:43.914Z] POST /api/user/refresh 404 - 4ms - IP: ::1-------undefined[39m ---- timestamp:2025-11-10T10:14:43.914Z}
{level:[32minfo[39m ---- message:[32m[2025-11-10T10:14:51.342Z] POST /api/user/refresh 404 - 1ms - IP: ::1-------undefined[39m ---- timestamp:2025-11-10T10:14:51.342Z}
{level:[32minfo[39m ---- message:[32m[2025-11-10T10:14:51.344Z] POST /api/user/refresh 404 - 1ms - IP: ::1-------undefined[39m ---- timestamp:2025-11-10T10:14:51.344Z}
{level:[32minfo[39m ---- message:[32m server is running, http://localhost:3000[39m ---- timestamp:2025-11-10T10:20:13.083Z}
{level:[32minfo[39m ---- message:[32mmongoDB connected: ac-8jqrmm4-shard-00-01.sygyztr.mongodb.net[39m ---- timestamp:2025-11-10T10:20:15.537Z}
{level:[32minfo[39m ---- message:[32m[2025-11-10T10:20:34.929Z] POST /api/user/refresh 200 - 327ms - IP: ::1-------undefined[39m ---- timestamp:2025-11-10T10:20:34.930Z}
{level:[32minfo[39m ---- message:[32m[2025-11-10T10:20:34.935Z] POST /api/user/refresh 200 - 301ms - IP: ::1-------undefined[39m ---- timestamp:2025-11-10T10:20:34.936Z}
{level:[32minfo[39m ---- message:[32m[2025-11-10T10:20:41.736Z] POST /api/user/refresh 200 - 122ms - IP: ::1-------undefined[39m ---- timestamp:2025-11-10T10:20:41.737Z}
{level:[32minfo[39m ---- message:[32m[2025-11-10T10:20:41.750Z] POST /api/user/refresh 200 - 130ms - IP: ::1-------undefined[39m ---- timestamp:2025-11-10T10:20:41.750Z}
{level:[32minfo[39m ---- message:[32m[2025-11-10T10:20:51.587Z] POST /api/user/refresh 200 - 195ms - IP: ::1-------undefined[39m ---- timestamp:2025-11-10T10:20:51.588Z}
{level:[32minfo[39m ---- message:[32m[2025-11-10T10:20:51.659Z] POST /api/user/refresh 200 - 242ms - IP: ::1-------undefined[39m ---- timestamp:2025-11-10T10:20:51.659Z}
{level:[32minfo[39m ---- message:[32m[2025-11-10T10:21:08.271Z] OPTIONS /api/user/send-otp 204 - 0ms - IP: ::1-------undefined[39m ---- timestamp:2025-11-10T10:21:08.271Z}
{level:[32minfo[39m ---- message:[32m[2025-11-10T10:21:13.091Z] POST /api/user/send-otp 200 - 4806ms - IP: ::1-------[object Object][39m ---- timestamp:2025-11-10T10:21:13.091Z}
{level:[32minfo[39m ---- message:[32m[2025-11-10T10:21:21.198Z] OPTIONS /api/user/verify-otp 204 - 0ms - IP: ::1-------undefined[39m ---- timestamp:2025-11-10T10:21:21.198Z}
{level:[32minfo[39m ---- message:[32m[2025-11-10T10:21:21.674Z] POST /api/user/verify-otp 201 - 473ms - IP: ::1-------[object Object][39m ---- timestamp:2025-11-10T10:21:21.674Z}
{level:[32minfo[39m ---- message:[32m[2025-11-10T10:21:25.363Z] POST /api/user/refresh 200 - 160ms - IP: ::1-------undefined[39m ---- timestamp:2025-11-10T10:21:25.363Z}
{level:[32minfo[39m ---- message:[32m[2025-11-10T10:21:25.367Z] POST /api/user/refresh 200 - 167ms - IP: ::1-------undefined[39m ---- timestamp:2025-11-10T10:21:25.367Z}
{level:[32minfo[39m ---- message:[32m[2025-11-10T10:21:42.418Z] POST /api/user/refresh 200 - 254ms - IP: ::1-------undefined[39m ---- timestamp:2025-11-10T10:21:42.418Z}
{level:[32minfo[39m ---- message:[32m[2025-11-10T10:21:42.421Z] POST /api/user/refresh 200 - 262ms - IP: ::1-------undefined[39m ---- timestamp:2025-11-10T10:21:42.421Z}
{level:[32minfo[39m ---- message:[32m[2025-11-10T10:21:48.543Z] POST /api/user/refresh 200 - 135ms - IP: ::1-------undefined[39m ---- timestamp:2025-11-10T10:21:48.543Z}
{level:[32minfo[39m ---- message:[32m[2025-11-10T10:21:48.548Z] POST /api/user/refresh 200 - 137ms - IP: ::1-------undefined[39m ---- timestamp:2025-11-10T10:21:48.548Z}
{level:[32minfo[39m ---- message:[32m[2025-11-10T10:23:17.895Z] POST /api/user/refresh 200 - 133ms - IP: ::1-------undefined[39m ---- timestamp:2025-11-10T10:23:17.895Z}
{level:[32minfo[39m ---- message:[32m[2025-11-10T10:23:17.899Z] POST /api/user/refresh 200 - 132ms - IP: ::1-------undefined[39m ---- timestamp:2025-11-10T10:23:17.899Z}
{level:[32minfo[39m ---- message:[32m[2025-11-10T10:23:18.206Z] POST /api/user/refresh 200 - 115ms - IP: ::1-------undefined[39m ---- timestamp:2025-11-10T10:23:18.206Z}
{level:[32minfo[39m ---- message:[32m[2025-11-10T10:23:18.209Z] POST /api/user/refresh 200 - 122ms - IP: ::1-------undefined[39m ---- timestamp:2025-11-10T10:23:18.209Z}
{level:[32minfo[39m ---- message:[32m[2025-11-10T10:23:19.069Z] POST /api/user/refresh 200 - 275ms - IP: ::1-------undefined[39m ---- timestamp:2025-11-10T10:23:19.069Z}
{level:[32minfo[39m ---- message:[32m[2025-11-10T10:23:19.074Z] POST /api/user/refresh 200 - 275ms - IP: ::1-------undefined[39m ---- timestamp:2025-11-10T10:23:19.074Z}
{level:[32minfo[39m ---- message:[32m[2025-11-10T10:23:24.025Z] POST /api/user/refresh 200 - 138ms - IP: ::1-------undefined[39m ---- timestamp:2025-11-10T10:23:24.025Z}
{level:[32minfo[39m ---- message:[32m[2025-11-10T10:23:24.056Z] POST /api/user/refresh 200 - 165ms - IP: ::1-------undefined[39m ---- timestamp:2025-11-10T10:23:24.056Z}
{level:[32minfo[39m ---- message:[32m[2025-11-10T10:24:42.052Z] POST /api/user/refresh 200 - 267ms - IP: ::1-------undefined[39m ---- timestamp:2025-11-10T10:24:42.053Z}
{level:[32minfo[39m ---- message:[32m[2025-11-10T10:24:43.911Z] POST /api/user/refresh 200 - 131ms - IP: ::1-------undefined[39m ---- timestamp:2025-11-10T10:24:43.911Z}
{level:[32minfo[39m ---- message:[32m[2025-11-10T10:24:44.901Z] POST /api/user/refresh 200 - 123ms - IP: ::1-------undefined[39m ---- timestamp:2025-11-10T10:24:44.901Z}
{level:[32minfo[39m ---- message:[32m[2025-11-10T10:24:45.890Z] POST /api/user/refresh 200 - 117ms - IP: ::1-------undefined[39m ---- timestamp:2025-11-10T10:24:45.890Z}
{level:[32minfo[39m ---- message:[32m[2025-11-10T10:24:47.909Z] POST /api/user/refresh 200 - 140ms - IP: ::1-------undefined[39m ---- timestamp:2025-11-10T10:24:47.909Z}
{level:[32minfo[39m ---- message:[32m[2025-11-10T10:24:49.904Z] POST /api/user/refresh 200 - 136ms - IP: ::1-------undefined[39m ---- timestamp:2025-11-10T10:24:49.904Z}
{level:[32minfo[39m ---- message:[32m[2025-11-10T10:24:51.904Z] POST /api/user/refresh 200 - 125ms - IP: ::1-------undefined[39m ---- timestamp:2025-11-10T10:24:51.904Z}
{level:[32minfo[39m ---- message:[32m[2025-11-10T10:24:59.010Z] POST /api/user/refresh 200 - 234ms - IP: ::1-------undefined[39m ---- timestamp:2025-11-10T10:24:59.010Z}
{level:[32minfo[39m ---- message:[32m[2025-11-10T10:25:00.036Z] POST /api/user/refresh 200 - 255ms - IP: ::1-------undefined[39m ---- timestamp:2025-11-10T10:25:00.036Z}
{level:[32minfo[39m ---- message:[32m[2025-11-10T10:25:01.131Z] POST /api/user/refresh 200 - 356ms - IP: ::1-------undefined[39m ---- timestamp:2025-11-10T10:25:01.131Z}
{level:[32minfo[39m ---- message:[32m[2025-11-10T10:25:01.886Z] POST /api/user/refresh 200 - 115ms - IP: ::1-------undefined[39m ---- timestamp:2025-11-10T10:25:01.886Z}
{level:[32minfo[39m ---- message:[32m[2025-11-10T10:25:02.935Z] POST /api/user/refresh 200 - 166ms - IP: ::1-------undefined[39m ---- timestamp:2025-11-10T10:25:02.935Z}
{level:[32minfo[39m ---- message:[32m[2025-11-10T10:25:04.027Z] POST /api/user/refresh 200 - 256ms - IP: ::1-------undefined[39m ---- timestamp:2025-11-10T10:25:04.027Z}
{level:[32minfo[39m ---- message:[32m[2025-11-10T10:25:04.889Z] POST /api/user/refresh 200 - 123ms - IP: ::1-------undefined[39m ---- timestamp:2025-11-10T10:25:04.889Z}
{level:[32minfo[39m ---- message:[32m server is running, http://localhost:3000[39m ---- timestamp:2025-11-10T10:26:54.080Z}
{level:[32minfo[39m ---- message:[32mmongoDB connected: ac-8jqrmm4-shard-00-02.sygyztr.mongodb.net[39m ---- timestamp:2025-11-10T10:26:55.590Z}
{level:[32minfo[39m ---- message:[32m[2025-11-10T10:27:07.607Z] POST /api/user/refresh 200 - 256ms - IP: ::1-------undefined[39m ---- timestamp:2025-11-10T10:27:07.608Z}
{level:[32minfo[39m ---- message:[32m[2025-11-10T10:27:07.661Z] POST /api/user/refresh 200 - 285ms - IP: ::1-------undefined[39m ---- timestamp:2025-11-10T10:27:07.661Z}
{level:[32minfo[39m ---- message:[32m[2025-11-10T10:32:46.934Z] POST /api/user/refresh 200 - 154ms - IP: ::1-------undefined[39m ---- timestamp:2025-11-10T10:32:46.934Z}
{level:[32minfo[39m ---- message:[32m[2025-11-10T10:32:46.937Z] POST /api/user/refresh 200 - 155ms - IP: ::1-------undefined[39m ---- timestamp:2025-11-10T10:32:46.938Z}
{level:[32minfo[39m ---- message:[32m[2025-11-10T10:32:48.045Z] POST /api/user/refresh 200 - 261ms - IP: ::1-------undefined[39m ---- timestamp:2025-11-10T10:32:48.045Z}
{level:[32minfo[39m ---- message:[32m[2025-11-10T10:32:49.359Z] POST /api/user/refresh 200 - 584ms - IP: ::1-------undefined[39m ---- timestamp:2025-11-10T10:32:49.360Z}
{level:[32minfo[39m ---- message:[32m[2025-11-10T10:32:50.025Z] POST /api/user/refresh 200 - 250ms - IP: ::1-------undefined[39m ---- timestamp:2025-11-10T10:32:50.025Z}
{level:[32minfo[39m ---- message:[32m[2025-11-10T10:32:52.915Z] POST /api/user/refresh 200 - 139ms - IP: ::1-------undefined[39m ---- timestamp:2025-11-10T10:32:52.915Z}
{level:[32minfo[39m ---- message:[32m[2025-11-10T10:32:55.025Z] POST /api/user/refresh 200 - 250ms - IP: ::1-------undefined[39m ---- timestamp:2025-11-10T10:32:55.025Z}
{level:[32minfo[39m ---- message:[32m[2025-11-10T10:32:57.057Z] POST /api/user/refresh 200 - 287ms - IP: ::1-------undefined[39m ---- timestamp:2025-11-10T10:32:57.057Z}
{level:[32minfo[39m ---- message:[32m[2025-11-10T10:32:58.970Z] POST /api/user/refresh 200 - 203ms - IP: ::1-------undefined[39m ---- timestamp:2025-11-10T10:32:58.970Z}
{level:[32minfo[39m ---- message:[32m[2025-11-10T10:32:59.920Z] POST /api/user/refresh 200 - 148ms - IP: ::1-------undefined[39m ---- timestamp:2025-11-10T10:32:59.920Z}
{level:[32minfo[39m ---- message:[32m[2025-11-10T10:33:00.084Z] POST /api/user/refresh 200 - 153ms - IP: ::1-------undefined[39m ---- timestamp:2025-11-10T10:33:00.084Z}
{level:[32minfo[39m ---- message:[32m[2025-11-10T10:33:16.084Z] POST /api/user/refresh 200 - 309ms - IP: ::1-------undefined[39m ---- timestamp:2025-11-10T10:33:16.084Z}
{level:[32minfo[39m ---- message:[32m[2025-11-10T10:33:16.086Z] POST /api/user/refresh 200 - 313ms - IP: ::1-------undefined[39m ---- timestamp:2025-11-10T10:33:16.086Z}
{level:[32minfo[39m ---- message:[32m[2025-11-10T10:33:16.239Z] POST /api/user/refresh 200 - 139ms - IP: ::1-------undefined[39m ---- timestamp:2025-11-10T10:33:16.240Z}
{level:[32minfo[39m ---- message:[32m[2025-11-10T10:33:41.138Z] POST /api/user/refresh 200 - 356ms - IP: ::1-------undefined[39m ---- timestamp:2025-11-10T10:33:41.138Z}
{level:[32minfo[39m ---- message:[32m[2025-11-10T10:33:41.260Z] POST /api/user/refresh 200 - 115ms - IP: ::1-------undefined[39m ---- timestamp:2025-11-10T10:33:41.260Z}
{level:[32minfo[39m ---- message:[32m[2025-11-10T10:33:44.160Z] POST /api/user/refresh 200 - 387ms - IP: ::1-------undefined[39m ---- timestamp:2025-11-10T10:33:44.160Z}
{level:[32minfo[39m ---- message:[32m[2025-11-10T10:33:49.014Z] POST /api/user/refresh 200 - 245ms - IP: ::1-------undefined[39m ---- timestamp:2025-11-10T10:33:49.014Z}
{level:[32minfo[39m ---- message:[32m[2025-11-10T10:33:49.134Z] POST /api/user/refresh 200 - 368ms - IP: ::1-------undefined[39m ---- timestamp:2025-11-10T10:33:49.134Z}
{level:[32minfo[39m ---- message:[32m[2025-11-10T10:33:49.214Z] POST /api/user/refresh 200 - 193ms - IP: ::1-------undefined[39m ---- timestamp:2025-11-10T10:33:49.214Z}
{level:[32minfo[39m ---- message:[32m[2025-11-10T10:33:57.141Z] POST /api/user/refresh 200 - 373ms - IP: ::1-------undefined[39m ---- timestamp:2025-11-10T10:33:57.141Z}
{level:[32minfo[39m ---- message:[32m[2025-11-10T10:34:13.894Z] POST /api/user/refresh 200 - 128ms - IP: ::1-------undefined[39m ---- timestamp:2025-11-10T10:34:13.894Z}
{level:[32minfo[39m ---- message:[32m[2025-11-10T10:34:25.012Z] POST /api/user/refresh 200 - 207ms - IP: ::1-------undefined[39m ---- timestamp:2025-11-10T10:34:25.012Z}
{level:[32minfo[39m ---- message:[32m[2025-11-10T10:34:26.140Z] POST /api/user/refresh 200 - 357ms - IP: ::1-------undefined[39m ---- timestamp:2025-11-10T10:34:26.140Z}
{level:[32minfo[39m ---- message:[32m[2025-11-10T10:34:27.461Z] POST /api/user/refresh 200 - 682ms - IP: ::1-------undefined[39m ---- timestamp:2025-11-10T10:34:27.461Z}
{level:[32minfo[39m ---- message:[32m[2025-11-10T10:34:28.946Z] POST /api/user/refresh 200 - 180ms - IP: ::1-------undefined[39m ---- timestamp:2025-11-10T10:34:28.946Z}
{level:[32minfo[39m ---- message:[32m[2025-11-10T10:34:39.916Z] POST /api/user/refresh 200 - 140ms - IP: ::1-------undefined[39m ---- timestamp:2025-11-10T10:34:39.916Z}
{level:[32minfo[39m ---- message:[32m[2025-11-10T10:34:53.026Z] POST /api/user/refresh 200 - 248ms - IP: ::1-------undefined[39m ---- timestamp:2025-11-10T10:34:53.026Z}
{level:[32minfo[39m ---- message:[32m[2025-11-10T10:36:36.971Z] POST /api/user/refresh 200 - 195ms - IP: ::1-------undefined[39m ---- timestamp:2025-11-10T10:36:36.971Z}
{level:[32minfo[39m ---- message:[32m[2025-11-10T10:36:37.027Z] POST /api/user/refresh 200 - 248ms - IP: ::1-------undefined[39m ---- timestamp:2025-11-10T10:36:37.027Z}
{level:[32minfo[39m ---- message:[32m[2025-11-10T10:36:37.146Z] POST /api/user/refresh 200 - 166ms - IP: ::1-------undefined[39m ---- timestamp:2025-11-10T10:36:37.147Z}
{level:[32minfo[39m ---- message:[32m[2025-11-10T10:36:38.971Z] POST /api/user/refresh 200 - 146ms - IP: ::1-------undefined[39m ---- timestamp:2025-11-10T10:36:38.971Z}
{level:[32minfo[39m ---- message:[32m[2025-11-10T10:36:39.341Z] POST /api/user/refresh 200 - 504ms - IP: ::1-------undefined[39m ---- timestamp:2025-11-10T10:36:39.341Z}
{level:[32minfo[39m ---- message:[32m[2025-11-10T10:36:39.357Z] POST /api/user/refresh 200 - 377ms - IP: ::1-------undefined[39m ---- timestamp:2025-11-10T10:36:39.357Z}
{level:[32minfo[39m ---- message:[32m[2025-11-10T10:36:51.967Z] POST /api/user/refresh 200 - 196ms - IP: ::1-------undefined[39m ---- timestamp:2025-11-10T10:36:51.967Z}
{level:[32minfo[39m ---- message:[32m[2025-11-10T10:36:54.023Z] POST /api/user/refresh 200 - 252ms - IP: ::1-------undefined[39m ---- timestamp:2025-11-10T10:36:54.023Z}
{level:[32minfo[39m ---- message:[32m[2025-11-10T10:36:54.903Z] POST /api/user/refresh 200 - 132ms - IP: ::1-------undefined[39m ---- timestamp:2025-11-10T10:36:54.903Z}
{level:[32minfo[39m ---- message:[32m[2025-11-10T10:36:59.921Z] POST /api/user/refresh 200 - 171ms - IP: ::1-------undefined[39m ---- timestamp:2025-11-10T10:36:59.921Z}
{level:[32minfo[39m ---- message:[32m[2025-11-10T10:36:59.998Z] POST /api/user/refresh 200 - 229ms - IP: ::1-------undefined[39m ---- timestamp:2025-11-10T10:36:59.998Z}
{level:[32minfo[39m ---- message:[32m[2025-11-10T10:37:00.099Z] POST /api/user/refresh 200 - 146ms - IP: ::1-------undefined[39m ---- timestamp:2025-11-10T10:37:00.099Z}
{level:[32minfo[39m ---- message:[32m[2025-11-10T10:37:10.432Z] POST /api/user/refresh 200 - 154ms - IP: ::1-------undefined[39m ---- timestamp:2025-11-10T10:37:10.432Z}
{level:[32minfo[39m ---- message:[32m[2025-11-10T10:37:10.478Z] POST /api/user/refresh 200 - 196ms - IP: ::1-------undefined[39m ---- timestamp:2025-11-10T10:37:10.478Z}
{level:[32minfo[39m ---- message:[32m[2025-11-10T10:37:10.587Z] POST /api/user/refresh 200 - 140ms - IP: ::1-------undefined[39m ---- timestamp:2025-11-10T10:37:10.587Z}
{level:[32minfo[39m ---- message:[32m[2025-11-10T10:37:11.598Z] POST /api/user/refresh 200 - 417ms - IP: ::1-------undefined[39m ---- timestamp:2025-11-10T10:37:11.598Z}
{level:[32minfo[39m ---- message:[32m[2025-11-10T10:37:11.841Z] POST /api/user/refresh 200 - 664ms - IP: ::1-------undefined[39m ---- timestamp:2025-11-10T10:37:11.841Z}
{level:[32minfo[39m ---- message:[32m[2025-11-10T10:37:12.158Z] POST /api/user/refresh 200 - 554ms - IP: ::1-------undefined[39m ---- timestamp:2025-11-10T10:37:12.158Z}
{level:[32minfo[39m ---- message:[32m[2025-11-10T10:37:12.678Z] POST /api/user/refresh 200 - 149ms - IP: ::1-------undefined[39m ---- timestamp:2025-11-10T10:37:12.678Z}
{level:[32minfo[39m ---- message:[32m[2025-11-10T10:37:12.681Z] POST /api/user/refresh 200 - 154ms - IP: ::1-------undefined[39m ---- timestamp:2025-11-10T10:37:12.681Z}
{level:[32minfo[39m ---- message:[32m[2025-11-10T10:37:12.828Z] POST /api/user/refresh 200 - 143ms - IP: ::1-------undefined[39m ---- timestamp:2025-11-10T10:37:12.828Z}
{level:[32minfo[39m ---- message:[32m[2025-11-10T10:37:17.759Z] POST /api/user/refresh 200 - 300ms - IP: ::1-------undefined[39m ---- timestamp:2025-11-10T10:37:17.759Z}
{level:[32minfo[39m ---- message:[32m[2025-11-10T10:37:17.761Z] POST /api/user/refresh 200 - 304ms - IP: ::1-------undefined[39m ---- timestamp:2025-11-10T10:37:17.761Z}
{level:[32minfo[39m ---- message:[32m[2025-11-10T10:37:17.958Z] POST /api/user/refresh 200 - 176ms - IP: ::1-------undefined[39m ---- timestamp:2025-11-10T10:37:17.958Z}
{level:[32minfo[39m ---- message:[32m[2025-11-10T10:37:20.357Z] POST /api/user/refresh 200 - 178ms - IP: ::1-------undefined[39m ---- timestamp:2025-11-10T10:37:20.358Z}
{level:[32minfo[39m ---- message:[32m[2025-11-10T10:37:20.389Z] POST /api/user/refresh 200 - 213ms - IP: ::1-------undefined[39m ---- timestamp:2025-11-10T10:37:20.389Z}
{level:[32minfo[39m ---- message:[32m[2025-11-10T10:37:20.528Z] POST /api/user/refresh 200 - 154ms - IP: ::1-------undefined[39m ---- timestamp:2025-11-10T10:37:20.528Z}
{level:[32minfo[39m ---- message:[32m[2025-11-10T10:37:21.513Z] POST /api/user/refresh 200 - 335ms - IP: ::1-------undefined[39m ---- timestamp:2025-11-10T10:37:21.513Z}
{level:[32minfo[39m ---- message:[32m[2025-11-10T10:37:22.103Z] POST /api/user/refresh 200 - 131ms - IP: ::1-------undefined[39m ---- timestamp:2025-11-10T10:37:22.103Z}
{level:[32minfo[39m ---- message:[32m[2025-11-10T10:37:22.105Z] POST /api/user/refresh 200 - 136ms - IP: ::1-------undefined[39m ---- timestamp:2025-11-10T10:37:22.106Z}
{level:[32minfo[39m ---- message:[32m[2025-11-10T10:37:22.628Z] POST /api/user/refresh 200 - 146ms - IP: ::1-------undefined[39m ---- timestamp:2025-11-10T10:37:22.628Z}
{level:[32minfo[39m ---- message:[32m[2025-11-10T10:37:22.767Z] POST /api/user/refresh 200 - 121ms - IP: ::1-------undefined[39m ---- timestamp:2025-11-10T10:37:22.767Z}
{level:[32minfo[39m ---- message:[32m[2025-11-10T10:37:23.668Z] POST /api/user/refresh 200 - 306ms - IP: ::1-------undefined[39m ---- timestamp:2025-11-10T10:37:23.668Z}
{level:[32minfo[39m ---- message:[32m[2025-11-10T10:37:23.679Z] POST /api/user/refresh 200 - 321ms - IP: ::1-------undefined[39m ---- timestamp:2025-11-10T10:37:23.679Z}
{level:[32minfo[39m ---- message:[32m[2025-11-10T10:37:23.818Z] POST /api/user/refresh 200 - 132ms - IP: ::1-------undefined[39m ---- timestamp:2025-11-10T10:37:23.818Z}
{level:[32minfo[39m ---- message:[32m[2025-11-10T10:37:24.659Z] POST /api/user/refresh 200 - 447ms - IP: ::1-------undefined[39m ---- timestamp:2025-11-10T10:37:24.659Z}
{level:[32minfo[39m ---- message:[32m[2025-11-10T10:37:24.661Z] POST /api/user/refresh 200 - 447ms - IP: ::1-------undefined[39m ---- timestamp:2025-11-10T10:37:24.661Z}
{level:[32minfo[39m ---- message:[32m[2025-11-10T10:37:24.798Z] POST /api/user/refresh 200 - 121ms - IP: ::1-------undefined[39m ---- timestamp:2025-11-10T10:37:24.798Z}
{level:[32minfo[39m ---- message:[32m[2025-11-10T10:37:25.598Z] POST /api/user/refresh 200 - 301ms - IP: ::1-------undefined[39m ---- timestamp:2025-11-10T10:37:25.598Z}
{level:[32minfo[39m ---- message:[32m[2025-11-10T10:37:25.601Z] POST /api/user/refresh 200 - 301ms - IP: ::1-------undefined[39m ---- timestamp:2025-11-10T10:37:25.601Z}
{level:[32minfo[39m ---- message:[32m[2025-11-10T10:37:26.318Z] POST /api/user/refresh 200 - 133ms - IP: ::1-------undefined[39m ---- timestamp:2025-11-10T10:37:26.319Z}
{level:[32minfo[39m ---- message:[32m[2025-11-10T10:37:26.321Z] POST /api/user/refresh 200 - 133ms - IP: ::1-------undefined[39m ---- timestamp:2025-11-10T10:37:26.321Z}
{level:[32minfo[39m ---- message:[32m[2025-11-10T10:37:26.484Z] POST /api/user/refresh 200 - 147ms - IP: ::1-------undefined[39m ---- timestamp:2025-11-10T10:37:26.484Z}
{level:[32minfo[39m ---- message:[32m[2025-11-10T10:37:27.424Z] POST /api/user/refresh 200 - 491ms - IP: ::1-------undefined[39m ---- timestamp:2025-11-10T10:37:27.424Z}
{level:[32minfo[39m ---- message:[32m[2025-11-10T10:37:27.428Z] POST /api/user/refresh 200 - 498ms - IP: ::1-------undefined[39m ---- timestamp:2025-11-10T10:37:27.428Z}
{level:[32minfo[39m ---- message:[32m[2025-11-10T10:37:27.822Z] POST /api/user/refresh 200 - 377ms - IP: ::1-------undefined[39m ---- timestamp:2025-11-10T10:37:27.822Z}
{level:[32minfo[39m ---- message:[32m[2025-11-10T10:37:28.169Z] POST /api/user/refresh 200 - 123ms - IP: ::1-------undefined[39m ---- timestamp:2025-11-10T10:37:28.169Z}
{level:[32minfo[39m ---- message:[32m[2025-11-10T10:37:28.319Z] POST /api/user/refresh 200 - 275ms - IP: ::1-------undefined[39m ---- timestamp:2025-11-10T10:37:28.319Z}
{level:[32minfo[39m ---- message:[32m[2025-11-10T10:37:28.513Z] POST /api/user/refresh 200 - 327ms - IP: ::1-------undefined[39m ---- timestamp:2025-11-10T10:37:28.513Z}
{level:[32minfo[39m ---- message:[32m[2025-11-10T10:37:29.118Z] POST /api/user/refresh 200 - 333ms - IP: ::1-------undefined[39m ---- timestamp:2025-11-10T10:37:29.118Z}
{level:[32minfo[39m ---- message:[32m[2025-11-10T10:37:29.121Z] POST /api/user/refresh 200 - 334ms - IP: ::1-------undefined[39m ---- timestamp:2025-11-10T10:37:29.121Z}
{level:[32minfo[39m ---- message:[32m[2025-11-10T10:37:29.504Z] POST /api/user/refresh 200 - 365ms - IP: ::1-------undefined[39m ---- timestamp:2025-11-10T10:37:29.505Z}
{level:[32minfo[39m ---- message:[32m[2025-11-10T10:37:29.909Z] POST /api/user/refresh 200 - 223ms - IP: ::1-------undefined[39m ---- timestamp:2025-11-10T10:37:29.909Z}
{level:[32minfo[39m ---- message:[32m[2025-11-10T10:37:30.238Z] POST /api/user/refresh 200 - 312ms - IP: ::1-------undefined[39m ---- timestamp:2025-11-10T10:37:30.238Z}
{level:[32minfo[39m ---- message:[32m[2025-11-10T10:37:30.399Z] POST /api/user/refresh 200 - 716ms - IP: ::1-------undefined[39m ---- timestamp:2025-11-10T10:37:30.399Z}
{level:[32minfo[39m ---- message:[32m[2025-11-10T10:57:41.478Z] POST /api/user/refresh 200 - 179ms - IP: ::1-------undefined[39m ---- timestamp:2025-11-10T10:57:41.478Z}
{level:[32minfo[39m ---- message:[32m[2025-11-10T10:57:41.660Z] POST /api/user/refresh 200 - 366ms - IP: ::1-------undefined[39m ---- timestamp:2025-11-10T10:57:41.660Z}
{level:[32minfo[39m ---- message:[32m[2025-11-10T10:57:41.769Z] POST /api/user/refresh 200 - 263ms - IP: ::1-------undefined[39m ---- timestamp:2025-11-10T10:57:41.769Z}
