{"level":"info","message":" server is running, http://localhost:3000","timestamp":"2025-10-26T09:26:20.239Z"}
{"level":"info","message":"mongoDB connected: ac-8jqrmm4-shard-00-02.sygyztr.mongodb.net","timestamp":"2025-10-26T09:26:23.255Z"}
{"level":"debug","message":"error at Auth controller ","timestamp":"2025-10-26T09:26:39.053Z"}
{"level":"info","message":" server is running, http://localhost:3000","timestamp":"2025-10-26T17:30:07.920Z"}
{"level":"info","message":"mongoDB connected: ac-8jqrmm4-shard-00-02.sygyztr.mongodb.net","timestamp":"2025-10-26T17:30:11.006Z"}
{"level":"info","message":" server is running, http://localhost:3000","timestamp":"2025-10-26T17:30:33.633Z"}
{"level":"info","message":"mongoDB connected: ac-8jqrmm4-shard-00-02.sygyztr.mongodb.net","timestamp":"2025-10-26T17:30:34.358Z"}
{"level":"debug","message":"error at Auth controller ","timestamp":"2025-10-26T17:30:57.502Z"}
{"level":"error","message":"Maximum call stack size exceeded","stack":"RangeError: Maximum call stack size exceeded\n    at get value (file:///G:/CarryGo/CarryGo_/server/dist/Domain/ValueObjects/Email.valueObject.js:19:21)\n    at get value (file:///G:/CarryGo/CarryGo_/server/dist/Domain/ValueObjects/Email.valueObject.js:19:21)\n    at get value (file:///G:/CarryGo/CarryGo_/server/dist/Domain/ValueObjects/Email.valueObject.js:19:21)\n    at get value (file:///G:/CarryGo/CarryGo_/server/dist/Domain/ValueObjects/Email.valueObject.js:19:21)\n    at get value (file:///G:/CarryGo/CarryGo_/server/dist/Domain/ValueObjects/Email.valueObject.js:19:21)\n    at get value (file:///G:/CarryGo/CarryGo_/server/dist/Domain/ValueObjects/Email.valueObject.js:19:21)\n    at get value (file:///G:/CarryGo/CarryGo_/server/dist/Domain/ValueObjects/Email.valueObject.js:19:21)\n    at get value (file:///G:/CarryGo/CarryGo_/server/dist/Domain/ValueObjects/Email.valueObject.js:19:21)\n    at get value (file:///G:/CarryGo/CarryGo_/server/dist/Domain/ValueObjects/Email.valueObject.js:19:21)\n    at get value (file:///G:/CarryGo/CarryGo_/server/dist/Domain/ValueObjects/Email.valueObject.js:19:21)","timestamp":"2025-10-26T17:30:57.604Z"}
{"level":"info","message":"[2025-10-26T17:30:57.609Z] POST /api/user/send-otp 200 - 130ms - IP: ::1-------felwinshaji@gmail.com","timestamp":"2025-10-26T17:30:57.609Z"}
{"level":"info","message":" server is running, http://localhost:3000","timestamp":"2025-10-26T17:33:32.362Z"}
{"level":"info","message":"mongoDB connected: ac-8jqrmm4-shard-00-02.sygyztr.mongodb.net","timestamp":"2025-10-26T17:33:33.203Z"}
{"level":"debug","message":"error at Auth controller ","timestamp":"2025-10-26T17:33:41.069Z"}
{"code":"EENVELOPE","command":"MAIL FROM","level":"error","message":"Mail command failed: 530-5.7.0 Authentication Required. For more information, go to\n530 5.7.0  https://support.google.com/accounts/troubleshooter/2402620. d9443c01a7336-29498cf352esm54347785ad.17 - gsmtp","response":"530-5.7.0 Authentication Required. For more information, go to\n530 5.7.0  https://support.google.com/accounts/troubleshooter/2402620. d9443c01a7336-29498cf352esm54347785ad.17 - gsmtp","responseCode":530,"stack":"Error: Mail command failed: 530-5.7.0 Authentication Required. For more information, go to\n530 5.7.0  https://support.google.com/accounts/troubleshooter/2402620. d9443c01a7336-29498cf352esm54347785ad.17 - gsmtp\n    at SMTPConnection._formatError (G:\\CarryGo\\CarryGo_\\server\\node_modules\\nodemailer\\lib\\smtp-connection\\index.js:809:19)\n    at SMTPConnection._actionMAIL (G:\\CarryGo\\CarryGo_\\server\\node_modules\\nodemailer\\lib\\smtp-connection\\index.js:1625:34)\n    at SMTPConnection.<anonymous> (G:\\CarryGo\\CarryGo_\\server\\node_modules\\nodemailer\\lib\\smtp-connection\\index.js:1087:18)\n    at SMTPConnection._processResponse (G:\\CarryGo\\CarryGo_\\server\\node_modules\\nodemailer\\lib\\smtp-connection\\index.js:993:20)\n    at SMTPConnection._onData (G:\\CarryGo\\CarryGo_\\server\\node_modules\\nodemailer\\lib\\smtp-connection\\index.js:774:14)\n    at SMTPConnection._onSocketData (G:\\CarryGo\\CarryGo_\\server\\node_modules\\nodemailer\\lib\\smtp-connection\\index.js:195:44)\n    at TLSSocket.emit (node:events:508:28)\n    at addChunk (node:internal/streams/readable:559:12)\n    at readableAddChunkPushByteMode (node:internal/streams/readable:510:3)\n    at Readable.push (node:internal/streams/readable:390:5)","timestamp":"2025-10-26T17:33:43.377Z"}
{"level":"info","message":"[2025-10-26T17:33:43.382Z] POST /api/user/send-otp 200 - 2325ms - IP: ::1-------felwinshaji@gmail.com","timestamp":"2025-10-26T17:33:43.383Z"}
{"level":"debug","message":"error at Auth controller ","timestamp":"2025-10-26T17:42:32.494Z"}
{"code":"EENVELOPE","command":"MAIL FROM","level":"error","message":"Mail command failed: 530-5.7.0 Authentication Required. For more information, go to\n530 5.7.0  https://support.google.com/accounts/troubleshooter/2402620. d9443c01a7336-29498d0acecsm54584025ad.38 - gsmtp","response":"530-5.7.0 Authentication Required. For more information, go to\n530 5.7.0  https://support.google.com/accounts/troubleshooter/2402620. d9443c01a7336-29498d0acecsm54584025ad.38 - gsmtp","responseCode":530,"stack":"Error: Mail command failed: 530-5.7.0 Authentication Required. For more information, go to\n530 5.7.0  https://support.google.com/accounts/troubleshooter/2402620. d9443c01a7336-29498d0acecsm54584025ad.38 - gsmtp\n    at SMTPConnection._formatError (G:\\CarryGo\\CarryGo_\\server\\node_modules\\nodemailer\\lib\\smtp-connection\\index.js:809:19)\n    at SMTPConnection._actionMAIL (G:\\CarryGo\\CarryGo_\\server\\node_modules\\nodemailer\\lib\\smtp-connection\\index.js:1625:34)\n    at SMTPConnection.<anonymous> (G:\\CarryGo\\CarryGo_\\server\\node_modules\\nodemailer\\lib\\smtp-connection\\index.js:1087:18)\n    at SMTPConnection._processResponse (G:\\CarryGo\\CarryGo_\\server\\node_modules\\nodemailer\\lib\\smtp-connection\\index.js:993:20)\n    at SMTPConnection._onData (G:\\CarryGo\\CarryGo_\\server\\node_modules\\nodemailer\\lib\\smtp-connection\\index.js:774:14)\n    at SMTPConnection._onSocketData (G:\\CarryGo\\CarryGo_\\server\\node_modules\\nodemailer\\lib\\smtp-connection\\index.js:195:44)\n    at TLSSocket.emit (node:events:508:28)\n    at addChunk (node:internal/streams/readable:559:12)\n    at readableAddChunkPushByteMode (node:internal/streams/readable:510:3)\n    at Readable.push (node:internal/streams/readable:390:5)","timestamp":"2025-10-26T17:42:35.127Z"}
{"level":"info","message":"[2025-10-26T17:42:35.128Z] POST /api/user/send-otp 200 - 2635ms - IP: ::1-------felwinshaji@gmail.com","timestamp":"2025-10-26T17:42:35.128Z"}
{"level":"info","message":" server is running, http://localhost:3000","timestamp":"2025-10-26T17:45:10.829Z"}
{"level":"info","message":"mongoDB connected: ac-8jqrmm4-shard-00-00.sygyztr.mongodb.net","timestamp":"2025-10-26T17:45:11.683Z"}
{"level":"debug","message":"error at Auth controller ","timestamp":"2025-10-26T17:45:19.924Z"}
{"level":"info","message":"[2025-10-26T17:45:25.122Z] POST /api/user/send-otp 200 - 5211ms - IP: ::1-------felwinshaji@gmail.com","timestamp":"2025-10-26T17:45:25.123Z"}
{"level":"debug","message":"error at Auth controller ","timestamp":"2025-10-26T17:45:29.646Z"}
{"level":"info","message":" server is running, http://localhost:3000","timestamp":"2025-10-26T17:50:40.508Z"}
{"level":"info","message":"mongoDB connected: ac-8jqrmm4-shard-00-02.sygyztr.mongodb.net","timestamp":"2025-10-26T17:50:43.039Z"}
{"level":"debug","message":"error at Auth controller ","timestamp":"2025-10-26T17:50:46.569Z"}
{"level":"info","message":"[2025-10-26T17:50:51.000Z] POST /api/user/send-otp 200 - 4443ms - IP: ::1-------felwinshaji@gmail.com","timestamp":"2025-10-26T17:50:51.000Z"}
{"level":"debug","message":"error at Auth controller ","timestamp":"2025-10-26T17:51:01.937Z"}
