{"level":"info","message":" server is running, http://localhost:3000","timestamp":"2025-11-05T04:26:55.158Z"}
{"level":"info","message":"mongoDB connected: ac-8jqrmm4-shard-00-00.sygyztr.mongodb.net","timestamp":"2025-11-05T04:26:57.226Z"}
{"level":"info","message":"[2025-11-05T04:27:36.610Z] OPTIONS /api/user/send-otp 204 - 7ms - IP: ::1-------undefined","timestamp":"2025-11-05T04:27:36.610Z"}
{"level":"error","message":"User already registered","stack":"Error: User already registered\n    at SendOtpUseCase.execute (file:///G:/CarryGo/CarryGo/CarryGo-smart-parcel-delivery-Server/dist/Application/useCase/send-otp.usecase.js:34:23)\n    at process.processTicksAndRejections (node:internal/process/task_queues:105:5)\n    at async sendOtp (file:///G:/CarryGo/CarryGo/CarryGo-smart-parcel-delivery-Server/dist/Interface_Adapters/controllers/AuthController.js:35:28)","timestamp":"2025-11-05T04:27:37.389Z"}
{"level":"debug","message":"error at Auth controller ","timestamp":"2025-11-05T04:27:37.390Z"}
{"level":"info","message":"[2025-11-05T04:27:37.394Z] POST /api/user/send-otp 500 - 353ms - IP: ::1-------[object Object]","timestamp":"2025-11-05T04:27:37.394Z"}
{"level":"info","message":"[2025-11-05T04:29:19.200Z] OPTIONS /api/user/send-otp 204 - 1ms - IP: ::1-------undefined","timestamp":"2025-11-05T04:29:19.201Z"}
{"level":"error","message":"User already registered","stack":"Error: User already registered\n    at SendOtpUseCase.execute (file:///G:/CarryGo/CarryGo/CarryGo-smart-parcel-delivery-Server/dist/Application/useCase/send-otp.usecase.js:34:23)\n    at process.processTicksAndRejections (node:internal/process/task_queues:105:5)\n    at async sendOtp (file:///G:/CarryGo/CarryGo/CarryGo-smart-parcel-delivery-Server/dist/Interface_Adapters/controllers/AuthController.js:35:28)","timestamp":"2025-11-05T04:29:19.418Z"}
{"level":"debug","message":"error at Auth controller ","timestamp":"2025-11-05T04:29:19.419Z"}
{"level":"info","message":"[2025-11-05T04:29:19.421Z] POST /api/user/send-otp 500 - 214ms - IP: ::1-------[object Object]","timestamp":"2025-11-05T04:29:19.421Z"}
{"level":"info","message":"[2025-11-05T04:29:24.257Z] OPTIONS /api/user/send-otp 204 - 1ms - IP: ::1-------undefined","timestamp":"2025-11-05T04:29:24.257Z"}
{"level":"error","message":"User already registered","stack":"Error: User already registered\n    at SendOtpUseCase.execute (file:///G:/CarryGo/CarryGo/CarryGo-smart-parcel-delivery-Server/dist/Application/useCase/send-otp.usecase.js:34:23)\n    at process.processTicksAndRejections (node:internal/process/task_queues:105:5)\n    at async sendOtp (file:///G:/CarryGo/CarryGo/CarryGo-smart-parcel-delivery-Server/dist/Interface_Adapters/controllers/AuthController.js:35:28)","timestamp":"2025-11-05T04:29:24.489Z"}
{"level":"debug","message":"error at Auth controller ","timestamp":"2025-11-05T04:29:24.490Z"}
{"level":"info","message":"[2025-11-05T04:29:24.492Z] POST /api/user/send-otp 500 - 232ms - IP: ::1-------[object Object]","timestamp":"2025-11-05T04:29:24.492Z"}
{"level":"info","message":" server is running, http://localhost:3000","timestamp":"2025-11-05T04:31:40.403Z"}
{"level":"info","message":"mongoDB connected: ac-8jqrmm4-shard-00-01.sygyztr.mongodb.net","timestamp":"2025-11-05T04:31:43.044Z"}
{"level":"info","message":"[2025-11-05T04:31:51.115Z] OPTIONS /api/user/send-otp 204 - 7ms - IP: ::1-------undefined","timestamp":"2025-11-05T04:31:51.117Z"}
{"level":"error","message":"User already registered","stack":"Error: User already registered\n    at SendOtpUseCase.execute (file:///G:/CarryGo/CarryGo/CarryGo-smart-parcel-delivery-Server/dist/Application/useCase/send-otp.usecase.js:34:23)\n    at process.processTicksAndRejections (node:internal/process/task_queues:105:5)\n    at async sendOtp (file:///G:/CarryGo/CarryGo/CarryGo-smart-parcel-delivery-Server/dist/Interface_Adapters/controllers/AuthController.js:35:28)","timestamp":"2025-11-05T04:31:51.446Z"}
{"level":"info","message":"[2025-11-05T04:31:51.454Z] POST /api/user/send-otp 500 - 303ms - IP: ::1-------[object Object]","timestamp":"2025-11-05T04:31:51.454Z"}
{"level":"info","message":"[2025-11-05T04:32:20.587Z] OPTIONS /api/user/send-otp 204 - 1ms - IP: ::1-------undefined","timestamp":"2025-11-05T04:32:20.587Z"}
{"level":"error","message":"User already registered","stack":"Error: User already registered\n    at SendOtpUseCase.execute (file:///G:/CarryGo/CarryGo/CarryGo-smart-parcel-delivery-Server/dist/Application/useCase/send-otp.usecase.js:34:23)\n    at process.processTicksAndRejections (node:internal/process/task_queues:105:5)\n    at async sendOtp (file:///G:/CarryGo/CarryGo/CarryGo-smart-parcel-delivery-Server/dist/Interface_Adapters/controllers/AuthController.js:35:28)","timestamp":"2025-11-05T04:32:21.023Z"}
{"level":"info","message":"[2025-11-05T04:32:21.026Z] POST /api/user/send-otp 500 - 435ms - IP: ::1-------[object Object]","timestamp":"2025-11-05T04:32:21.026Z"}
{"level":"info","message":"[2025-11-05T04:32:35.831Z] OPTIONS /api/user/send-otp 204 - 1ms - IP: ::1-------undefined","timestamp":"2025-11-05T04:32:35.831Z"}
{"level":"error","message":"User already registered","stack":"Error: User already registered\n    at SendOtpUseCase.execute (file:///G:/CarryGo/CarryGo/CarryGo-smart-parcel-delivery-Server/dist/Application/useCase/send-otp.usecase.js:34:23)\n    at process.processTicksAndRejections (node:internal/process/task_queues:105:5)\n    at async sendOtp (file:///G:/CarryGo/CarryGo/CarryGo-smart-parcel-delivery-Server/dist/Interface_Adapters/controllers/AuthController.js:35:28)","timestamp":"2025-11-05T04:32:36.187Z"}
{"level":"info","message":"[2025-11-05T04:32:36.190Z] POST /api/user/send-otp 500 - 356ms - IP: ::1-------[object Object]","timestamp":"2025-11-05T04:32:36.190Z"}
{"level":"info","message":" server is running, http://localhost:3000","timestamp":"2025-11-05T04:34:10.599Z"}
{"level":"info","message":"mongoDB connected: ac-8jqrmm4-shard-00-00.sygyztr.mongodb.net","timestamp":"2025-11-05T04:34:12.038Z"}
{"level":"info","message":"[2025-11-05T04:34:18.674Z] OPTIONS /api/user/send-otp 204 - 10ms - IP: ::1-------undefined","timestamp":"2025-11-05T04:34:18.674Z"}
{"level":"error","message":"User already registered","stack":"Error: User already registered\n    at SendOtpUseCase.execute (file:///G:/CarryGo/CarryGo/CarryGo-smart-parcel-delivery-Server/dist/Application/useCase/send-otp.usecase.js:34:23)\n    at process.processTicksAndRejections (node:internal/process/task_queues:105:5)\n    at async sendOtp (file:///G:/CarryGo/CarryGo/CarryGo-smart-parcel-delivery-Server/dist/Interface_Adapters/controllers/AuthController.js:35:28)","timestamp":"2025-11-05T04:34:19.007Z"}
{"level":"info","message":"[2025-11-05T04:34:19.013Z] POST /api/user/send-otp 200 - 298ms - IP: ::1-------[object Object]","timestamp":"2025-11-05T04:34:19.013Z"}
{"level":"info","message":"[2025-11-05T04:34:50.417Z] OPTIONS /api/user/send-otp 204 - 1ms - IP: ::1-------undefined","timestamp":"2025-11-05T04:34:50.417Z"}
{"level":"error","message":"User already registered","stack":"Error: User already registered\n    at SendOtpUseCase.execute (file:///G:/CarryGo/CarryGo/CarryGo-smart-parcel-delivery-Server/dist/Application/useCase/send-otp.usecase.js:34:23)\n    at process.processTicksAndRejections (node:internal/process/task_queues:105:5)\n    at async sendOtp (file:///G:/CarryGo/CarryGo/CarryGo-smart-parcel-delivery-Server/dist/Interface_Adapters/controllers/AuthController.js:35:28)","timestamp":"2025-11-05T04:34:50.745Z"}
{"level":"info","message":"[2025-11-05T04:34:50.747Z] POST /api/user/send-otp 200 - 325ms - IP: ::1-------[object Object]","timestamp":"2025-11-05T04:34:50.748Z"}
{"level":"info","message":"[2025-11-05T04:35:28.598Z] OPTIONS /api/user/send-otp 204 - 1ms - IP: ::1-------undefined","timestamp":"2025-11-05T04:35:28.598Z"}
{"level":"error","message":"User already registered","stack":"Error: User already registered\n    at SendOtpUseCase.execute (file:///G:/CarryGo/CarryGo/CarryGo-smart-parcel-delivery-Server/dist/Application/useCase/send-otp.usecase.js:34:23)\n    at process.processTicksAndRejections (node:internal/process/task_queues:105:5)\n    at async sendOtp (file:///G:/CarryGo/CarryGo/CarryGo-smart-parcel-delivery-Server/dist/Interface_Adapters/controllers/AuthController.js:35:28)","timestamp":"2025-11-05T04:35:28.940Z"}
{"level":"info","message":"[2025-11-05T04:35:28.943Z] POST /api/user/send-otp 200 - 341ms - IP: ::1-------[object Object]","timestamp":"2025-11-05T04:35:28.943Z"}
{"level":"info","message":"[2025-11-05T04:36:24.707Z] OPTIONS /api/user/send-otp 204 - 1ms - IP: ::1-------undefined","timestamp":"2025-11-05T04:36:24.707Z"}
{"level":"error","message":"User already registered","stack":"Error: User already registered\n    at SendOtpUseCase.execute (file:///G:/CarryGo/CarryGo/CarryGo-smart-parcel-delivery-Server/dist/Application/useCase/send-otp.usecase.js:34:23)\n    at process.processTicksAndRejections (node:internal/process/task_queues:105:5)\n    at async sendOtp (file:///G:/CarryGo/CarryGo/CarryGo-smart-parcel-delivery-Server/dist/Interface_Adapters/controllers/AuthController.js:35:28)","timestamp":"2025-11-05T04:36:25.077Z"}
{"level":"info","message":"[2025-11-05T04:36:25.079Z] POST /api/user/send-otp 200 - 369ms - IP: ::1-------[object Object]","timestamp":"2025-11-05T04:36:25.079Z"}
{"level":"error","message":"User already registered","stack":"Error: User already registered\n    at SendOtpUseCase.execute (file:///G:/CarryGo/CarryGo/CarryGo-smart-parcel-delivery-Server/dist/Application/useCase/send-otp.usecase.js:34:23)\n    at process.processTicksAndRejections (node:internal/process/task_queues:105:5)\n    at async sendOtp (file:///G:/CarryGo/CarryGo/CarryGo-smart-parcel-delivery-Server/dist/Interface_Adapters/controllers/AuthController.js:35:28)","timestamp":"2025-11-05T04:36:27.220Z"}
{"level":"info","message":"[2025-11-05T04:36:27.222Z] POST /api/user/send-otp 200 - 291ms - IP: ::1-------[object Object]","timestamp":"2025-11-05T04:36:27.222Z"}
{"level":"error","message":"User already registered","stack":"Error: User already registered\n    at SendOtpUseCase.execute (file:///G:/CarryGo/CarryGo/CarryGo-smart-parcel-delivery-Server/dist/Application/useCase/send-otp.usecase.js:34:23)\n    at process.processTicksAndRejections (node:internal/process/task_queues:105:5)\n    at async sendOtp (file:///G:/CarryGo/CarryGo/CarryGo-smart-parcel-delivery-Server/dist/Interface_Adapters/controllers/AuthController.js:35:28)","timestamp":"2025-11-05T04:36:28.437Z"}
{"level":"info","message":"[2025-11-05T04:36:28.439Z] POST /api/user/send-otp 200 - 288ms - IP: ::1-------[object Object]","timestamp":"2025-11-05T04:36:28.439Z"}
{"level":"info","message":"[2025-11-05T04:36:29.902Z] OPTIONS /api/user/send-otp 204 - 1ms - IP: ::1-------undefined","timestamp":"2025-11-05T04:36:29.902Z"}
{"level":"error","message":"User already registered","stack":"Error: User already registered\n    at SendOtpUseCase.execute (file:///G:/CarryGo/CarryGo/CarryGo-smart-parcel-delivery-Server/dist/Application/useCase/send-otp.usecase.js:34:23)\n    at process.processTicksAndRejections (node:internal/process/task_queues:105:5)\n    at async sendOtp (file:///G:/CarryGo/CarryGo/CarryGo-smart-parcel-delivery-Server/dist/Interface_Adapters/controllers/AuthController.js:35:28)","timestamp":"2025-11-05T04:36:30.279Z"}
{"level":"info","message":"[2025-11-05T04:36:30.281Z] POST /api/user/send-otp 200 - 372ms - IP: ::1-------[object Object]","timestamp":"2025-11-05T04:36:30.281Z"}
{"level":"info","message":" server is running, http://localhost:3000","timestamp":"2025-11-05T04:37:17.095Z"}
{"level":"info","message":"mongoDB connected: ac-8jqrmm4-shard-00-01.sygyztr.mongodb.net","timestamp":"2025-11-05T04:37:18.310Z"}
{"level":"info","message":" server is running, http://localhost:3000","timestamp":"2025-11-05T04:39:41.793Z"}
{"level":"info","message":"mongoDB connected: ac-8jqrmm4-shard-00-01.sygyztr.mongodb.net","timestamp":"2025-11-05T04:39:44.642Z"}
{"level":"info","message":"[2025-11-05T04:39:50.654Z] OPTIONS /api/user/send-otp 204 - 7ms - IP: ::1-------undefined","timestamp":"2025-11-05T04:39:50.655Z"}
{"level":"error","message":"User already registered","stack":"Error: User already registered\n    at SendOtpUseCase.execute (file:///G:/CarryGo/CarryGo/CarryGo-smart-parcel-delivery-Server/dist/Application/useCase/send-otp.usecase.js:34:23)\n    at process.processTicksAndRejections (node:internal/process/task_queues:105:5)\n    at async sendOtp (file:///G:/CarryGo/CarryGo/CarryGo-smart-parcel-delivery-Server/dist/Interface_Adapters/controllers/AuthController.js:35:28)","timestamp":"2025-11-05T04:39:50.996Z"}
{"level":"info","message":"[2025-11-05T04:39:51.002Z] POST /api/user/send-otp 500 - 311ms - IP: ::1-------[object Object]","timestamp":"2025-11-05T04:39:51.002Z"}
{"level":"error","message":"User already registered","stack":"Error: User already registered\n    at SendOtpUseCase.execute (file:///G:/CarryGo/CarryGo/CarryGo-smart-parcel-delivery-Server/dist/Application/useCase/send-otp.usecase.js:34:23)\n    at process.processTicksAndRejections (node:internal/process/task_queues:105:5)\n    at async sendOtp (file:///G:/CarryGo/CarryGo/CarryGo-smart-parcel-delivery-Server/dist/Interface_Adapters/controllers/AuthController.js:35:28)","timestamp":"2025-11-05T04:39:53.035Z"}
{"level":"info","message":"[2025-11-05T04:39:53.037Z] POST /api/user/send-otp 500 - 264ms - IP: ::1-------[object Object]","timestamp":"2025-11-05T04:39:53.037Z"}
{"level":"info","message":" server is running, http://localhost:3000","timestamp":"2025-11-05T04:42:08.812Z"}
{"level":"info","message":"mongoDB connected: ac-8jqrmm4-shard-00-00.sygyztr.mongodb.net","timestamp":"2025-11-05T04:42:12.513Z"}
{"level":"info","message":"[2025-11-05T04:42:17.461Z] OPTIONS /api/user/send-otp 204 - 6ms - IP: ::1-------undefined","timestamp":"2025-11-05T04:42:17.462Z"}
{"level":"error","message":"User already registered","stack":"Error: User already registered\n    at SendOtpUseCase.execute (file:///G:/CarryGo/CarryGo/CarryGo-smart-parcel-delivery-Server/dist/Application/useCase/send-otp.usecase.js:34:23)\n    at process.processTicksAndRejections (node:internal/process/task_queues:105:5)\n    at async sendOtp (file:///G:/CarryGo/CarryGo/CarryGo-smart-parcel-delivery-Server/dist/Interface_Adapters/controllers/AuthController.js:35:28)","timestamp":"2025-11-05T04:42:18.456Z"}
{"level":"info","message":"[2025-11-05T04:42:18.461Z] POST /api/user/send-otp 500 - 958ms - IP: ::1-------[object Object]","timestamp":"2025-11-05T04:42:18.462Z"}
{"level":"info","message":" server is running, http://localhost:3000","timestamp":"2025-11-05T04:44:39.819Z"}
{"level":"info","message":"[2025-11-05T04:44:41.733Z] OPTIONS /api/user/send-otp 204 - 11ms - IP: ::1-------undefined","timestamp":"2025-11-05T04:44:41.734Z"}
{"level":"info","message":"mongoDB connected: ac-8jqrmm4-shard-00-02.sygyztr.mongodb.net","timestamp":"2025-11-05T04:44:42.429Z"}
{"level":"error","message":"User already registered","stack":"Error: User already registered\n    at SendOtpUseCase.execute (file:///G:/CarryGo/CarryGo/CarryGo-smart-parcel-delivery-Server/dist/Application/useCase/send-otp.usecase.js:34:23)\n    at process.processTicksAndRejections (node:internal/process/task_queues:105:5)\n    at async sendOtp (file:///G:/CarryGo/CarryGo/CarryGo-smart-parcel-delivery-Server/dist/Interface_Adapters/controllers/AuthController.js:35:28)","timestamp":"2025-11-05T04:44:42.640Z"}
{"level":"info","message":"[2025-11-05T04:44:42.644Z] POST /api/user/send-otp 500 - 861ms - IP: ::1-------[object Object]","timestamp":"2025-11-05T04:44:42.644Z"}
{"level":"info","message":" server is running, http://localhost:3000","timestamp":"2025-11-05T04:47:11.666Z"}
{"level":"info","message":"mongoDB connected: ac-8jqrmm4-shard-00-01.sygyztr.mongodb.net","timestamp":"2025-11-05T04:47:13.574Z"}
{"level":"info","message":"[2025-11-05T04:47:45.437Z] OPTIONS /api/user/send-otp 204 - 7ms - IP: ::1-------undefined","timestamp":"2025-11-05T04:47:45.438Z"}
{"level":"error","message":"User already registered","stack":"Error: User already registered\n    at SendOtpUseCase.execute (file:///G:/CarryGo/CarryGo/CarryGo-smart-parcel-delivery-Server/dist/Application/useCase/send-otp.usecase.js:34:23)\n    at process.processTicksAndRejections (node:internal/process/task_queues:105:5)\n    at async sendOtp (file:///G:/CarryGo/CarryGo/CarryGo-smart-parcel-delivery-Server/dist/Interface_Adapters/controllers/AuthController.js:35:28)","timestamp":"2025-11-05T04:47:46.007Z"}
{"level":"info","message":"[2025-11-05T04:47:46.017Z] POST /api/user/send-otp 500 - 536ms - IP: ::1-------[object Object]","timestamp":"2025-11-05T04:47:46.017Z"}
{"level":"info","message":"[2025-11-05T05:00:25.244Z] OPTIONS /api/user/send-otp 204 - 1ms - IP: ::1-------undefined","timestamp":"2025-11-05T05:00:25.244Z"}
{"level":"error","message":"User already registered","stack":"Error: User already registered\n    at SendOtpUseCase.execute (file:///G:/CarryGo/CarryGo/CarryGo-smart-parcel-delivery-Server/dist/Application/useCase/send-otp.usecase.js:34:23)\n    at process.processTicksAndRejections (node:internal/process/task_queues:105:5)\n    at async sendOtp (file:///G:/CarryGo/CarryGo/CarryGo-smart-parcel-delivery-Server/dist/Interface_Adapters/controllers/AuthController.js:35:28)","timestamp":"2025-11-05T05:00:25.656Z"}
{"level":"info","message":"[2025-11-05T05:00:25.659Z] POST /api/user/send-otp 500 - 411ms - IP: ::1-------[object Object]","timestamp":"2025-11-05T05:00:25.659Z"}
{"level":"info","message":" server is running, http://localhost:3000","timestamp":"2025-11-05T05:03:52.591Z"}
{"level":"info","message":"[2025-11-05T05:03:52.882Z] OPTIONS /api/user/send-otp 204 - 7ms - IP: ::1-------undefined","timestamp":"2025-11-05T05:03:52.883Z"}
{"level":"info","message":"mongoDB connected: ac-8jqrmm4-shard-00-01.sygyztr.mongodb.net","timestamp":"2025-11-05T05:03:56.301Z"}
{"level":"error","message":"User already registered","stack":"Error: User already registered\n    at SendOtpUseCase.execute (file:///G:/CarryGo/CarryGo/CarryGo-smart-parcel-delivery-Server/dist/Application/useCase/send-otp.usecase.js:34:23)\n    at process.processTicksAndRejections (node:internal/process/task_queues:105:5)\n    at async sendOtp (file:///G:/CarryGo/CarryGo/CarryGo-smart-parcel-delivery-Server/dist/Interface_Adapters/controllers/AuthController.js:35:28)","timestamp":"2025-11-05T05:03:56.418Z"}
{"level":"info","message":"[2025-11-05T05:03:56.423Z] POST /api/user/send-otp 500 - 3500ms - IP: ::1-------[object Object]","timestamp":"2025-11-05T05:03:56.424Z"}
{"level":"info","message":" server is running, http://localhost:3000","timestamp":"2025-11-05T05:09:40.459Z"}
{"level":"info","message":"mongoDB connected: ac-8jqrmm4-shard-00-02.sygyztr.mongodb.net","timestamp":"2025-11-05T05:09:42.727Z"}
{"level":"info","message":"[2025-11-05T05:09:45.378Z] OPTIONS /api/user/send-otp 204 - 9ms - IP: ::1-------undefined","timestamp":"2025-11-05T05:09:45.379Z"}
{"level":"error","message":"User already registered","stack":"Error: User already registered\n    at SendOtpUseCase.execute (file:///G:/CarryGo/CarryGo/CarryGo-smart-parcel-delivery-Server/dist/Application/useCase/send-otp.usecase.js:34:23)\n    at process.processTicksAndRejections (node:internal/process/task_queues:105:5)\n    at async sendOtp (file:///G:/CarryGo/CarryGo/CarryGo-smart-parcel-delivery-Server/dist/Interface_Adapters/controllers/AuthController.js:35:28)","timestamp":"2025-11-05T05:09:45.804Z"}
{"level":"info","message":"[2025-11-05T05:09:45.809Z] POST /api/user/send-otp 409 - 387ms - IP: ::1-------[object Object]","timestamp":"2025-11-05T05:09:45.809Z"}
{"level":"info","message":" server is running, http://localhost:3000","timestamp":"2025-11-05T05:10:48.041Z"}
{"level":"info","message":"mongoDB connected: ac-8jqrmm4-shard-00-01.sygyztr.mongodb.net","timestamp":"2025-11-05T05:10:50.342Z"}
{"level":"info","message":"[2025-11-05T05:10:53.616Z] OPTIONS /api/user/send-otp 204 - 7ms - IP: ::1-------undefined","timestamp":"2025-11-05T05:10:53.617Z"}
{"level":"error","message":"User already registered","stack":"Error: User already registered\n    at SendOtpUseCase.execute (file:///G:/CarryGo/CarryGo/CarryGo-smart-parcel-delivery-Server/dist/Application/useCase/send-otp.usecase.js:34:23)\n    at process.processTicksAndRejections (node:internal/process/task_queues:105:5)\n    at async sendOtp (file:///G:/CarryGo/CarryGo/CarryGo-smart-parcel-delivery-Server/dist/Interface_Adapters/controllers/AuthController.js:35:28)","timestamp":"2025-11-05T05:10:54.086Z"}
{"level":"info","message":"[2025-11-05T05:10:54.091Z] POST /api/user/send-otp 200 - 421ms - IP: ::1-------[object Object]","timestamp":"2025-11-05T05:10:54.091Z"}
{"level":"info","message":"[2025-11-05T05:11:19.640Z] OPTIONS /api/user/send-otp 204 - 1ms - IP: ::1-------undefined","timestamp":"2025-11-05T05:11:19.640Z"}
{"level":"error","message":"User already registered","stack":"Error: User already registered\n    at SendOtpUseCase.execute (file:///G:/CarryGo/CarryGo/CarryGo-smart-parcel-delivery-Server/dist/Application/useCase/send-otp.usecase.js:34:23)\n    at process.processTicksAndRejections (node:internal/process/task_queues:105:5)\n    at async sendOtp (file:///G:/CarryGo/CarryGo/CarryGo-smart-parcel-delivery-Server/dist/Interface_Adapters/controllers/AuthController.js:35:28)","timestamp":"2025-11-05T05:11:20.011Z"}
{"level":"info","message":"[2025-11-05T05:11:20.013Z] POST /api/user/send-otp 200 - 368ms - IP: ::1-------[object Object]","timestamp":"2025-11-05T05:11:20.013Z"}
{"level":"info","message":"[2025-11-05T05:43:39.431Z] OPTIONS /api/user/send-otp 204 - 1ms - IP: ::1-------undefined","timestamp":"2025-11-05T05:43:39.431Z"}
{"level":"error","message":"User already registered","stack":"Error: User already registered\n    at SendOtpUseCase.execute (file:///G:/CarryGo/CarryGo/CarryGo-smart-parcel-delivery-Server/dist/Application/useCase/send-otp.usecase.js:34:23)\n    at process.processTicksAndRejections (node:internal/process/task_queues:105:5)\n    at async sendOtp (file:///G:/CarryGo/CarryGo/CarryGo-smart-parcel-delivery-Server/dist/Interface_Adapters/controllers/AuthController.js:35:28)","timestamp":"2025-11-05T05:43:40.563Z"}
{"level":"info","message":"[2025-11-05T05:43:40.568Z] POST /api/user/send-otp 200 - 1134ms - IP: ::1-------[object Object]","timestamp":"2025-11-05T05:43:40.568Z"}
{"level":"error","message":"User already registered","stack":"Error: User already registered\n    at SendOtpUseCase.execute (file:///G:/CarryGo/CarryGo/CarryGo-smart-parcel-delivery-Server/dist/Application/useCase/send-otp.usecase.js:34:23)\n    at process.processTicksAndRejections (node:internal/process/task_queues:105:5)\n    at async sendOtp (file:///G:/CarryGo/CarryGo/CarryGo-smart-parcel-delivery-Server/dist/Interface_Adapters/controllers/AuthController.js:35:28)","timestamp":"2025-11-05T05:43:42.612Z"}
{"level":"info","message":"[2025-11-05T05:43:42.614Z] POST /api/user/send-otp 200 - 353ms - IP: ::1-------[object Object]","timestamp":"2025-11-05T05:43:42.614Z"}
{"level":"info","message":" server is running, http://localhost:3000","timestamp":"2025-11-05T05:44:55.989Z"}
{"level":"info","message":"mongoDB connected: ac-8jqrmm4-shard-00-01.sygyztr.mongodb.net","timestamp":"2025-11-05T05:45:01.363Z"}
{"level":"info","message":"[2025-11-05T05:45:04.773Z] OPTIONS /api/user/send-otp 204 - 9ms - IP: ::1-------undefined","timestamp":"2025-11-05T05:45:04.774Z"}
{"level":"error","message":"User already registered","stack":"Error: User already registered\n    at SendOtpUseCase.execute (file:///G:/CarryGo/CarryGo/CarryGo-smart-parcel-delivery-Server/dist/Application/useCase/send-otp.usecase.js:34:23)\n    at process.processTicksAndRejections (node:internal/process/task_queues:105:5)\n    at async sendOtp (file:///G:/CarryGo/CarryGo/CarryGo-smart-parcel-delivery-Server/dist/Interface_Adapters/controllers/AuthController.js:35:28)","timestamp":"2025-11-05T05:45:05.157Z"}
{"level":"info","message":"[2025-11-05T05:45:05.162Z] POST /api/user/send-otp 500 - 329ms - IP: ::1-------[object Object]","timestamp":"2025-11-05T05:45:05.162Z"}
{"level":"info","message":"[2025-11-05T05:45:44.917Z] OPTIONS /api/user/send-otp 204 - 1ms - IP: ::1-------undefined","timestamp":"2025-11-05T05:45:44.917Z"}
{"level":"error","message":"User already registered","stack":"Error: User already registered\n    at SendOtpUseCase.execute (file:///G:/CarryGo/CarryGo/CarryGo-smart-parcel-delivery-Server/dist/Application/useCase/send-otp.usecase.js:34:23)\n    at process.processTicksAndRejections (node:internal/process/task_queues:105:5)\n    at async sendOtp (file:///G:/CarryGo/CarryGo/CarryGo-smart-parcel-delivery-Server/dist/Interface_Adapters/controllers/AuthController.js:35:28)","timestamp":"2025-11-05T05:45:45.190Z"}
{"level":"info","message":"[2025-11-05T05:45:45.192Z] POST /api/user/send-otp 500 - 270ms - IP: ::1-------[object Object]","timestamp":"2025-11-05T05:45:45.192Z"}
{"level":"error","message":"User already registered","stack":"Error: User already registered\n    at SendOtpUseCase.execute (file:///G:/CarryGo/CarryGo/CarryGo-smart-parcel-delivery-Server/dist/Application/useCase/send-otp.usecase.js:34:23)\n    at process.processTicksAndRejections (node:internal/process/task_queues:105:5)\n    at async sendOtp (file:///G:/CarryGo/CarryGo/CarryGo-smart-parcel-delivery-Server/dist/Interface_Adapters/controllers/AuthController.js:35:28)","timestamp":"2025-11-05T05:45:47.237Z"}
{"level":"info","message":"[2025-11-05T05:45:47.240Z] POST /api/user/send-otp 500 - 366ms - IP: ::1-------[object Object]","timestamp":"2025-11-05T05:45:47.240Z"}
{"level":"info","message":"[2025-11-05T05:48:28.620Z] OPTIONS /api/user/send-otp 204 - 1ms - IP: ::1-------undefined","timestamp":"2025-11-05T05:48:28.621Z"}
{"level":"error","message":"User already registered","stack":"Error: User already registered\n    at SendOtpUseCase.execute (file:///G:/CarryGo/CarryGo/CarryGo-smart-parcel-delivery-Server/dist/Application/useCase/send-otp.usecase.js:34:23)\n    at process.processTicksAndRejections (node:internal/process/task_queues:105:5)\n    at async sendOtp (file:///G:/CarryGo/CarryGo/CarryGo-smart-parcel-delivery-Server/dist/Interface_Adapters/controllers/AuthController.js:35:28)","timestamp":"2025-11-05T05:48:29.136Z"}
{"level":"info","message":"[2025-11-05T05:48:29.137Z] POST /api/user/send-otp 500 - 513ms - IP: ::1-------[object Object]","timestamp":"2025-11-05T05:48:29.138Z"}
{"level":"error","message":"User already registered","stack":"Error: User already registered\n    at SendOtpUseCase.execute (file:///G:/CarryGo/CarryGo/CarryGo-smart-parcel-delivery-Server/dist/Application/useCase/send-otp.usecase.js:34:23)\n    at process.processTicksAndRejections (node:internal/process/task_queues:105:5)\n    at async sendOtp (file:///G:/CarryGo/CarryGo/CarryGo-smart-parcel-delivery-Server/dist/Interface_Adapters/controllers/AuthController.js:35:28)","timestamp":"2025-11-05T05:48:30.467Z"}
{"level":"info","message":"[2025-11-05T05:48:30.469Z] POST /api/user/send-otp 500 - 231ms - IP: ::1-------[object Object]","timestamp":"2025-11-05T05:48:30.469Z"}
{"level":"info","message":"[2025-11-05T05:48:34.063Z] OPTIONS /api/user/send-otp 204 - 1ms - IP: ::1-------undefined","timestamp":"2025-11-05T05:48:34.064Z"}
{"level":"error","message":"User already registered","stack":"Error: User already registered\n    at SendOtpUseCase.execute (file:///G:/CarryGo/CarryGo/CarryGo-smart-parcel-delivery-Server/dist/Application/useCase/send-otp.usecase.js:34:23)\n    at process.processTicksAndRejections (node:internal/process/task_queues:105:5)\n    at async sendOtp (file:///G:/CarryGo/CarryGo/CarryGo-smart-parcel-delivery-Server/dist/Interface_Adapters/controllers/AuthController.js:35:28)","timestamp":"2025-11-05T05:48:34.358Z"}
{"level":"info","message":"[2025-11-05T05:48:34.360Z] POST /api/user/send-otp 500 - 292ms - IP: ::1-------[object Object]","timestamp":"2025-11-05T05:48:34.360Z"}
{"level":"error","message":"User already registered","stack":"Error: User already registered\n    at SendOtpUseCase.execute (file:///G:/CarryGo/CarryGo/CarryGo-smart-parcel-delivery-Server/dist/Application/useCase/send-otp.usecase.js:34:23)\n    at process.processTicksAndRejections (node:internal/process/task_queues:105:5)\n    at async sendOtp (file:///G:/CarryGo/CarryGo/CarryGo-smart-parcel-delivery-Server/dist/Interface_Adapters/controllers/AuthController.js:35:28)","timestamp":"2025-11-05T05:48:35.471Z"}
{"level":"info","message":"[2025-11-05T05:48:35.474Z] POST /api/user/send-otp 500 - 938ms - IP: ::1-------[object Object]","timestamp":"2025-11-05T05:48:35.474Z"}
{"level":"info","message":"[2025-11-05T05:49:07.099Z] OPTIONS /api/user/send-otp 204 - 1ms - IP: ::1-------undefined","timestamp":"2025-11-05T05:49:07.099Z"}
{"level":"error","message":"User already registered","stack":"Error: User already registered\n    at SendOtpUseCase.execute (file:///G:/CarryGo/CarryGo/CarryGo-smart-parcel-delivery-Server/dist/Application/useCase/send-otp.usecase.js:34:23)\n    at process.processTicksAndRejections (node:internal/process/task_queues:105:5)\n    at async sendOtp (file:///G:/CarryGo/CarryGo/CarryGo-smart-parcel-delivery-Server/dist/Interface_Adapters/controllers/AuthController.js:35:28)","timestamp":"2025-11-05T05:49:07.615Z"}
{"level":"info","message":"[2025-11-05T05:49:07.617Z] POST /api/user/send-otp 500 - 514ms - IP: ::1-------[object Object]","timestamp":"2025-11-05T05:49:07.617Z"}
{"level":"error","message":"User already registered","stack":"Error: User already registered\n    at SendOtpUseCase.execute (file:///G:/CarryGo/CarryGo/CarryGo-smart-parcel-delivery-Server/dist/Application/useCase/send-otp.usecase.js:34:23)\n    at process.processTicksAndRejections (node:internal/process/task_queues:105:5)\n    at async sendOtp (file:///G:/CarryGo/CarryGo/CarryGo-smart-parcel-delivery-Server/dist/Interface_Adapters/controllers/AuthController.js:35:28)","timestamp":"2025-11-05T05:49:10.472Z"}
{"level":"info","message":"[2025-11-05T05:49:10.474Z] POST /api/user/send-otp 500 - 265ms - IP: ::1-------[object Object]","timestamp":"2025-11-05T05:49:10.474Z"}
{"level":"info","message":"[2025-11-05T05:50:36.374Z] OPTIONS /api/user/send-otp 204 - 1ms - IP: ::1-------undefined","timestamp":"2025-11-05T05:50:36.374Z"}
{"level":"error","message":"User already registered","stack":"Error: User already registered\n    at SendOtpUseCase.execute (file:///G:/CarryGo/CarryGo/CarryGo-smart-parcel-delivery-Server/dist/Application/useCase/send-otp.usecase.js:34:23)\n    at process.processTicksAndRejections (node:internal/process/task_queues:105:5)\n    at async sendOtp (file:///G:/CarryGo/CarryGo/CarryGo-smart-parcel-delivery-Server/dist/Interface_Adapters/controllers/AuthController.js:35:28)","timestamp":"2025-11-05T05:50:36.730Z"}
{"level":"info","message":"[2025-11-05T05:50:36.731Z] POST /api/user/send-otp 500 - 353ms - IP: ::1-------[object Object]","timestamp":"2025-11-05T05:50:36.731Z"}
{"level":"error","message":"User already registered","stack":"Error: User already registered\n    at SendOtpUseCase.execute (file:///G:/CarryGo/CarryGo/CarryGo-smart-parcel-delivery-Server/dist/Application/useCase/send-otp.usecase.js:34:23)\n    at process.processTicksAndRejections (node:internal/process/task_queues:105:5)\n    at async sendOtp (file:///G:/CarryGo/CarryGo/CarryGo-smart-parcel-delivery-Server/dist/Interface_Adapters/controllers/AuthController.js:35:28)","timestamp":"2025-11-05T05:50:38.564Z"}
{"level":"info","message":"[2025-11-05T05:50:38.566Z] POST /api/user/send-otp 500 - 342ms - IP: ::1-------[object Object]","timestamp":"2025-11-05T05:50:38.566Z"}
{"level":"error","message":"User already registered","stack":"Error: User already registered\n    at SendOtpUseCase.execute (file:///G:/CarryGo/CarryGo/CarryGo-smart-parcel-delivery-Server/dist/Application/useCase/send-otp.usecase.js:34:23)\n    at process.processTicksAndRejections (node:internal/process/task_queues:105:5)\n    at async sendOtp (file:///G:/CarryGo/CarryGo/CarryGo-smart-parcel-delivery-Server/dist/Interface_Adapters/controllers/AuthController.js:35:28)","timestamp":"2025-11-05T05:50:38.634Z"}
{"level":"info","message":"[2025-11-05T05:50:38.635Z] POST /api/user/send-otp 500 - 212ms - IP: ::1-------[object Object]","timestamp":"2025-11-05T05:50:38.635Z"}
{"level":"error","message":"User already registered","stack":"Error: User already registered\n    at SendOtpUseCase.execute (file:///G:/CarryGo/CarryGo/CarryGo-smart-parcel-delivery-Server/dist/Application/useCase/send-otp.usecase.js:34:23)\n    at process.processTicksAndRejections (node:internal/process/task_queues:105:5)\n    at async sendOtp (file:///G:/CarryGo/CarryGo/CarryGo-smart-parcel-delivery-Server/dist/Interface_Adapters/controllers/AuthController.js:35:28)","timestamp":"2025-11-05T05:50:38.879Z"}
{"level":"info","message":"[2025-11-05T05:50:38.881Z] POST /api/user/send-otp 500 - 296ms - IP: ::1-------[object Object]","timestamp":"2025-11-05T05:50:38.881Z"}
{"level":"error","message":"User already registered","stack":"Error: User already registered\n    at SendOtpUseCase.execute (file:///G:/CarryGo/CarryGo/CarryGo-smart-parcel-delivery-Server/dist/Application/useCase/send-otp.usecase.js:34:23)\n    at process.processTicksAndRejections (node:internal/process/task_queues:105:5)\n    at async sendOtp (file:///G:/CarryGo/CarryGo/CarryGo-smart-parcel-delivery-Server/dist/Interface_Adapters/controllers/AuthController.js:35:28)","timestamp":"2025-11-05T05:50:39.084Z"}
{"level":"info","message":"[2025-11-05T05:50:39.086Z] POST /api/user/send-otp 500 - 330ms - IP: ::1-------[object Object]","timestamp":"2025-11-05T05:50:39.086Z"}
{"level":"error","message":"User already registered","stack":"Error: User already registered\n    at SendOtpUseCase.execute (file:///G:/CarryGo/CarryGo/CarryGo-smart-parcel-delivery-Server/dist/Application/useCase/send-otp.usecase.js:34:23)\n    at process.processTicksAndRejections (node:internal/process/task_queues:105:5)\n    at async sendOtp (file:///G:/CarryGo/CarryGo/CarryGo-smart-parcel-delivery-Server/dist/Interface_Adapters/controllers/AuthController.js:35:28)","timestamp":"2025-11-05T05:50:39.289Z"}
{"level":"info","message":"[2025-11-05T05:50:39.291Z] POST /api/user/send-otp 500 - 326ms - IP: ::1-------[object Object]","timestamp":"2025-11-05T05:50:39.291Z"}
{"level":"error","message":"User already registered","stack":"Error: User already registered\n    at SendOtpUseCase.execute (file:///G:/CarryGo/CarryGo/CarryGo-smart-parcel-delivery-Server/dist/Application/useCase/send-otp.usecase.js:34:23)\n    at process.processTicksAndRejections (node:internal/process/task_queues:105:5)\n    at async sendOtp (file:///G:/CarryGo/CarryGo/CarryGo-smart-parcel-delivery-Server/dist/Interface_Adapters/controllers/AuthController.js:35:28)","timestamp":"2025-11-05T05:50:39.489Z"}
{"level":"info","message":"[2025-11-05T05:50:39.490Z] POST /api/user/send-otp 500 - 323ms - IP: ::1-------[object Object]","timestamp":"2025-11-05T05:50:39.490Z"}
{"level":"error","message":"User already registered","stack":"Error: User already registered\n    at SendOtpUseCase.execute (file:///G:/CarryGo/CarryGo/CarryGo-smart-parcel-delivery-Server/dist/Application/useCase/send-otp.usecase.js:34:23)\n    at process.processTicksAndRejections (node:internal/process/task_queues:105:5)\n    at async sendOtp (file:///G:/CarryGo/CarryGo/CarryGo-smart-parcel-delivery-Server/dist/Interface_Adapters/controllers/AuthController.js:35:28)","timestamp":"2025-11-05T05:50:39.553Z"}
{"level":"info","message":"[2025-11-05T05:50:39.554Z] POST /api/user/send-otp 500 - 227ms - IP: ::1-------[object Object]","timestamp":"2025-11-05T05:50:39.555Z"}
{"level":"error","message":"User already registered","stack":"Error: User already registered\n    at SendOtpUseCase.execute (file:///G:/CarryGo/CarryGo/CarryGo-smart-parcel-delivery-Server/dist/Application/useCase/send-otp.usecase.js:34:23)\n    at process.processTicksAndRejections (node:internal/process/task_queues:105:5)\n    at async sendOtp (file:///G:/CarryGo/CarryGo/CarryGo-smart-parcel-delivery-Server/dist/Interface_Adapters/controllers/AuthController.js:35:28)","timestamp":"2025-11-05T05:50:39.801Z"}
{"level":"info","message":"[2025-11-05T05:50:39.803Z] POST /api/user/send-otp 500 - 306ms - IP: ::1-------[object Object]","timestamp":"2025-11-05T05:50:39.803Z"}
{"level":"error","message":"User already registered","stack":"Error: User already registered\n    at SendOtpUseCase.execute (file:///G:/CarryGo/CarryGo/CarryGo-smart-parcel-delivery-Server/dist/Application/useCase/send-otp.usecase.js:34:23)\n    at process.processTicksAndRejections (node:internal/process/task_queues:105:5)\n    at async sendOtp (file:///G:/CarryGo/CarryGo/CarryGo-smart-parcel-delivery-Server/dist/Interface_Adapters/controllers/AuthController.js:35:28)","timestamp":"2025-11-05T05:50:40.005Z"}
{"level":"info","message":"[2025-11-05T05:50:40.008Z] POST /api/user/send-otp 500 - 268ms - IP: ::1-------[object Object]","timestamp":"2025-11-05T05:50:40.008Z"}
{"level":"info","message":"[2025-11-05T05:51:14.264Z] OPTIONS /api/user/send-otp 204 - 1ms - IP: ::1-------undefined","timestamp":"2025-11-05T05:51:14.264Z"}
{"level":"error","message":"User already registered","stack":"Error: User already registered\n    at SendOtpUseCase.execute (file:///G:/CarryGo/CarryGo/CarryGo-smart-parcel-delivery-Server/dist/Application/useCase/send-otp.usecase.js:34:23)\n    at process.processTicksAndRejections (node:internal/process/task_queues:105:5)\n    at async sendOtp (file:///G:/CarryGo/CarryGo/CarryGo-smart-parcel-delivery-Server/dist/Interface_Adapters/controllers/AuthController.js:35:28)","timestamp":"2025-11-05T05:51:14.618Z"}
{"level":"info","message":"[2025-11-05T05:51:14.619Z] POST /api/user/send-otp 500 - 351ms - IP: ::1-------[object Object]","timestamp":"2025-11-05T05:51:14.620Z"}
{"level":"error","message":"User already registered","stack":"Error: User already registered\n    at SendOtpUseCase.execute (file:///G:/CarryGo/CarryGo/CarryGo-smart-parcel-delivery-Server/dist/Application/useCase/send-otp.usecase.js:34:23)\n    at process.processTicksAndRejections (node:internal/process/task_queues:105:5)\n    at async sendOtp (file:///G:/CarryGo/CarryGo/CarryGo-smart-parcel-delivery-Server/dist/Interface_Adapters/controllers/AuthController.js:35:28)","timestamp":"2025-11-05T05:51:16.156Z"}
{"level":"info","message":"[2025-11-05T05:51:16.158Z] POST /api/user/send-otp 500 - 441ms - IP: ::1-------[object Object]","timestamp":"2025-11-05T05:51:16.158Z"}
{"level":"error","message":"User already registered","stack":"Error: User already registered\n    at SendOtpUseCase.execute (file:///G:/CarryGo/CarryGo/CarryGo-smart-parcel-delivery-Server/dist/Application/useCase/send-otp.usecase.js:34:23)\n    at process.processTicksAndRejections (node:internal/process/task_queues:105:5)\n    at async sendOtp (file:///G:/CarryGo/CarryGo/CarryGo-smart-parcel-delivery-Server/dist/Interface_Adapters/controllers/AuthController.js:35:28)","timestamp":"2025-11-05T05:51:17.088Z"}
{"level":"info","message":"[2025-11-05T05:51:17.090Z] POST /api/user/send-otp 500 - 347ms - IP: ::1-------[object Object]","timestamp":"2025-11-05T05:51:17.090Z"}
{"level":"error","message":"User already registered","stack":"Error: User already registered\n    at SendOtpUseCase.execute (file:///G:/CarryGo/CarryGo/CarryGo-smart-parcel-delivery-Server/dist/Application/useCase/send-otp.usecase.js:34:23)\n    at process.processTicksAndRejections (node:internal/process/task_queues:105:5)\n    at async sendOtp (file:///G:/CarryGo/CarryGo/CarryGo-smart-parcel-delivery-Server/dist/Interface_Adapters/controllers/AuthController.js:35:28)","timestamp":"2025-11-05T05:51:17.158Z"}
{"level":"info","message":"[2025-11-05T05:51:17.159Z] POST /api/user/send-otp 500 - 226ms - IP: ::1-------[object Object]","timestamp":"2025-11-05T05:51:17.159Z"}
{"level":"error","message":"User already registered","stack":"Error: User already registered\n    at SendOtpUseCase.execute (file:///G:/CarryGo/CarryGo/CarryGo-smart-parcel-delivery-Server/dist/Application/useCase/send-otp.usecase.js:34:23)\n    at process.processTicksAndRejections (node:internal/process/task_queues:105:5)\n    at async sendOtp (file:///G:/CarryGo/CarryGo/CarryGo-smart-parcel-delivery-Server/dist/Interface_Adapters/controllers/AuthController.js:35:28)","timestamp":"2025-11-05T05:51:17.382Z"}
{"level":"info","message":"[2025-11-05T05:51:17.384Z] POST /api/user/send-otp 500 - 264ms - IP: ::1-------[object Object]","timestamp":"2025-11-05T05:51:17.384Z"}
{"level":"error","message":"User already registered","stack":"Error: User already registered\n    at SendOtpUseCase.execute (file:///G:/CarryGo/CarryGo/CarryGo-smart-parcel-delivery-Server/dist/Application/useCase/send-otp.usecase.js:34:23)\n    at process.processTicksAndRejections (node:internal/process/task_queues:105:5)\n    at async sendOtp (file:///G:/CarryGo/CarryGo/CarryGo-smart-parcel-delivery-Server/dist/Interface_Adapters/controllers/AuthController.js:35:28)","timestamp":"2025-11-05T05:51:17.588Z"}
{"level":"info","message":"[2025-11-05T05:51:17.589Z] POST /api/user/send-otp 500 - 293ms - IP: ::1-------[object Object]","timestamp":"2025-11-05T05:51:17.589Z"}
{"level":"error","message":"User already registered","stack":"Error: User already registered\n    at SendOtpUseCase.execute (file:///G:/CarryGo/CarryGo/CarryGo-smart-parcel-delivery-Server/dist/Application/useCase/send-otp.usecase.js:34:23)\n    at process.processTicksAndRejections (node:internal/process/task_queues:105:5)\n    at async sendOtp (file:///G:/CarryGo/CarryGo/CarryGo-smart-parcel-delivery-Server/dist/Interface_Adapters/controllers/AuthController.js:35:28)","timestamp":"2025-11-05T05:51:17.689Z"}
{"level":"info","message":"[2025-11-05T05:51:17.691Z] POST /api/user/send-otp 500 - 220ms - IP: ::1-------[object Object]","timestamp":"2025-11-05T05:51:17.691Z"}
{"level":"error","message":"User already registered","stack":"Error: User already registered\n    at SendOtpUseCase.execute (file:///G:/CarryGo/CarryGo/CarryGo-smart-parcel-delivery-Server/dist/Application/useCase/send-otp.usecase.js:34:23)\n    at process.processTicksAndRejections (node:internal/process/task_queues:105:5)\n    at async sendOtp (file:///G:/CarryGo/CarryGo/CarryGo-smart-parcel-delivery-Server/dist/Interface_Adapters/controllers/AuthController.js:35:28)","timestamp":"2025-11-05T05:51:17.971Z"}
{"level":"info","message":"[2025-11-05T05:51:17.972Z] POST /api/user/send-otp 500 - 274ms - IP: ::1-------[object Object]","timestamp":"2025-11-05T05:51:17.972Z"}
{"level":"error","message":"User already registered","stack":"Error: User already registered\n    at SendOtpUseCase.execute (file:///G:/CarryGo/CarryGo/CarryGo-smart-parcel-delivery-Server/dist/Application/useCase/send-otp.usecase.js:34:23)\n    at process.processTicksAndRejections (node:internal/process/task_queues:105:5)\n    at async sendOtp (file:///G:/CarryGo/CarryGo/CarryGo-smart-parcel-delivery-Server/dist/Interface_Adapters/controllers/AuthController.js:35:28)","timestamp":"2025-11-05T05:51:18.035Z"}
{"level":"info","message":"[2025-11-05T05:51:18.036Z] POST /api/user/send-otp 500 - 212ms - IP: ::1-------[object Object]","timestamp":"2025-11-05T05:51:18.036Z"}
{"level":"error","message":"User already registered","stack":"Error: User already registered\n    at SendOtpUseCase.execute (file:///G:/CarryGo/CarryGo/CarryGo-smart-parcel-delivery-Server/dist/Application/useCase/send-otp.usecase.js:34:23)\n    at process.processTicksAndRejections (node:internal/process/task_queues:105:5)\n    at async sendOtp (file:///G:/CarryGo/CarryGo/CarryGo-smart-parcel-delivery-Server/dist/Interface_Adapters/controllers/AuthController.js:35:28)","timestamp":"2025-11-05T05:51:18.611Z"}
{"level":"info","message":"[2025-11-05T05:51:18.612Z] POST /api/user/send-otp 500 - 412ms - IP: ::1-------[object Object]","timestamp":"2025-11-05T05:51:18.612Z"}
{"level":"error","message":"User already registered","stack":"Error: User already registered\n    at SendOtpUseCase.execute (file:///G:/CarryGo/CarryGo/CarryGo-smart-parcel-delivery-Server/dist/Application/useCase/send-otp.usecase.js:34:23)\n    at process.processTicksAndRejections (node:internal/process/task_queues:105:5)\n    at async sendOtp (file:///G:/CarryGo/CarryGo/CarryGo-smart-parcel-delivery-Server/dist/Interface_Adapters/controllers/AuthController.js:35:28)","timestamp":"2025-11-05T05:51:18.714Z"}
{"level":"info","message":"[2025-11-05T05:51:18.715Z] POST /api/user/send-otp 500 - 377ms - IP: ::1-------[object Object]","timestamp":"2025-11-05T05:51:18.715Z"}
{"level":"error","message":"User already registered","stack":"Error: User already registered\n    at SendOtpUseCase.execute (file:///G:/CarryGo/CarryGo/CarryGo-smart-parcel-delivery-Server/dist/Application/useCase/send-otp.usecase.js:34:23)\n    at process.processTicksAndRejections (node:internal/process/task_queues:105:5)\n    at async sendOtp (file:///G:/CarryGo/CarryGo/CarryGo-smart-parcel-delivery-Server/dist/Interface_Adapters/controllers/AuthController.js:35:28)","timestamp":"2025-11-05T05:51:18.718Z"}
{"level":"info","message":"[2025-11-05T05:51:18.719Z] POST /api/user/send-otp 500 - 214ms - IP: ::1-------[object Object]","timestamp":"2025-11-05T05:51:18.719Z"}
{"level":"error","message":"User already registered","stack":"Error: User already registered\n    at SendOtpUseCase.execute (file:///G:/CarryGo/CarryGo/CarryGo-smart-parcel-delivery-Server/dist/Application/useCase/send-otp.usecase.js:34:23)\n    at process.processTicksAndRejections (node:internal/process/task_queues:105:5)\n    at async sendOtp (file:///G:/CarryGo/CarryGo/CarryGo-smart-parcel-delivery-Server/dist/Interface_Adapters/controllers/AuthController.js:35:28)","timestamp":"2025-11-05T05:51:19.021Z"}
{"level":"info","message":"[2025-11-05T05:51:19.023Z] POST /api/user/send-otp 500 - 265ms - IP: ::1-------[object Object]","timestamp":"2025-11-05T05:51:19.023Z"}
{"level":"info","message":"[2025-11-05T05:51:19.276Z] OPTIONS /api/user/send-otp 204 - 1ms - IP: ::1-------undefined","timestamp":"2025-11-05T05:51:19.276Z"}
{"level":"error","message":"User already registered","stack":"Error: User already registered\n    at SendOtpUseCase.execute (file:///G:/CarryGo/CarryGo/CarryGo-smart-parcel-delivery-Server/dist/Application/useCase/send-otp.usecase.js:34:23)\n    at process.processTicksAndRejections (node:internal/process/task_queues:105:5)\n    at async sendOtp (file:///G:/CarryGo/CarryGo/CarryGo-smart-parcel-delivery-Server/dist/Interface_Adapters/controllers/AuthController.js:35:28)","timestamp":"2025-11-05T05:51:19.329Z"}
{"level":"info","message":"[2025-11-05T05:51:19.331Z] POST /api/user/send-otp 500 - 238ms - IP: ::1-------[object Object]","timestamp":"2025-11-05T05:51:19.331Z"}
{"level":"error","message":"User already registered","stack":"Error: User already registered\n    at SendOtpUseCase.execute (file:///G:/CarryGo/CarryGo/CarryGo-smart-parcel-delivery-Server/dist/Application/useCase/send-otp.usecase.js:34:23)\n    at process.processTicksAndRejections (node:internal/process/task_queues:105:5)\n    at async sendOtp (file:///G:/CarryGo/CarryGo/CarryGo-smart-parcel-delivery-Server/dist/Interface_Adapters/controllers/AuthController.js:35:28)","timestamp":"2025-11-05T05:51:19.333Z"}
{"level":"info","message":"[2025-11-05T05:51:19.335Z] POST /api/user/send-otp 500 - 428ms - IP: ::1-------[object Object]","timestamp":"2025-11-05T05:51:19.335Z"}
{"level":"error","message":"User already registered","stack":"Error: User already registered\n    at SendOtpUseCase.execute (file:///G:/CarryGo/CarryGo/CarryGo-smart-parcel-delivery-Server/dist/Application/useCase/send-otp.usecase.js:34:23)\n    at process.processTicksAndRejections (node:internal/process/task_queues:105:5)\n    at async sendOtp (file:///G:/CarryGo/CarryGo/CarryGo-smart-parcel-delivery-Server/dist/Interface_Adapters/controllers/AuthController.js:35:28)","timestamp":"2025-11-05T05:51:19.533Z"}
{"level":"info","message":"[2025-11-05T05:51:19.535Z] POST /api/user/send-otp 500 - 257ms - IP: ::1-------[object Object]","timestamp":"2025-11-05T05:51:19.536Z"}
{"level":"error","message":"User already registered","stack":"Error: User already registered\n    at SendOtpUseCase.execute (file:///G:/CarryGo/CarryGo/CarryGo-smart-parcel-delivery-Server/dist/Application/useCase/send-otp.usecase.js:34:23)\n    at process.processTicksAndRejections (node:internal/process/task_queues:105:5)\n    at async sendOtp (file:///G:/CarryGo/CarryGo/CarryGo-smart-parcel-delivery-Server/dist/Interface_Adapters/controllers/AuthController.js:35:28)","timestamp":"2025-11-05T05:51:19.738Z"}
{"level":"info","message":"[2025-11-05T05:51:19.739Z] POST /api/user/send-otp 500 - 237ms - IP: ::1-------[object Object]","timestamp":"2025-11-05T05:51:19.739Z"}
{"level":"error","message":"User already registered","stack":"Error: User already registered\n    at SendOtpUseCase.execute (file:///G:/CarryGo/CarryGo/CarryGo-smart-parcel-delivery-Server/dist/Application/useCase/send-otp.usecase.js:34:23)\n    at process.processTicksAndRejections (node:internal/process/task_queues:105:5)\n    at async sendOtp (file:///G:/CarryGo/CarryGo/CarryGo-smart-parcel-delivery-Server/dist/Interface_Adapters/controllers/AuthController.js:35:28)","timestamp":"2025-11-05T05:51:20.069Z"}
{"level":"info","message":"[2025-11-05T05:51:20.071Z] POST /api/user/send-otp 500 - 372ms - IP: ::1-------[object Object]","timestamp":"2025-11-05T05:51:20.071Z"}
{"level":"error","message":"User already registered","stack":"Error: User already registered\n    at SendOtpUseCase.execute (file:///G:/CarryGo/CarryGo/CarryGo-smart-parcel-delivery-Server/dist/Application/useCase/send-otp.usecase.js:34:23)\n    at process.processTicksAndRejections (node:internal/process/task_queues:105:5)\n    at async sendOtp (file:///G:/CarryGo/CarryGo/CarryGo-smart-parcel-delivery-Server/dist/Interface_Adapters/controllers/AuthController.js:35:28)","timestamp":"2025-11-05T05:51:20.147Z"}
{"level":"info","message":"[2025-11-05T05:51:20.148Z] POST /api/user/send-otp 500 - 336ms - IP: ::1-------[object Object]","timestamp":"2025-11-05T05:51:20.148Z"}
{"level":"error","message":"User already registered","stack":"Error: User already registered\n    at SendOtpUseCase.execute (file:///G:/CarryGo/CarryGo/CarryGo-smart-parcel-delivery-Server/dist/Application/useCase/send-otp.usecase.js:34:23)\n    at process.processTicksAndRejections (node:internal/process/task_queues:105:5)\n    at async sendOtp (file:///G:/CarryGo/CarryGo/CarryGo-smart-parcel-delivery-Server/dist/Interface_Adapters/controllers/AuthController.js:35:28)","timestamp":"2025-11-05T05:51:20.212Z"}
{"level":"info","message":"[2025-11-05T05:51:20.214Z] POST /api/user/send-otp 500 - 233ms - IP: ::1-------[object Object]","timestamp":"2025-11-05T05:51:20.214Z"}
{"level":"error","message":"User already registered","stack":"Error: User already registered\n    at SendOtpUseCase.execute (file:///G:/CarryGo/CarryGo/CarryGo-smart-parcel-delivery-Server/dist/Application/useCase/send-otp.usecase.js:34:23)\n    at process.processTicksAndRejections (node:internal/process/task_queues:105:5)\n    at async sendOtp (file:///G:/CarryGo/CarryGo/CarryGo-smart-parcel-delivery-Server/dist/Interface_Adapters/controllers/AuthController.js:35:28)","timestamp":"2025-11-05T05:51:20.532Z"}
{"level":"info","message":"[2025-11-05T05:51:20.533Z] POST /api/user/send-otp 500 - 203ms - IP: ::1-------[object Object]","timestamp":"2025-11-05T05:51:20.533Z"}
{"level":"error","message":"User already registered","stack":"Error: User already registered\n    at SendOtpUseCase.execute (file:///G:/CarryGo/CarryGo/CarryGo-smart-parcel-delivery-Server/dist/Application/useCase/send-otp.usecase.js:34:23)\n    at process.processTicksAndRejections (node:internal/process/task_queues:105:5)\n    at async sendOtp (file:///G:/CarryGo/CarryGo/CarryGo-smart-parcel-delivery-Server/dist/Interface_Adapters/controllers/AuthController.js:35:28)","timestamp":"2025-11-05T05:51:20.584Z"}
{"level":"info","message":"[2025-11-05T05:51:20.586Z] POST /api/user/send-otp 500 - 217ms - IP: ::1-------[object Object]","timestamp":"2025-11-05T05:51:20.586Z"}
{"level":"error","message":"User already registered","stack":"Error: User already registered\n    at SendOtpUseCase.execute (file:///G:/CarryGo/CarryGo/CarryGo-smart-parcel-delivery-Server/dist/Application/useCase/send-otp.usecase.js:34:23)\n    at process.processTicksAndRejections (node:internal/process/task_queues:105:5)\n    at async sendOtp (file:///G:/CarryGo/CarryGo/CarryGo-smart-parcel-delivery-Server/dist/Interface_Adapters/controllers/AuthController.js:35:28)","timestamp":"2025-11-05T05:51:20.864Z"}
{"level":"info","message":"[2025-11-05T05:51:20.866Z] POST /api/user/send-otp 500 - 278ms - IP: ::1-------[object Object]","timestamp":"2025-11-05T05:51:20.866Z"}
{"level":"error","message":"User already registered","stack":"Error: User already registered\n    at SendOtpUseCase.execute (file:///G:/CarryGo/CarryGo/CarryGo-smart-parcel-delivery-Server/dist/Application/useCase/send-otp.usecase.js:34:23)\n    at process.processTicksAndRejections (node:internal/process/task_queues:105:5)\n    at async sendOtp (file:///G:/CarryGo/CarryGo/CarryGo-smart-parcel-delivery-Server/dist/Interface_Adapters/controllers/AuthController.js:35:28)","timestamp":"2025-11-05T05:51:21.072Z"}
{"level":"info","message":"[2025-11-05T05:51:21.073Z] POST /api/user/send-otp 500 - 273ms - IP: ::1-------[object Object]","timestamp":"2025-11-05T05:51:21.074Z"}
{"level":"error","message":"User already registered","stack":"Error: User already registered\n    at SendOtpUseCase.execute (file:///G:/CarryGo/CarryGo/CarryGo-smart-parcel-delivery-Server/dist/Application/useCase/send-otp.usecase.js:34:23)\n    at process.processTicksAndRejections (node:internal/process/task_queues:105:5)\n    at async sendOtp (file:///G:/CarryGo/CarryGo/CarryGo-smart-parcel-delivery-Server/dist/Interface_Adapters/controllers/AuthController.js:35:28)","timestamp":"2025-11-05T05:51:21.378Z"}
{"level":"info","message":"[2025-11-05T05:51:21.379Z] POST /api/user/send-otp 500 - 338ms - IP: ::1-------[object Object]","timestamp":"2025-11-05T05:51:21.379Z"}
{"level":"error","message":"User already registered","stack":"Error: User already registered\n    at SendOtpUseCase.execute (file:///G:/CarryGo/CarryGo/CarryGo-smart-parcel-delivery-Server/dist/Application/useCase/send-otp.usecase.js:34:23)\n    at process.processTicksAndRejections (node:internal/process/task_queues:105:5)\n    at async sendOtp (file:///G:/CarryGo/CarryGo/CarryGo-smart-parcel-delivery-Server/dist/Interface_Adapters/controllers/AuthController.js:35:28)","timestamp":"2025-11-05T05:51:21.584Z"}
{"level":"info","message":"[2025-11-05T05:51:21.585Z] POST /api/user/send-otp 500 - 484ms - IP: ::1-------[object Object]","timestamp":"2025-11-05T05:51:21.585Z"}
{"level":"error","message":"User already registered","stack":"Error: User already registered\n    at SendOtpUseCase.execute (file:///G:/CarryGo/CarryGo/CarryGo-smart-parcel-delivery-Server/dist/Application/useCase/send-otp.usecase.js:34:23)\n    at process.processTicksAndRejections (node:internal/process/task_queues:105:5)\n    at async sendOtp (file:///G:/CarryGo/CarryGo/CarryGo-smart-parcel-delivery-Server/dist/Interface_Adapters/controllers/AuthController.js:35:28)","timestamp":"2025-11-05T05:51:21.970Z"}
{"level":"info","message":"[2025-11-05T05:51:21.971Z] POST /api/user/send-otp 500 - 656ms - IP: ::1-------[object Object]","timestamp":"2025-11-05T05:51:21.971Z"}
{"level":"error","message":"User already registered","stack":"Error: User already registered\n    at SendOtpUseCase.execute (file:///G:/CarryGo/CarryGo/CarryGo-smart-parcel-delivery-Server/dist/Application/useCase/send-otp.usecase.js:34:23)\n    at process.processTicksAndRejections (node:internal/process/task_queues:105:5)\n    at async sendOtp (file:///G:/CarryGo/CarryGo/CarryGo-smart-parcel-delivery-Server/dist/Interface_Adapters/controllers/AuthController.js:35:28)","timestamp":"2025-11-05T05:51:22.094Z"}
{"level":"info","message":"[2025-11-05T05:51:22.095Z] POST /api/user/send-otp 500 - 234ms - IP: ::1-------[object Object]","timestamp":"2025-11-05T05:51:22.095Z"}
{"level":"error","message":"User already registered","stack":"Error: User already registered\n    at SendOtpUseCase.execute (file:///G:/CarryGo/CarryGo/CarryGo-smart-parcel-delivery-Server/dist/Application/useCase/send-otp.usecase.js:34:23)\n    at process.processTicksAndRejections (node:internal/process/task_queues:105:5)\n    at async sendOtp (file:///G:/CarryGo/CarryGo/CarryGo-smart-parcel-delivery-Server/dist/Interface_Adapters/controllers/AuthController.js:35:28)","timestamp":"2025-11-05T05:51:22.384Z"}
{"level":"info","message":"[2025-11-05T05:51:22.385Z] POST /api/user/send-otp 500 - 833ms - IP: ::1-------[object Object]","timestamp":"2025-11-05T05:51:22.385Z"}
{"level":"error","message":"User already registered","stack":"Error: User already registered\n    at SendOtpUseCase.execute (file:///G:/CarryGo/CarryGo/CarryGo-smart-parcel-delivery-Server/dist/Application/useCase/send-otp.usecase.js:34:23)\n    at process.processTicksAndRejections (node:internal/process/task_queues:105:5)\n    at async sendOtp (file:///G:/CarryGo/CarryGo/CarryGo-smart-parcel-delivery-Server/dist/Interface_Adapters/controllers/AuthController.js:35:28)","timestamp":"2025-11-05T05:51:22.445Z"}
{"level":"info","message":"[2025-11-05T05:51:22.446Z] POST /api/user/send-otp 500 - 213ms - IP: ::1-------[object Object]","timestamp":"2025-11-05T05:51:22.446Z"}
{"level":"error","message":"User already registered","stack":"Error: User already registered\n    at SendOtpUseCase.execute (file:///G:/CarryGo/CarryGo/CarryGo-smart-parcel-delivery-Server/dist/Application/useCase/send-otp.usecase.js:34:23)\n    at process.processTicksAndRejections (node:internal/process/task_queues:105:5)\n    at async sendOtp (file:///G:/CarryGo/CarryGo/CarryGo-smart-parcel-delivery-Server/dist/Interface_Adapters/controllers/AuthController.js:35:28)","timestamp":"2025-11-05T05:51:22.498Z"}
{"level":"info","message":"[2025-11-05T05:51:22.500Z] POST /api/user/send-otp 500 - 218ms - IP: ::1-------[object Object]","timestamp":"2025-11-05T05:51:22.500Z"}
{"level":"error","message":"User already registered","stack":"Error: User already registered\n    at SendOtpUseCase.execute (file:///G:/CarryGo/CarryGo/CarryGo-smart-parcel-delivery-Server/dist/Application/useCase/send-otp.usecase.js:34:23)\n    at process.processTicksAndRejections (node:internal/process/task_queues:105:5)\n    at async sendOtp (file:///G:/CarryGo/CarryGo/CarryGo-smart-parcel-delivery-Server/dist/Interface_Adapters/controllers/AuthController.js:35:28)","timestamp":"2025-11-05T05:51:22.707Z"}
{"level":"info","message":"[2025-11-05T05:51:22.708Z] POST /api/user/send-otp 500 - 890ms - IP: ::1-------[object Object]","timestamp":"2025-11-05T05:51:22.708Z"}
{"level":"info","message":" server is running, http://localhost:3000","timestamp":"2025-11-05T18:13:40.015Z"}
{"level":"info","message":"mongoDB connected: ac-8jqrmm4-shard-00-02.sygyztr.mongodb.net","timestamp":"2025-11-05T18:13:41.565Z"}
{"level":"info","message":"[2025-11-05T18:15:07.675Z] OPTIONS /api/user/send-otp 204 - 3ms - IP: ::1-------undefined","timestamp":"2025-11-05T18:15:07.675Z"}
{"level":"error","message":"User already registered","stack":"Error: User already registered\n    at SendOtpUseCase.execute (file:///G:/CarryGo/CarryGo/CarryGo-smart-parcel-delivery-Server/dist/Application/useCase/send-otp.usecase.js:34:23)\n    at process.processTicksAndRejections (node:internal/process/task_queues:105:5)\n    at async sendOtp (file:///G:/CarryGo/CarryGo/CarryGo-smart-parcel-delivery-Server/dist/Interface_Adapters/controllers/AuthController.js:29:28)","timestamp":"2025-11-05T18:15:08.262Z"}
{"level":"info","message":"[2025-11-05T18:15:08.266Z] POST /api/user/send-otp 500 - 375ms - IP: ::1-------[object Object]","timestamp":"2025-11-05T18:15:08.266Z"}
{"level":"info","message":"[2025-11-05T18:15:13.538Z] OPTIONS /api/user/send-otp 204 - 1ms - IP: ::1-------undefined","timestamp":"2025-11-05T18:15:13.538Z"}
{"level":"error","message":"User already registered","stack":"Error: User already registered\n    at SendOtpUseCase.execute (file:///G:/CarryGo/CarryGo/CarryGo-smart-parcel-delivery-Server/dist/Application/useCase/send-otp.usecase.js:34:23)\n    at process.processTicksAndRejections (node:internal/process/task_queues:105:5)\n    at async sendOtp (file:///G:/CarryGo/CarryGo/CarryGo-smart-parcel-delivery-Server/dist/Interface_Adapters/controllers/AuthController.js:29:28)","timestamp":"2025-11-05T18:15:13.783Z"}
{"level":"info","message":"[2025-11-05T18:15:13.784Z] POST /api/user/send-otp 500 - 244ms - IP: ::1-------[object Object]","timestamp":"2025-11-05T18:15:13.784Z"}
{"level":"info","message":"[2025-11-05T18:15:19.697Z] OPTIONS /api/user/send-otp 204 - 0ms - IP: ::1-------undefined","timestamp":"2025-11-05T18:15:19.697Z"}
{"level":"info","message":"[2025-11-05T18:15:26.906Z] POST /api/user/send-otp 200 - 7208ms - IP: ::1-------[object Object]","timestamp":"2025-11-05T18:15:26.906Z"}
